/home/g051304/.conda/envs/dl21/lib/python3.10/site-packages/torch/utils/data/dataloader.py:563: UserWarning: This DataLoader will create 4 worker processes in total. Our suggested max number of worker in current system is 2, which is smaller than what this DataLoader is going to create. Please be aware that excessive worker creation might get DataLoader running slow or even freeze, lower the worker number to avoid potential slowness/freeze if necessary.
  warnings.warn(_create_warning_msg(
/home/g051304/.conda/envs/dl21/lib/python3.10/site-packages/torchvision/models/_utils.py:208: UserWarning: The parameter 'pretrained' is deprecated since 0.13 and will be removed in 0.15, please use 'weights' instead.
  warnings.warn(
/home/g051304/.conda/envs/dl21/lib/python3.10/site-packages/torchvision/models/_utils.py:223: UserWarning: Arguments other than a weight enum or `None` for 'weights' are deprecated since 0.13 and will be removed in 0.15. The current behavior is equivalent to passing `weights=ResNet18_Weights.IMAGENET1K_V1`. You can also use `weights=ResNet18_Weights.DEFAULT` to get the most up-to-date weights.
  warnings.warn(msg)
Files already downloaded and verified
Files already downloaded and verified
Beginning training from epoch: 1
Train Loss 0.314
Train Loss 1.720
Train Loss 1.438
Train Loss 1.290
Train Loss 1.253
Train Loss 1.187
Train Loss 1.124
Train Loss 1.123
Epoch   1 | Time   105 | Train Loss 1.1070 | Test Loss 0.001 | Test Error 26.12
Train Loss 0.099
Train Loss 1.055
Train Loss 1.068
Train Loss 0.996
Train Loss 1.033
Train Loss 1.004
Train Loss 0.972
Train Loss 0.996
Epoch   2 | Time    87 | Train Loss 0.9783 | Test Loss 0.001 | Test Error 22.22
Train Loss 0.093
Train Loss 0.941
Train Loss 0.952
Train Loss 0.930
Train Loss 0.882
Train Loss 0.935
Train Loss 0.865
Train Loss 0.900
Epoch   3 | Time    88 | Train Loss 0.9032 | Test Loss 0.001 | Test Error 22.21
