/home/g051304/.conda/envs/dl21/lib/python3.10/site-packages/torch/utils/data/dataloader.py:563: UserWarning: This DataLoader will create 4 worker processes in total. Our suggested max number of worker in current system is 2, which is smaller than what this DataLoader is going to create. Please be aware that excessive worker creation might get DataLoader running slow or even freeze, lower the worker number to avoid potential slowness/freeze if necessary.
  warnings.warn(_create_warning_msg(
/home/g051304/.conda/envs/dl21/lib/python3.10/site-packages/torchvision/models/_utils.py:208: UserWarning: The parameter 'pretrained' is deprecated since 0.13 and will be removed in 0.15, please use 'weights' instead.
  warnings.warn(
/home/g051304/.conda/envs/dl21/lib/python3.10/site-packages/torchvision/models/_utils.py:223: UserWarning: Arguments other than a weight enum or `None` for 'weights' are deprecated since 0.13 and will be removed in 0.15. The current behavior is equivalent to passing `weights=None`.
  warnings.warn(msg)
Files already downloaded and verified
Files already downloaded and verified
Beginning training from epoch: 1
Train Loss 0.304
Train Loss 2.121
Train Loss 1.960
Train Loss 1.858
Train Loss 1.833
Train Loss 1.762
Train Loss 1.716
Train Loss 1.738
Epoch   1 | Time   130 | Train Loss 1.6817 | Test Loss 0.001 | Test Error 53.03
Train Loss 0.161
Train Loss 1.652
Train Loss 1.644
Train Loss 1.576
Train Loss 1.613
Train Loss 1.569
Train Loss 1.529
Train Loss 1.557
Epoch   2 | Time   124 | Train Loss 1.5242 | Test Loss 0.001 | Test Error 45.83
