/home/g051304/.conda/envs/dl21/lib/python3.10/site-packages/torch/utils/data/dataloader.py:563: UserWarning: This DataLoader will create 4 worker processes in total. Our suggested max number of worker in current system is 2, which is smaller than what this DataLoader is going to create. Please be aware that excessive worker creation might get DataLoader running slow or even freeze, lower the worker number to avoid potential slowness/freeze if necessary.
  warnings.warn(_create_warning_msg(
/home/g051304/.conda/envs/dl21/lib/python3.10/site-packages/torchvision/models/_utils.py:208: UserWarning: The parameter 'pretrained' is deprecated since 0.13 and will be removed in 0.15, please use 'weights' instead.
  warnings.warn(
/home/g051304/.conda/envs/dl21/lib/python3.10/site-packages/torchvision/models/_utils.py:223: UserWarning: Arguments other than a weight enum or `None` for 'weights' are deprecated since 0.13 and will be removed in 0.15. The current behavior is equivalent to passing `weights=None`.
  warnings.warn(msg)
Files already downloaded and verified
Files already downloaded and verified
Beginning training from epoch: 1
Train Loss 0.236
Train Loss 2.125
Train Loss 2.058
Train Loss 2.033
Train Loss 2.019
Train Loss 1.976
Train Loss 1.984
Train Loss 1.992
Epoch   1 | Time    93 | Train Loss 1.9679 | Test Loss 0.002 | Test Error 68.99
Train Loss 0.212
Train Loss 1.964
Train Loss 2.001
Train Loss 2.000
Train Loss 1.965
Train Loss 1.970
Train Loss 1.942
Train Loss 1.930
Epoch   2 | Time    90 | Train Loss 1.9703 | Test Loss 0.002 | Test Error 66.74
