/home/g051304/.conda/envs/dl21/lib/python3.10/site-packages/torch/utils/data/dataloader.py:563: UserWarning: This DataLoader will create 4 worker processes in total. Our suggested max number of worker in current system is 2, which is smaller than what this DataLoader is going to create. Please be aware that excessive worker creation might get DataLoader running slow or even freeze, lower the worker number to avoid potential slowness/freeze if necessary.
  warnings.warn(_create_warning_msg(
/home/g051304/.conda/envs/dl21/lib/python3.10/site-packages/torchvision/models/_utils.py:208: UserWarning: The parameter 'pretrained' is deprecated since 0.13 and will be removed in 0.15, please use 'weights' instead.
  warnings.warn(
/home/g051304/.conda/envs/dl21/lib/python3.10/site-packages/torchvision/models/_utils.py:223: UserWarning: Arguments other than a weight enum or `None` for 'weights' are deprecated since 0.13 and will be removed in 0.15. The current behavior is equivalent to passing `weights=ResNet18_Weights.IMAGENET1K_V1`. You can also use `weights=ResNet18_Weights.DEFAULT` to get the most up-to-date weights.
  warnings.warn(msg)
Downloading: "https://download.pytorch.org/models/resnet18-f37072fd.pth" to /home/g051304/.cache/torch/hub/checkpoints/resnet18-f37072fd.pth

0.0%
0.0%
0.1%
0.1%
0.1%
0.1%
0.1%
0.1%
0.2%
0.2%
0.2%
0.2%
0.2%
0.2%
0.3%
0.3%
0.3%
0.3%
0.3%
0.3%
0.4%
0.4%
0.4%
0.4%
0.4%
0.5%
0.5%
0.5%
0.5%
0.5%
0.5%
0.6%
0.6%
0.6%
0.6%
0.6%
0.6%
0.7%
0.7%
0.7%
0.7%
0.7%
0.8%
0.8%
0.8%
0.8%
0.8%
0.8%
0.9%
0.9%
0.9%
0.9%
0.9%
0.9%
1.0%
1.0%
1.0%
1.0%
1.0%
1.0%
1.1%
1.1%
1.1%
1.1%
1.1%
1.2%
1.2%
1.2%
1.2%
1.2%
1.2%
1.3%
1.3%
1.3%
1.3%
1.3%
1.3%
1.4%
1.4%
1.4%
1.4%
1.4%
1.5%
1.5%
1.5%
1.5%
1.5%
1.5%
1.6%
1.6%
1.6%
1.6%
1.6%
1.6%
1.7%
1.7%
1.7%
1.7%
1.7%
1.7%
1.8%
1.8%
1.8%
1.8%
1.8%
1.9%
1.9%
1.9%
1.9%
1.9%
1.9%
2.0%
2.0%
2.0%
2.0%
2.0%
2.0%
2.1%
2.1%
2.1%
2.1%
2.1%
2.2%
2.2%
2.2%
2.2%
2.2%
2.2%
2.3%
2.3%
2.3%
2.3%
2.3%
2.3%
2.4%
2.4%
2.4%
2.4%
2.4%
2.4%
2.5%
2.5%
2.5%
2.5%
2.5%
2.6%
2.6%
2.6%
2.6%
2.6%
2.6%
2.7%
2.7%
2.7%
2.7%
2.7%
2.7%
2.8%
2.8%
2.8%
2.8%
2.8%
2.9%
2.9%
2.9%
2.9%
2.9%
2.9%
3.0%
3.0%
3.0%
3.0%
3.0%
3.0%
3.1%
3.1%
3.1%
3.1%
3.1%
3.1%
3.2%
3.2%
3.2%
3.2%
3.2%
3.3%
3.3%
3.3%
3.3%
3.3%
3.3%
3.4%
3.4%
3.4%
3.4%
3.4%
3.4%
3.5%
3.5%
3.5%
3.5%
3.5%
3.6%
3.6%
3.6%
3.6%
3.6%
3.6%
3.7%
3.7%
3.7%
3.7%
3.7%
3.7%
3.8%
3.8%
3.8%
3.8%
3.8%
3.8%
3.9%
3.9%
3.9%
3.9%
3.9%
4.0%
4.0%
4.0%
4.0%
4.0%
4.0%
4.1%
4.1%
4.1%
4.1%
4.1%
4.1%
4.2%
4.2%
4.2%
4.2%
4.2%
4.3%
4.3%
4.3%
4.3%
4.3%
4.3%
4.4%
4.4%
4.4%
4.4%
4.4%
4.4%
4.5%
4.5%
4.5%
4.5%
4.5%
4.5%
4.6%
4.6%
4.6%
4.6%
4.6%
4.7%
4.7%
4.7%
4.7%
4.7%
4.7%
4.8%
4.8%
4.8%
4.8%
4.8%
4.8%
4.9%
4.9%
4.9%
4.9%
4.9%
5.0%
5.0%
5.0%
5.0%
5.0%
5.0%
5.1%
5.1%
5.1%
5.1%
5.1%
5.1%
5.2%
5.2%
5.2%
5.2%
5.2%
5.2%
5.3%
5.3%
5.3%
5.3%
5.3%
5.4%
5.4%
5.4%
5.4%
5.4%
5.4%
5.5%
5.5%
5.5%
5.5%
5.5%
5.5%
5.6%
5.6%
5.6%
5.6%
5.6%
5.7%
5.7%
5.7%
5.7%
5.7%
5.7%
5.8%
5.8%
5.8%
5.8%
5.8%
5.8%
5.9%
5.9%
5.9%
5.9%
5.9%
5.9%
6.0%
6.0%
6.0%
6.0%
6.0%
6.1%
6.1%
6.1%
6.1%
6.1%
6.1%
6.2%
6.2%
6.2%
6.2%
6.2%
6.2%
6.3%
6.3%
6.3%
6.3%
6.3%
6.3%
6.4%
6.4%
6.4%
6.4%
6.4%
6.5%
6.5%
6.5%
6.5%
6.5%
6.5%
6.6%
6.6%
6.6%
6.6%
6.6%
6.6%
6.7%
6.7%
6.7%
6.7%
6.7%
6.8%
6.8%
6.8%
6.8%
6.8%
6.8%
6.9%
6.9%
6.9%
6.9%
6.9%
6.9%
7.0%
7.0%
7.0%
7.0%
7.0%
7.0%
7.1%
7.1%
7.1%
7.1%
7.1%
7.2%
7.2%
7.2%
7.2%
7.2%
7.2%
7.3%
7.3%
7.3%
7.3%
7.3%
7.3%
7.4%
7.4%
7.4%
7.4%
7.4%
7.5%
7.5%
7.5%
7.5%
7.5%
7.5%
7.6%
7.6%
7.6%
7.6%
7.6%
7.6%
7.7%
7.7%
7.7%
7.7%
7.7%
7.7%
7.8%
7.8%
7.8%
7.8%
7.8%
7.9%
7.9%
7.9%
7.9%
7.9%
7.9%
8.0%
8.0%
8.0%
8.0%
8.0%
8.0%
8.1%
8.1%
8.1%
8.1%
8.1%
8.2%
8.2%
8.2%
8.2%
8.2%
8.2%
8.3%
8.3%
8.3%
8.3%
8.3%
8.3%
8.4%
8.4%
8.4%
8.4%
8.4%
8.4%
8.5%
8.5%
8.5%
8.5%
8.5%
8.6%
8.6%
8.6%
8.6%
8.6%
8.6%
8.7%
8.7%
8.7%
8.7%
8.7%
8.7%
8.8%
8.8%
8.8%
8.8%
8.8%
8.9%
8.9%
8.9%
8.9%
8.9%
8.9%
9.0%
9.0%
9.0%
9.0%
9.0%
9.0%
9.1%
9.1%
9.1%
9.1%
9.1%
9.1%
9.2%
9.2%
9.2%
9.2%
9.2%
9.3%
9.3%
9.3%
9.3%
9.3%
9.3%
9.4%
9.4%
9.4%
9.4%
9.4%
9.4%
9.5%
9.5%
9.5%
9.5%
9.5%
9.6%
9.6%
9.6%
9.6%
9.6%
9.6%
9.7%
9.7%
9.7%
9.7%
9.7%
9.7%
9.8%
9.8%
9.8%
9.8%
9.8%
9.8%
9.9%
9.9%
9.9%
9.9%
9.9%
10.0%
10.0%
10.0%
10.0%
10.0%
10.0%
10.1%
10.1%
10.1%
10.1%
10.1%
10.1%
10.2%
10.2%
10.2%
10.2%
10.2%
10.3%
10.3%
10.3%
10.3%
10.3%
10.3%
10.4%
10.4%
10.4%
10.4%
10.4%
10.4%
10.5%
10.5%
10.5%
10.5%
10.5%
10.5%
10.6%
10.6%
10.6%
10.6%
10.6%
10.7%
10.7%
10.7%
10.7%
10.7%
10.7%
10.8%
10.8%
10.8%
10.8%
10.8%
10.8%
10.9%
10.9%
10.9%
10.9%
10.9%
11.0%
11.0%
11.0%
11.0%
11.0%
11.0%
11.1%
11.1%
11.1%
11.1%
11.1%
11.1%
11.2%
11.2%
11.2%
11.2%
11.2%
11.2%
11.3%
11.3%
11.3%
11.3%
11.3%
11.4%
11.4%
11.4%
11.4%
11.4%
11.4%
11.5%
11.5%
11.5%
11.5%
11.5%
11.5%
11.6%
11.6%
11.6%
11.6%
11.6%
11.7%
11.7%
11.7%
11.7%
11.7%
11.7%
11.8%
11.8%
11.8%
11.8%
11.8%
11.8%
11.9%
11.9%
11.9%
11.9%
11.9%
11.9%
12.0%
12.0%
12.0%
12.0%
12.0%
12.1%
12.1%
12.1%
12.1%
12.1%
12.1%
12.2%
12.2%
12.2%
12.2%
12.2%
12.2%
12.3%
12.3%
12.3%
12.3%
12.3%
12.3%
12.4%
12.4%
12.4%
12.4%
12.4%
12.5%
12.5%
12.5%
12.5%
12.5%
12.5%
12.6%
12.6%
12.6%
12.6%
12.6%
12.6%
12.7%
12.7%
12.7%
12.7%
12.7%
12.8%
12.8%
12.8%
12.8%
12.8%
12.8%
12.9%
12.9%
12.9%
12.9%
12.9%
12.9%
13.0%
13.0%
13.0%
13.0%
13.0%
13.0%
13.1%
13.1%
13.1%
13.1%
13.1%
13.2%
13.2%
13.2%
13.2%
13.2%
13.2%
13.3%
13.3%
13.3%
13.3%
13.3%
13.3%
13.4%
13.4%
13.4%
13.4%
13.4%
13.5%
13.5%
13.5%
13.5%
13.5%
13.5%
13.6%
13.6%
13.6%
13.6%
13.6%
13.6%
13.7%
13.7%
13.7%
13.7%
13.7%
13.7%
13.8%
13.8%
13.8%
13.8%
13.8%
13.9%
13.9%
13.9%
13.9%
13.9%
13.9%
14.0%
14.0%
14.0%
14.0%
14.0%
14.0%
14.1%
14.1%
14.1%
14.1%
14.1%
14.2%
14.2%
14.2%
14.2%
14.2%
14.2%
14.3%
14.3%
14.3%
14.3%
14.3%
14.3%
14.4%
14.4%
14.4%
14.4%
14.4%
14.4%
14.5%
14.5%
14.5%
14.5%
14.5%
14.6%
14.6%
14.6%
14.6%
14.6%
14.6%
14.7%
14.7%
14.7%
14.7%
14.7%
14.7%
14.8%
14.8%
14.8%
14.8%
14.8%
14.9%
14.9%
14.9%
14.9%
14.9%
14.9%
15.0%
15.0%
15.0%
15.0%
15.0%
15.0%
15.1%
15.1%
15.1%
15.1%
15.1%
15.1%
15.2%
15.2%
15.2%
15.2%
15.2%
15.3%
15.3%
15.3%
15.3%
15.3%
15.3%
15.4%
15.4%
15.4%
15.4%
15.4%
15.4%
15.5%
15.5%
15.5%
15.5%
15.5%
15.6%
15.6%
15.6%
15.6%
15.6%
15.6%
15.7%
15.7%
15.7%
15.7%
15.7%
15.7%
15.8%
15.8%
15.8%
15.8%
15.8%
15.8%
15.9%
15.9%
15.9%
15.9%
15.9%
16.0%
16.0%
16.0%
16.0%
16.0%
16.0%
16.1%
16.1%
16.1%
16.1%
16.1%
16.1%
16.2%
16.2%
16.2%
16.2%
16.2%
16.3%
16.3%
16.3%
16.3%
16.3%
16.3%
16.4%
16.4%
16.4%
16.4%
16.4%
16.4%
16.5%
16.5%
16.5%
16.5%
16.5%
16.5%
16.6%
16.6%
16.6%
16.6%
16.6%
16.7%
16.7%
16.7%
16.7%
16.7%
16.7%
16.8%
16.8%
16.8%
16.8%
16.8%
16.8%
16.9%
16.9%
16.9%
16.9%
16.9%
17.0%
17.0%
17.0%
17.0%
17.0%
17.0%
17.1%
17.1%
17.1%
17.1%
17.1%
17.1%
17.2%
17.2%
17.2%
17.2%
17.2%
17.2%
17.3%
17.3%
17.3%
17.3%
17.3%
17.4%
17.4%
17.4%
17.4%
17.4%
17.4%
17.5%
17.5%
17.5%
17.5%
17.5%
17.5%
17.6%
17.6%
17.6%
17.6%
17.6%
17.7%
17.7%
17.7%
17.7%
17.7%
17.7%
17.8%
17.8%
17.8%
17.8%
17.8%
17.8%
17.9%
17.9%
17.9%
17.9%
17.9%
17.9%
18.0%
18.0%
18.0%
18.0%
18.0%
18.1%
18.1%
18.1%
18.1%
18.1%
18.1%
18.2%
18.2%
18.2%
18.2%
18.2%
18.2%
18.3%
18.3%
18.3%
18.3%
18.3%
18.3%
18.4%
18.4%
18.4%
18.4%
18.4%
18.5%
18.5%
18.5%
18.5%
18.5%
18.5%
18.6%
18.6%
18.6%
18.6%
18.6%
18.6%
18.7%
18.7%
18.7%
18.7%
18.7%
18.8%
18.8%
18.8%
18.8%
18.8%
18.8%
18.9%
18.9%
18.9%
18.9%
18.9%
18.9%
19.0%
19.0%
19.0%
19.0%
19.0%
19.0%
19.1%
19.1%
19.1%
19.1%
19.1%
19.2%
19.2%
19.2%
19.2%
19.2%
19.2%
19.3%
19.3%
19.3%
19.3%
19.3%
19.3%
19.4%
19.4%
19.4%
19.4%
19.4%
19.5%
19.5%
19.5%
19.5%
19.5%
19.5%
19.6%
19.6%
19.6%
19.6%
19.6%
19.6%
19.7%
19.7%
19.7%
19.7%
19.7%
19.7%
19.8%
19.8%
19.8%
19.8%
19.8%
19.9%
19.9%
19.9%
19.9%
19.9%
19.9%
20.0%
20.0%
20.0%
20.0%
20.0%
20.0%
20.1%
20.1%
20.1%
20.1%
20.1%
20.2%
20.2%
20.2%
20.2%
20.2%
20.2%
20.3%
20.3%
20.3%
20.3%
20.3%
20.3%
20.4%
20.4%
20.4%
20.4%
20.4%
20.4%
20.5%
20.5%
20.5%
20.5%
20.5%
20.6%
20.6%
20.6%
20.6%
20.6%
20.6%
20.7%
20.7%
20.7%
20.7%
20.7%
20.7%
20.8%
20.8%
20.8%
20.8%
20.8%
20.9%
20.9%
20.9%
20.9%
20.9%
20.9%
21.0%
21.0%
21.0%
21.0%
21.0%
21.0%
21.1%
21.1%
21.1%
21.1%
21.1%
21.1%
21.2%
21.2%
21.2%
21.2%
21.2%
21.3%
21.3%
21.3%
21.3%
21.3%
21.3%
21.4%
21.4%
21.4%
21.4%
21.4%
21.4%
21.5%
21.5%
21.5%
21.5%
21.5%
21.6%
21.6%
21.6%
21.6%
21.6%
21.6%
21.7%
21.7%
21.7%
21.7%
21.7%
21.7%
21.8%
21.8%
21.8%
21.8%
21.8%
21.8%
21.9%
21.9%
21.9%
21.9%
21.9%
22.0%
22.0%
22.0%
22.0%
22.0%
22.0%
22.1%
22.1%
22.1%
22.1%
22.1%
22.1%
22.2%
22.2%
22.2%
22.2%
22.2%
22.3%
22.3%
22.3%
22.3%
22.3%
22.3%
22.4%
22.4%
22.4%
22.4%
22.4%
22.4%
22.5%
22.5%
22.5%
22.5%
22.5%
22.5%
22.6%
22.6%
22.6%
22.6%
22.6%
22.7%
22.7%
22.7%
22.7%
22.7%
22.7%
22.8%
22.8%
22.8%
22.8%
22.8%
22.8%
22.9%
22.9%
22.9%
22.9%
22.9%
23.0%
23.0%
23.0%
23.0%
23.0%
23.0%
23.1%
23.1%
23.1%
23.1%
23.1%
23.1%
23.2%
23.2%
23.2%
23.2%
23.2%
23.2%
23.3%
23.3%
23.3%
23.3%
23.3%
23.4%
23.4%
23.4%
23.4%
23.4%
23.4%
23.5%
23.5%
23.5%
23.5%
23.5%
23.5%
23.6%
23.6%
23.6%
23.6%
23.6%
23.7%
23.7%
23.7%
23.7%
23.7%
23.7%
23.8%
23.8%
23.8%
23.8%
23.8%
23.8%
23.9%
23.9%
23.9%
23.9%
23.9%
23.9%
24.0%
24.0%
24.0%
24.0%
24.0%
24.1%
24.1%
24.1%
24.1%
24.1%
24.1%
24.2%
24.2%
24.2%
24.2%
24.2%
24.2%
24.3%
24.3%
24.3%
24.3%
24.3%
24.4%
24.4%
24.4%
24.4%
24.4%
24.4%
24.5%
24.5%
24.5%
24.5%
24.5%
24.5%
24.6%
24.6%
24.6%
24.6%
24.6%
24.6%
24.7%
24.7%
24.7%
24.7%
24.7%
24.8%
24.8%
24.8%
24.8%
24.8%
24.8%
24.9%
24.9%
24.9%
24.9%
24.9%
24.9%
25.0%
25.0%
25.0%
25.0%
25.0%
25.0%
25.1%
25.1%
25.1%
25.1%
25.1%
25.2%
25.2%
25.2%
25.2%
25.2%
25.2%
25.3%
25.3%
25.3%
25.3%
25.3%
25.3%
25.4%
25.4%
25.4%
25.4%
25.4%
25.5%
25.5%
25.5%
25.5%
25.5%
25.5%
25.6%
25.6%
25.6%
25.6%
25.6%
25.6%
25.7%
25.7%
25.7%
25.7%
25.7%
25.7%
25.8%
25.8%
25.8%
25.8%
25.8%
25.9%
25.9%
25.9%
25.9%
25.9%
25.9%
26.0%
26.0%
26.0%
26.0%
26.0%
26.0%
26.1%
26.1%
26.1%
26.1%
26.1%
26.2%
26.2%
26.2%
26.2%
26.2%
26.2%
26.3%
26.3%
26.3%
26.3%
26.3%
26.3%
26.4%
26.4%
26.4%
26.4%
26.4%
26.4%
26.5%
26.5%
26.5%
26.5%
26.5%
26.6%
26.6%
26.6%
26.6%
26.6%
26.6%
26.7%
26.7%
26.7%
26.7%
26.7%
26.7%
26.8%
26.8%
26.8%
26.8%
26.8%
26.9%
26.9%
26.9%
26.9%
26.9%
26.9%
27.0%
27.0%
27.0%
27.0%
27.0%
27.0%
27.1%
27.1%
27.1%
27.1%
27.1%
27.1%
27.2%
27.2%
27.2%
27.2%
27.2%
27.3%
27.3%
27.3%
27.3%
27.3%
27.3%
27.4%
27.4%
27.4%
27.4%
27.4%
27.4%
27.5%
27.5%
27.5%
27.5%
27.5%
27.6%
27.6%
27.6%
27.6%
27.6%
27.6%
27.7%
27.7%
27.7%
27.7%
27.7%
27.7%
27.8%
27.8%
27.8%
27.8%
27.8%
27.8%
27.9%
27.9%
27.9%
27.9%
27.9%
28.0%
28.0%
28.0%
28.0%
28.0%
28.0%
28.1%
28.1%
28.1%
28.1%
28.1%
28.1%
28.2%
28.2%
28.2%
28.2%
28.2%
28.3%
28.3%
28.3%
28.3%
28.3%
28.3%
28.4%
28.4%
28.4%
28.4%
28.4%
28.4%
28.5%
28.5%
28.5%
28.5%
28.5%
28.5%
28.6%
28.6%
28.6%
28.6%
28.6%
28.7%
28.7%
28.7%
28.7%
28.7%
28.7%
28.8%
28.8%
28.8%
28.8%
28.8%
28.8%
28.9%
28.9%
28.9%
28.9%
28.9%
29.0%
29.0%
29.0%
29.0%
29.0%
29.0%
29.1%
29.1%
29.1%
29.1%
29.1%
29.1%
29.2%
29.2%
29.2%
29.2%
29.2%
29.2%
29.3%
29.3%
29.3%
29.3%
29.3%
29.4%
29.4%
29.4%
29.4%
29.4%
29.4%
29.5%
29.5%
29.5%
29.5%
29.5%
29.5%
29.6%
29.6%
29.6%
29.6%
29.6%
29.7%
29.7%
29.7%
29.7%
29.7%
29.7%
29.8%
29.8%
29.8%
29.8%
29.8%
29.8%
29.9%
29.9%
29.9%
29.9%
29.9%
29.9%
30.0%
30.0%
30.0%
30.0%
30.0%
30.1%
30.1%
30.1%
30.1%
30.1%
30.1%
30.2%
30.2%
30.2%
30.2%
30.2%
30.2%
30.3%
30.3%
30.3%
30.3%
30.3%
30.4%
30.4%
30.4%
30.4%
30.4%
30.4%
30.5%
30.5%
30.5%
30.5%
30.5%
30.5%
30.6%
30.6%
30.6%
30.6%
30.6%
30.6%
30.7%
30.7%
30.7%
30.7%
30.7%
30.8%
30.8%
30.8%
30.8%
30.8%
30.8%
30.9%
30.9%
30.9%
30.9%
30.9%
30.9%
31.0%
31.0%
31.0%
31.0%
31.0%
31.0%
31.1%
31.1%
31.1%
31.1%
31.1%
31.2%
31.2%
31.2%
31.2%
31.2%
31.2%
31.3%
31.3%
31.3%
31.3%
31.3%
31.3%
31.4%
31.4%
31.4%
31.4%
31.4%
31.5%
31.5%
31.5%
31.5%
31.5%
31.5%
31.6%
31.6%
31.6%
31.6%
31.6%
31.6%
31.7%
31.7%
31.7%
31.7%
31.7%
31.7%
31.8%
31.8%
31.8%
31.8%
31.8%
31.9%
31.9%
31.9%
31.9%
31.9%
31.9%
32.0%
32.0%
32.0%
32.0%
32.0%
32.0%
32.1%
32.1%
32.1%
32.1%
32.1%
32.2%
32.2%
32.2%
32.2%
32.2%
32.2%
32.3%
32.3%
32.3%
32.3%
32.3%
32.3%
32.4%
32.4%
32.4%
32.4%
32.4%
32.4%
32.5%
32.5%
32.5%
32.5%
32.5%
32.6%
32.6%
32.6%
32.6%
32.6%
32.6%
32.7%
32.7%
32.7%
32.7%
32.7%
32.7%
32.8%
32.8%
32.8%
32.8%
32.8%
32.9%
32.9%
32.9%
32.9%
32.9%
32.9%
33.0%
33.0%
33.0%
33.0%
33.0%
33.0%
33.1%
33.1%
33.1%
33.1%
33.1%
33.1%
33.2%
33.2%
33.2%
33.2%
33.2%
33.3%
33.3%
33.3%
33.3%
33.3%
33.3%
33.4%
33.4%
33.4%
33.4%
33.4%
33.4%
33.5%
33.5%
33.5%
33.5%
33.5%
33.6%
33.6%
33.6%
33.6%
33.6%
33.6%
33.7%
33.7%
33.7%
33.7%
33.7%
33.7%
33.8%
33.8%
33.8%
33.8%
33.8%
33.8%
33.9%
33.9%
33.9%
33.9%
33.9%
34.0%
34.0%
34.0%
34.0%
34.0%
34.0%
34.1%
34.1%
34.1%
34.1%
34.1%
34.1%
34.2%
34.2%
34.2%
34.2%
34.2%
34.3%
34.3%
34.3%
34.3%
34.3%
34.3%
34.4%
34.4%
34.4%
34.4%
34.4%
34.4%
34.5%
34.5%
34.5%
34.5%
34.5%
34.5%
34.6%
34.6%
34.6%
34.6%
34.6%
34.7%
34.7%
34.7%
34.7%
34.7%
34.7%
34.8%
34.8%
34.8%
34.8%
34.8%
34.8%
34.9%
34.9%
34.9%
34.9%
34.9%
35.0%
35.0%
35.0%
35.0%
35.0%
35.0%
35.1%
35.1%
35.1%
35.1%
35.1%
35.1%
35.2%
35.2%
35.2%
35.2%
35.2%
35.2%
35.3%
35.3%
35.3%
35.3%
35.3%
35.4%
35.4%
35.4%
35.4%
35.4%
35.4%
35.5%
35.5%
35.5%
35.5%
35.5%
35.5%
35.6%
35.6%
35.6%
35.6%
35.6%
35.7%
35.7%
35.7%
35.7%
35.7%
35.7%
35.8%
35.8%
35.8%
35.8%
35.8%
35.8%
35.9%
35.9%
35.9%
35.9%
35.9%
35.9%
36.0%
36.0%
36.0%
36.0%
36.0%
36.1%
36.1%
36.1%
36.1%
36.1%
36.1%
36.2%
36.2%
36.2%
36.2%
36.2%
36.2%
36.3%
36.3%
36.3%
36.3%
36.3%
36.4%
36.4%
36.4%
36.4%
36.4%
36.4%
36.5%
36.5%
36.5%
36.5%
36.5%
36.5%
36.6%
36.6%
36.6%
36.6%
36.6%
36.6%
36.7%
36.7%
36.7%
36.7%
36.7%
36.8%
36.8%
36.8%
36.8%
36.8%
36.8%
36.9%
36.9%
36.9%
36.9%
36.9%
36.9%
37.0%
37.0%
37.0%
37.0%
37.0%
37.0%
37.1%
37.1%
37.1%
37.1%
37.1%
37.2%
37.2%
37.2%
37.2%
37.2%
37.2%
37.3%
37.3%
37.3%
37.3%
37.3%
37.3%
37.4%
37.4%
37.4%
37.4%
37.4%
37.5%
37.5%
37.5%
37.5%
37.5%
37.5%
37.6%
37.6%
37.6%
37.6%
37.6%
37.6%
37.7%
37.7%
37.7%
37.7%
37.7%
37.7%
37.8%
37.8%
37.8%
37.8%
37.8%
37.9%
37.9%
37.9%
37.9%
37.9%
37.9%
38.0%
38.0%
38.0%
38.0%
38.0%
38.0%
38.1%
38.1%
38.1%
38.1%
38.1%
38.2%
38.2%
38.2%
38.2%
38.2%
38.2%
38.3%
38.3%
38.3%
38.3%
38.3%
38.3%
38.4%
38.4%
38.4%
38.4%
38.4%
38.4%
38.5%
38.5%
38.5%
38.5%
38.5%
38.6%
38.6%
38.6%
38.6%
38.6%
38.6%
38.7%
38.7%
38.7%
38.7%
38.7%
38.7%
38.8%
38.8%
38.8%
38.8%
38.8%
38.9%
38.9%
38.9%
38.9%
38.9%
38.9%
39.0%
39.0%
39.0%
39.0%
39.0%
39.0%
39.1%
39.1%
39.1%
39.1%
39.1%
39.1%
39.2%
39.2%
39.2%
39.2%
39.2%
39.3%
39.3%
39.3%
39.3%
39.3%
39.3%
39.4%
39.4%
39.4%
39.4%
39.4%
39.4%
39.5%
39.5%
39.5%
39.5%
39.5%
39.6%
39.6%
39.6%
39.6%
39.6%
39.6%
39.7%
39.7%
39.7%
39.7%
39.7%
39.7%
39.8%
39.8%
39.8%
39.8%
39.8%
39.8%
39.9%
39.9%
39.9%
39.9%
39.9%
40.0%
40.0%
40.0%
40.0%
40.0%
40.0%
40.1%
40.1%
40.1%
40.1%
40.1%
40.1%
40.2%
40.2%
40.2%
40.2%
40.2%
40.3%
40.3%
40.3%
40.3%
40.3%
40.3%
40.4%
40.4%
40.4%
40.4%
40.4%
40.4%
40.5%
40.5%
40.5%
40.5%
40.5%
40.5%
40.6%
40.6%
40.6%
40.6%
40.6%
40.7%
40.7%
40.7%
40.7%
40.7%
40.7%
40.8%
40.8%
40.8%
40.8%
40.8%
40.8%
40.9%
40.9%
40.9%
40.9%
40.9%
41.0%
41.0%
41.0%
41.0%
41.0%
41.0%
41.1%
41.1%
41.1%
41.1%
41.1%
41.1%
41.2%
41.2%
41.2%
41.2%
41.2%
41.2%
41.3%
41.3%
41.3%
41.3%
41.3%
41.4%
41.4%
41.4%
41.4%
41.4%
41.4%
41.5%
41.5%
41.5%
41.5%
41.5%
41.5%
41.6%
41.6%
41.6%
41.6%
41.6%
41.7%
41.7%
41.7%
41.7%
41.7%
41.7%
41.8%
41.8%
41.8%
41.8%
41.8%
41.8%
41.9%
41.9%
41.9%
41.9%
41.9%
41.9%
42.0%
42.0%
42.0%
42.0%
42.0%
42.1%
42.1%
42.1%
42.1%
42.1%
42.1%
42.2%
42.2%
42.2%
42.2%
42.2%
42.2%
42.3%
42.3%
42.3%
42.3%
42.3%
42.4%
42.4%
42.4%
42.4%
42.4%
42.4%
42.5%
42.5%
42.5%
42.5%
42.5%
42.5%
42.6%
42.6%
42.6%
42.6%
42.6%
42.6%
42.7%
42.7%
42.7%
42.7%
42.7%
42.8%
42.8%
42.8%
42.8%
42.8%
42.8%
42.9%
42.9%
42.9%
42.9%
42.9%
42.9%
43.0%
43.0%
43.0%
43.0%
43.0%
43.0%
43.1%
43.1%
43.1%
43.1%
43.1%
43.2%
43.2%
43.2%
43.2%
43.2%
43.2%
43.3%
43.3%
43.3%
43.3%
43.3%
43.3%
43.4%
43.4%
43.4%
43.4%
43.4%
43.5%
43.5%
43.5%
43.5%
43.5%
43.5%
43.6%
43.6%
43.6%
43.6%
43.6%
43.6%
43.7%
43.7%
43.7%
43.7%
43.7%
43.7%
43.8%
43.8%
43.8%
43.8%
43.8%
43.9%
43.9%
43.9%
43.9%
43.9%
43.9%
44.0%
44.0%
44.0%
44.0%
44.0%
44.0%
44.1%
44.1%
44.1%
44.1%
44.1%
44.2%
44.2%
44.2%
44.2%
44.2%
44.2%
44.3%
44.3%
44.3%
44.3%
44.3%
44.3%
44.4%
44.4%
44.4%
44.4%
44.4%
44.4%
44.5%
44.5%
44.5%
44.5%
44.5%
44.6%
44.6%
44.6%
44.6%
44.6%
44.6%
44.7%
44.7%
44.7%
44.7%
44.7%
44.7%
44.8%
44.8%
44.8%
44.8%
44.8%
44.9%
44.9%
44.9%
44.9%
44.9%
44.9%
45.0%
45.0%
45.0%
45.0%
45.0%
45.0%
45.1%
45.1%
45.1%
45.1%
45.1%
45.1%
45.2%
45.2%
45.2%
45.2%
45.2%
45.3%
45.3%
45.3%
45.3%
45.3%
45.3%
45.4%
45.4%
45.4%
45.4%
45.4%
45.4%
45.5%
45.5%
45.5%
45.5%
45.5%
45.6%
45.6%
45.6%
45.6%
45.6%
45.6%
45.7%
45.7%
45.7%
45.7%
45.7%
45.7%
45.8%
45.8%
45.8%
45.8%
45.8%
45.8%
45.9%
45.9%
45.9%
45.9%
45.9%
46.0%
46.0%
46.0%
46.0%
46.0%
46.0%
46.1%
46.1%
46.1%
46.1%
46.1%
46.1%
46.2%
46.2%
46.2%
46.2%
46.2%
46.3%
46.3%
46.3%
46.3%
46.3%
46.3%
46.4%
46.4%
46.4%
46.4%
46.4%
46.4%
46.5%
46.5%
46.5%
46.5%
46.5%
46.5%
46.6%
46.6%
46.6%
46.6%
46.6%
46.7%
46.7%
46.7%
46.7%
46.7%
46.7%
46.8%
46.8%
46.8%
46.8%
46.8%
46.8%
46.9%
46.9%
46.9%
46.9%
46.9%
47.0%
47.0%
47.0%
47.0%
47.0%
47.0%
47.1%
47.1%
47.1%
47.1%
47.1%
47.1%
47.2%
47.2%
47.2%
47.2%
47.2%
47.2%
47.3%
47.3%
47.3%
47.3%
47.3%
47.4%
47.4%
47.4%
47.4%
47.4%
47.4%
47.5%
47.5%
47.5%
47.5%
47.5%
47.5%
47.6%
47.6%
47.6%
47.6%
47.6%
47.7%
47.7%
47.7%
47.7%
47.7%
47.7%
47.8%
47.8%
47.8%
47.8%
47.8%
47.8%
47.9%
47.9%
47.9%
47.9%
47.9%
47.9%
48.0%
48.0%
48.0%
48.0%
48.0%
48.1%
48.1%
48.1%
48.1%
48.1%
48.1%
48.2%
48.2%
48.2%
48.2%
48.2%
48.2%
48.3%
48.3%
48.3%
48.3%
48.3%
48.4%
48.4%
48.4%
48.4%
48.4%
48.4%
48.5%
48.5%
48.5%
48.5%
48.5%
48.5%
48.6%
48.6%
48.6%
48.6%
48.6%
48.6%
48.7%
48.7%
48.7%
48.7%
48.7%
48.8%
48.8%
48.8%
48.8%
48.8%
48.8%
48.9%
48.9%
48.9%
48.9%
48.9%
48.9%
49.0%
49.0%
49.0%
49.0%
49.0%
49.0%
49.1%
49.1%
49.1%
49.1%
49.1%
49.2%
49.2%
49.2%
49.2%
49.2%
49.2%
49.3%
49.3%
49.3%
49.3%
49.3%
49.3%
49.4%
49.4%
49.4%
49.4%
49.4%
49.5%
49.5%
49.5%
49.5%
49.5%
49.5%
49.6%
49.6%
49.6%
49.6%
49.6%
49.6%
49.7%
49.7%
49.7%
49.7%
49.7%
49.7%
49.8%
49.8%
49.8%
49.8%
49.8%
49.9%
49.9%
49.9%
49.9%
49.9%
49.9%
50.0%
50.0%
50.0%
50.0%
50.0%
50.0%
50.1%
50.1%
50.1%
50.1%
50.1%
50.2%
50.2%
50.2%
50.2%
50.2%
50.2%
50.3%
50.3%
50.3%
50.3%
50.3%
50.3%
50.4%
50.4%
50.4%
50.4%
50.4%
50.4%
50.5%
50.5%
50.5%
50.5%
50.5%
50.6%
50.6%
50.6%
50.6%
50.6%
50.6%
50.7%
50.7%
50.7%
50.7%
50.7%
50.7%
50.8%
50.8%
50.8%
50.8%
50.8%
50.9%
50.9%
50.9%
50.9%
50.9%
50.9%
51.0%
51.0%
51.0%
51.0%
51.0%
51.0%
51.1%
51.1%
51.1%
51.1%
51.1%
51.1%
51.2%
51.2%
51.2%
51.2%
51.2%
51.3%
51.3%
51.3%
51.3%
51.3%
51.3%
51.4%
51.4%
51.4%
51.4%
51.4%
51.4%
51.5%
51.5%
51.5%
51.5%
51.5%
51.6%
51.6%
51.6%
51.6%
51.6%
51.6%
51.7%
51.7%
51.7%
51.7%
51.7%
51.7%
51.8%
51.8%
51.8%
51.8%
51.8%
51.8%
51.9%
51.9%
51.9%
51.9%
51.9%
52.0%
52.0%
52.0%
52.0%
52.0%
52.0%
52.1%
52.1%
52.1%
52.1%
52.1%
52.1%
52.2%
52.2%
52.2%
52.2%
52.2%
52.3%
52.3%
52.3%
52.3%
52.3%
52.3%
52.4%
52.4%
52.4%
52.4%
52.4%
52.4%
52.5%
52.5%
52.5%
52.5%
52.5%
52.5%
52.6%
52.6%
52.6%
52.6%
52.6%
52.7%
52.7%
52.7%
52.7%
52.7%
52.7%
52.8%
52.8%
52.8%
52.8%
52.8%
52.8%
52.9%
52.9%
52.9%
52.9%
52.9%
53.0%
53.0%
53.0%
53.0%
53.0%
53.0%
53.1%
53.1%
53.1%
53.1%
53.1%
53.1%
53.2%
53.2%
53.2%
53.2%
53.2%
53.2%
53.3%
53.3%
53.3%
53.3%
53.3%
53.4%
53.4%
53.4%
53.4%
53.4%
53.4%
53.5%
53.5%
53.5%
53.5%
53.5%
53.5%
53.6%
53.6%
53.6%
53.6%
53.6%
53.7%
53.7%
53.7%
53.7%
53.7%
53.7%
53.8%
53.8%
53.8%
53.8%
53.8%
53.8%
53.9%
53.9%
53.9%
53.9%
53.9%
53.9%
54.0%
54.0%
54.0%
54.0%
54.0%
54.1%
54.1%
54.1%
54.1%
54.1%
54.1%
54.2%
54.2%
54.2%
54.2%
54.2%
54.2%
54.3%
54.3%
54.3%
54.3%
54.3%
54.4%
54.4%
54.4%
54.4%
54.4%
54.4%
54.5%
54.5%
54.5%
54.5%
54.5%
54.5%
54.6%
54.6%
54.6%
54.6%
54.6%
54.6%
54.7%
54.7%
54.7%
54.7%
54.7%
54.8%
54.8%
54.8%
54.8%
54.8%
54.8%
54.9%
54.9%
54.9%
54.9%
54.9%
54.9%
55.0%
55.0%
55.0%
55.0%
55.0%
55.0%
55.1%
55.1%
55.1%
55.1%
55.1%
55.2%
55.2%
55.2%
55.2%
55.2%
55.2%
55.3%
55.3%
55.3%
55.3%
55.3%
55.3%
55.4%
55.4%
55.4%
55.4%
55.4%
55.5%
55.5%
55.5%
55.5%
55.5%
55.5%
55.6%
55.6%
55.6%
55.6%
55.6%
55.6%
55.7%
55.7%
55.7%
55.7%
55.7%
55.7%
55.8%
55.8%
55.8%
55.8%
55.8%
55.9%
55.9%
55.9%
55.9%
55.9%
55.9%
56.0%
56.0%
56.0%
56.0%
56.0%
56.0%
56.1%
56.1%
56.1%
56.1%
56.1%
56.2%
56.2%
56.2%
56.2%
56.2%
56.2%
56.3%
56.3%
56.3%
56.3%
56.3%
56.3%
56.4%
56.4%
56.4%
56.4%
56.4%
56.4%
56.5%
56.5%
56.5%
56.5%
56.5%
56.6%
56.6%
56.6%
56.6%
56.6%
56.6%
56.7%
56.7%
56.7%
56.7%
56.7%
56.7%
56.8%
56.8%
56.8%
56.8%
56.8%
56.9%
56.9%
56.9%
56.9%
56.9%
56.9%
57.0%
57.0%
57.0%
57.0%
57.0%
57.0%
57.1%
57.1%
57.1%
57.1%
57.1%
57.1%
57.2%
57.2%
57.2%
57.2%
57.2%
57.3%
57.3%
57.3%
57.3%
57.3%
57.3%
57.4%
57.4%
57.4%
57.4%
57.4%
57.4%
57.5%
57.5%
57.5%
57.5%
57.5%
57.6%
57.6%
57.6%
57.6%
57.6%
57.6%
57.7%
57.7%
57.7%
57.7%
57.7%
57.7%
57.8%
57.8%
57.8%
57.8%
57.8%
57.8%
57.9%
57.9%
57.9%
57.9%
57.9%
58.0%
58.0%
58.0%
58.0%
58.0%
58.0%
58.1%
58.1%
58.1%
58.1%
58.1%
58.1%
58.2%
58.2%
58.2%
58.2%
58.2%
58.3%
58.3%
58.3%
58.3%
58.3%
58.3%
58.4%
58.4%
58.4%
58.4%
58.4%
58.4%
58.5%
58.5%
58.5%
58.5%
58.5%
58.5%
58.6%
58.6%
58.6%
58.6%
58.6%
58.7%
58.7%
58.7%
58.7%
58.7%
58.7%
58.8%
58.8%
58.8%
58.8%
58.8%
58.8%
58.9%
58.9%
58.9%
58.9%
58.9%
59.0%
59.0%
59.0%
59.0%
59.0%
59.0%
59.1%
59.1%
59.1%
59.1%
59.1%
59.1%
59.2%
59.2%
59.2%
59.2%
59.2%
59.2%
59.3%
59.3%
59.3%
59.3%
59.3%
59.4%
59.4%
59.4%
59.4%
59.4%
59.4%
59.5%
59.5%
59.5%
59.5%
59.5%
59.5%
59.6%
59.6%
59.6%
59.6%
59.6%
59.7%
59.7%
59.7%
59.7%
59.7%
59.7%
59.8%
59.8%
59.8%
59.8%
59.8%
59.8%
59.9%
59.9%
59.9%
59.9%
59.9%
59.9%
60.0%
60.0%
60.0%
60.0%
60.0%
60.1%
60.1%
60.1%
60.1%
60.1%
60.1%
60.2%
60.2%
60.2%
60.2%
60.2%
60.2%
60.3%
60.3%
60.3%
60.3%
60.3%
60.4%
60.4%
60.4%
60.4%
60.4%
60.4%
60.5%
60.5%
60.5%
60.5%
60.5%
60.5%
60.6%
60.6%
60.6%
60.6%
60.6%
60.6%
60.7%
60.7%
60.7%
60.7%
60.7%
60.8%
60.8%
60.8%
60.8%
60.8%
60.8%
60.9%
60.9%
60.9%
60.9%
60.9%
60.9%
61.0%
61.0%
61.0%
61.0%
61.0%
61.1%
61.1%
61.1%
61.1%
61.1%
61.1%
61.2%
61.2%
61.2%
61.2%
61.2%
61.2%
61.3%
61.3%
61.3%
61.3%
61.3%
61.3%
61.4%
61.4%
61.4%
61.4%
61.4%
61.5%
61.5%
61.5%
61.5%
61.5%
61.5%
61.6%
61.6%
61.6%
61.6%
61.6%
61.6%
61.7%
61.7%
61.7%
61.7%
61.7%
61.7%
61.8%
61.8%
61.8%
61.8%
61.8%
61.9%
61.9%
61.9%
61.9%
61.9%
61.9%
62.0%
62.0%
62.0%
62.0%
62.0%
62.0%
62.1%
62.1%
62.1%
62.1%
62.1%
62.2%
62.2%
62.2%
62.2%
62.2%
62.2%
62.3%
62.3%
62.3%
62.3%
62.3%
62.3%
62.4%
62.4%
62.4%
62.4%
62.4%
62.4%
62.5%
62.5%
62.5%
62.5%
62.5%
62.6%
62.6%
62.6%
62.6%
62.6%
62.6%
62.7%
62.7%
62.7%
62.7%
62.7%
62.7%
62.8%
62.8%
62.8%
62.8%
62.8%
62.9%
62.9%
62.9%
62.9%
62.9%
62.9%
63.0%
63.0%
63.0%
63.0%
63.0%
63.0%
63.1%
63.1%
63.1%
63.1%
63.1%
63.1%
63.2%
63.2%
63.2%
63.2%
63.2%
63.3%
63.3%
63.3%
63.3%
63.3%
63.3%
63.4%
63.4%
63.4%
63.4%
63.4%
63.4%
63.5%
63.5%
63.5%
63.5%
63.5%
63.6%
63.6%
63.6%
63.6%
63.6%
63.6%
63.7%
63.7%
63.7%
63.7%
63.7%
63.7%
63.8%
63.8%
63.8%
63.8%
63.8%
63.8%
63.9%
63.9%
63.9%
63.9%
63.9%
64.0%
64.0%
64.0%
64.0%
64.0%
64.0%
64.1%
64.1%
64.1%
64.1%
64.1%
64.1%
64.2%
64.2%
64.2%
64.2%
64.2%
64.3%
64.3%
64.3%
64.3%
64.3%
64.3%
64.4%
64.4%
64.4%
64.4%
64.4%
64.4%
64.5%
64.5%
64.5%
64.5%
64.5%
64.5%
64.6%
64.6%
64.6%
64.6%
64.6%
64.7%
64.7%
64.7%
64.7%
64.7%
64.7%
64.8%
64.8%
64.8%
64.8%
64.8%
64.8%
64.9%
64.9%
64.9%
64.9%
64.9%
65.0%
65.0%
65.0%
65.0%
65.0%
65.0%
65.1%
65.1%
65.1%
65.1%
65.1%
65.1%
65.2%
65.2%
65.2%
65.2%
65.2%
65.2%
65.3%
65.3%
65.3%
65.3%
65.3%
65.4%
65.4%
65.4%
65.4%
65.4%
65.4%
65.5%
65.5%
65.5%
65.5%
65.5%
65.5%
65.6%
65.6%
65.6%
65.6%
65.6%
65.7%
65.7%
65.7%
65.7%
65.7%
65.7%
65.8%
65.8%
65.8%
65.8%
65.8%
65.8%
65.9%
65.9%
65.9%
65.9%
65.9%
65.9%
66.0%
66.0%
66.0%
66.0%
66.0%
66.1%
66.1%
66.1%
66.1%
66.1%
66.1%
66.2%
66.2%
66.2%
66.2%
66.2%
66.2%
66.3%
66.3%
66.3%
66.3%
66.3%
66.4%
66.4%
66.4%
66.4%
66.4%
66.4%
66.5%
66.5%
66.5%
66.5%
66.5%
66.5%
66.6%
66.6%
66.6%
66.6%
66.6%
66.6%
66.7%
66.7%
66.7%
66.7%
66.7%
66.8%
66.8%
66.8%
66.8%
66.8%
66.8%
66.9%
66.9%
66.9%
66.9%
66.9%
66.9%
67.0%
67.0%
67.0%
67.0%
67.0%
67.1%
67.1%
67.1%
67.1%
67.1%
67.1%
67.2%
67.2%
67.2%
67.2%
67.2%
67.2%
67.3%
67.3%
67.3%
67.3%
67.3%
67.3%
67.4%
67.4%
67.4%
67.4%
67.4%
67.5%
67.5%
67.5%
67.5%
67.5%
67.5%
67.6%
67.6%
67.6%
67.6%
67.6%
67.6%
67.7%
67.7%
67.7%
67.7%
67.7%
67.7%
67.8%
67.8%
67.8%
67.8%
67.8%
67.9%
67.9%
67.9%
67.9%
67.9%
67.9%
68.0%
68.0%
68.0%
68.0%
68.0%
68.0%
68.1%
68.1%
68.1%
68.1%
68.1%
68.2%
68.2%
68.2%
68.2%
68.2%
68.2%
68.3%
68.3%
68.3%
68.3%
68.3%
68.3%
68.4%
68.4%
68.4%
68.4%
68.4%
68.4%
68.5%
68.5%
68.5%
68.5%
68.5%
68.6%
68.6%
68.6%
68.6%
68.6%
68.6%
68.7%
68.7%
68.7%
68.7%
68.7%
68.7%
68.8%
68.8%
68.8%
68.8%
68.8%
68.9%
68.9%
68.9%
68.9%
68.9%
68.9%
69.0%
69.0%
69.0%
69.0%
69.0%
69.0%
69.1%
69.1%
69.1%
69.1%
69.1%
69.1%
69.2%
69.2%
69.2%
69.2%
69.2%
69.3%
69.3%
69.3%
69.3%
69.3%
69.3%
69.4%
69.4%
69.4%
69.4%
69.4%
69.4%
69.5%
69.5%
69.5%
69.5%
69.5%
69.6%
69.6%
69.6%
69.6%
69.6%
69.6%
69.7%
69.7%
69.7%
69.7%
69.7%
69.7%
69.8%
69.8%
69.8%
69.8%
69.8%
69.8%
69.9%
69.9%
69.9%
69.9%
69.9%
70.0%
70.0%
70.0%
70.0%
70.0%
70.0%
70.1%
70.1%
70.1%
70.1%
70.1%
70.1%
70.2%
70.2%
70.2%
70.2%
70.2%
70.3%
70.3%
70.3%
70.3%
70.3%
70.3%
70.4%
70.4%
70.4%
70.4%
70.4%
70.4%
70.5%
70.5%
70.5%
70.5%
70.5%
70.5%
70.6%
70.6%
70.6%
70.6%
70.6%
70.7%
70.7%
70.7%
70.7%
70.7%
70.7%
70.8%
70.8%
70.8%
70.8%
70.8%
70.8%
70.9%
70.9%
70.9%
70.9%
70.9%
71.0%
71.0%
71.0%
71.0%
71.0%
71.0%
71.1%
71.1%
71.1%
71.1%
71.1%
71.1%
71.2%
71.2%
71.2%
71.2%
71.2%
71.2%
71.3%
71.3%
71.3%
71.3%
71.3%
71.4%
71.4%
71.4%
71.4%
71.4%
71.4%
71.5%
71.5%
71.5%
71.5%
71.5%
71.5%
71.6%
71.6%
71.6%
71.6%
71.6%
71.7%
71.7%
71.7%
71.7%
71.7%
71.7%
71.8%
71.8%
71.8%
71.8%
71.8%
71.8%
71.9%
71.9%
71.9%
71.9%
71.9%
71.9%
72.0%
72.0%
72.0%
72.0%
72.0%
72.1%
72.1%
72.1%
72.1%
72.1%
72.1%
72.2%
72.2%
72.2%
72.2%
72.2%
72.2%
72.3%
72.3%
72.3%
72.3%
72.3%
72.4%
72.4%
72.4%
72.4%
72.4%
72.4%
72.5%
72.5%
72.5%
72.5%
72.5%
72.5%
72.6%
72.6%
72.6%
72.6%
72.6%
72.6%
72.7%
72.7%
72.7%
72.7%
72.7%
72.8%
72.8%
72.8%
72.8%
72.8%
72.8%
72.9%
72.9%
72.9%
72.9%
72.9%
72.9%
73.0%
73.0%
73.0%
73.0%
73.0%
73.1%
73.1%
73.1%
73.1%
73.1%
73.1%
73.2%
73.2%
73.2%
73.2%
73.2%
73.2%
73.3%
73.3%
73.3%
73.3%
73.3%
73.3%
73.4%
73.4%
73.4%
73.4%
73.4%
73.5%
73.5%
73.5%
73.5%
73.5%
73.5%
73.6%
73.6%
73.6%
73.6%
73.6%
73.6%
73.7%
73.7%
73.7%
73.7%
73.7%
73.7%
73.8%
73.8%
73.8%
73.8%
73.8%
73.9%
73.9%
73.9%
73.9%
73.9%
73.9%
74.0%
74.0%
74.0%
74.0%
74.0%
74.0%
74.1%
74.1%
74.1%
74.1%
74.1%
74.2%
74.2%
74.2%
74.2%
74.2%
74.2%
74.3%
74.3%
74.3%
74.3%
74.3%
74.3%
74.4%
74.4%
74.4%
74.4%
74.4%
74.4%
74.5%
74.5%
74.5%
74.5%
74.5%
74.6%
74.6%
74.6%
74.6%
74.6%
74.6%
74.7%
74.7%
74.7%
74.7%
74.7%
74.7%
74.8%
74.8%
74.8%
74.8%
74.8%
74.9%
74.9%
74.9%
74.9%
74.9%
74.9%
75.0%
75.0%
75.0%
75.0%
75.0%
75.0%
75.1%
75.1%
75.1%
75.1%
75.1%
75.1%
75.2%
75.2%
75.2%
75.2%
75.2%
75.3%
75.3%
75.3%
75.3%
75.3%
75.3%
75.4%
75.4%
75.4%
75.4%
75.4%
75.4%
75.5%
75.5%
75.5%
75.5%
75.5%
75.6%
75.6%
75.6%
75.6%
75.6%
75.6%
75.7%
75.7%
75.7%
75.7%
75.7%
75.7%
75.8%
75.8%
75.8%
75.8%
75.8%
75.8%
75.9%
75.9%
75.9%
75.9%
75.9%
76.0%
76.0%
76.0%
76.0%
76.0%
76.0%
76.1%
76.1%
76.1%
76.1%
76.1%
76.1%
76.2%
76.2%
76.2%
76.2%
76.2%
76.3%
76.3%
76.3%
76.3%
76.3%
76.3%
76.4%
76.4%
76.4%
76.4%
76.4%
76.4%
76.5%
76.5%
76.5%
76.5%
76.5%
76.5%
76.6%
76.6%
76.6%
76.6%
76.6%
76.7%
76.7%
76.7%
76.7%
76.7%
76.7%
76.8%
76.8%
76.8%
76.8%
76.8%
76.8%
76.9%
76.9%
76.9%
76.9%
76.9%
77.0%
77.0%
77.0%
77.0%
77.0%
77.0%
77.1%
77.1%
77.1%
77.1%
77.1%
77.1%
77.2%
77.2%
77.2%
77.2%
77.2%
77.2%
77.3%
77.3%
77.3%
77.3%
77.3%
77.4%
77.4%
77.4%
77.4%
77.4%
77.4%
77.5%
77.5%
77.5%
77.5%
77.5%
77.5%
77.6%
77.6%
77.6%
77.6%
77.6%
77.7%
77.7%
77.7%
77.7%
77.7%
77.7%
77.8%
77.8%
77.8%
77.8%
77.8%
77.8%
77.9%
77.9%
77.9%
77.9%
77.9%
77.9%
78.0%
78.0%
78.0%
78.0%
78.0%
78.1%
78.1%
78.1%
78.1%
78.1%
78.1%
78.2%
78.2%
78.2%
78.2%
78.2%
78.2%
78.3%
78.3%
78.3%
78.3%
78.3%
78.4%
78.4%
78.4%
78.4%
78.4%
78.4%
78.5%
78.5%
78.5%
78.5%
78.5%
78.5%
78.6%
78.6%
78.6%
78.6%
78.6%
78.6%
78.7%
78.7%
78.7%
78.7%
78.7%
78.8%
78.8%
78.8%
78.8%
78.8%
78.8%
78.9%
78.9%
78.9%
78.9%
78.9%
78.9%
79.0%
79.0%
79.0%
79.0%
79.0%
79.1%
79.1%
79.1%
79.1%
79.1%
79.1%
79.2%
79.2%
79.2%
79.2%
79.2%
79.2%
79.3%
79.3%
79.3%
79.3%
79.3%
79.3%
79.4%
79.4%
79.4%
79.4%
79.4%
79.5%
79.5%
79.5%
79.5%
79.5%
79.5%
79.6%
79.6%
79.6%
79.6%
79.6%
79.6%
79.7%
79.7%
79.7%
79.7%
79.7%
79.7%
79.8%
79.8%
79.8%
79.8%
79.8%
79.9%
79.9%
79.9%
79.9%
79.9%
79.9%
80.0%
80.0%
80.0%
80.0%
80.0%
80.0%
80.1%
80.1%
80.1%
80.1%
80.1%
80.2%
80.2%
80.2%
80.2%
80.2%
80.2%
80.3%
80.3%
80.3%
80.3%
80.3%
80.3%
80.4%
80.4%
80.4%
80.4%
80.4%
80.4%
80.5%
80.5%
80.5%
80.5%
80.5%
80.6%
80.6%
80.6%
80.6%
80.6%
80.6%
80.7%
80.7%
80.7%
80.7%
80.7%
80.7%
80.8%
80.8%
80.8%
80.8%
80.8%
80.9%
80.9%
80.9%
80.9%
80.9%
80.9%
81.0%
81.0%
81.0%
81.0%
81.0%
81.0%
81.1%
81.1%
81.1%
81.1%
81.1%
81.1%
81.2%
81.2%
81.2%
81.2%
81.2%
81.3%
81.3%
81.3%
81.3%
81.3%
81.3%
81.4%
81.4%
81.4%
81.4%
81.4%
81.4%
81.5%
81.5%
81.5%
81.5%
81.5%
81.6%
81.6%
81.6%
81.6%
81.6%
81.6%
81.7%
81.7%
81.7%
81.7%
81.7%
81.7%
81.8%
81.8%
81.8%
81.8%
81.8%
81.8%
81.9%
81.9%
81.9%
81.9%
81.9%
82.0%
82.0%
82.0%
82.0%
82.0%
82.0%
82.1%
82.1%
82.1%
82.1%
82.1%
82.1%
82.2%
82.2%
82.2%
82.2%
82.2%
82.3%
82.3%
82.3%
82.3%
82.3%
82.3%
82.4%
82.4%
82.4%
82.4%
82.4%
82.4%
82.5%
82.5%
82.5%
82.5%
82.5%
82.5%
82.6%
82.6%
82.6%
82.6%
82.6%
82.7%
82.7%
82.7%
82.7%
82.7%
82.7%
82.8%
82.8%
82.8%
82.8%
82.8%
82.8%
82.9%
82.9%
82.9%
82.9%
82.9%
83.0%
83.0%
83.0%
83.0%
83.0%
83.0%
83.1%
83.1%
83.1%
83.1%
83.1%
83.1%
83.2%
83.2%
83.2%
83.2%
83.2%
83.2%
83.3%
83.3%
83.3%
83.3%
83.3%
83.4%
83.4%
83.4%
83.4%
83.4%
83.4%
83.5%
83.5%
83.5%
83.5%
83.5%
83.5%
83.6%
83.6%
83.6%
83.6%
83.6%
83.7%
83.7%
83.7%
83.7%
83.7%
83.7%
83.8%
83.8%
83.8%
83.8%
83.8%
83.8%
83.9%
83.9%
83.9%
83.9%
83.9%
83.9%
84.0%
84.0%
84.0%
84.0%
84.0%
84.1%
84.1%
84.1%
84.1%
84.1%
84.1%
84.2%
84.2%
84.2%
84.2%
84.2%
84.2%
84.3%
84.3%
84.3%
84.3%
84.3%
84.4%
84.4%
84.4%
84.4%
84.4%
84.4%
84.5%
84.5%
84.5%
84.5%
84.5%
84.5%
84.6%
84.6%
84.6%
84.6%
84.6%
84.6%
84.7%
84.7%
84.7%
84.7%
84.7%
84.8%
84.8%
84.8%
84.8%
84.8%
84.8%
84.9%
84.9%
84.9%
84.9%
84.9%
84.9%
85.0%
85.0%
85.0%
85.0%
85.0%
85.1%
85.1%
85.1%
85.1%
85.1%
85.1%
85.2%
85.2%
85.2%
85.2%
85.2%
85.2%
85.3%
85.3%
85.3%
85.3%
85.3%
85.3%
85.4%
85.4%
85.4%
85.4%
85.4%
85.5%
85.5%
85.5%
85.5%
85.5%
85.5%
85.6%
85.6%
85.6%
85.6%
85.6%
85.6%
85.7%
85.7%
85.7%
85.7%
85.7%
85.7%
85.8%
85.8%
85.8%
85.8%
85.8%
85.9%
85.9%
85.9%
85.9%
85.9%
85.9%
86.0%
86.0%
86.0%
86.0%
86.0%
86.0%
86.1%
86.1%
86.1%
86.1%
86.1%
86.2%
86.2%
86.2%
86.2%
86.2%
86.2%
86.3%
86.3%
86.3%
86.3%
86.3%
86.3%
86.4%
86.4%
86.4%
86.4%
86.4%
86.4%
86.5%
86.5%
86.5%
86.5%
86.5%
86.6%
86.6%
86.6%
86.6%
86.6%
86.6%
86.7%
86.7%
86.7%
86.7%
86.7%
86.7%
86.8%
86.8%
86.8%
86.8%
86.8%
86.9%
86.9%
86.9%
86.9%
86.9%
86.9%
87.0%
87.0%
87.0%
87.0%
87.0%
87.0%
87.1%
87.1%
87.1%
87.1%
87.1%
87.1%
87.2%
87.2%
87.2%
87.2%
87.2%
87.3%
87.3%
87.3%
87.3%
87.3%
87.3%
87.4%
87.4%
87.4%
87.4%
87.4%
87.4%
87.5%
87.5%
87.5%
87.5%
87.5%
87.6%
87.6%
87.6%
87.6%
87.6%
87.6%
87.7%
87.7%
87.7%
87.7%
87.7%
87.7%
87.8%
87.8%
87.8%
87.8%
87.8%
87.8%
87.9%
87.9%
87.9%
87.9%
87.9%
88.0%
88.0%
88.0%
88.0%
88.0%
88.0%
88.1%
88.1%
88.1%
88.1%
88.1%
88.1%
88.2%
88.2%
88.2%
88.2%
88.2%
88.3%
88.3%
88.3%
88.3%
88.3%
88.3%
88.4%
88.4%
88.4%
88.4%
88.4%
88.4%
88.5%
88.5%
88.5%
88.5%
88.5%
88.5%
88.6%
88.6%
88.6%
88.6%
88.6%
88.7%
88.7%
88.7%
88.7%
88.7%
88.7%
88.8%
88.8%
88.8%
88.8%
88.8%
88.8%
88.9%
88.9%
88.9%
88.9%
88.9%
89.0%
89.0%
89.0%
89.0%
89.0%
89.0%
89.1%
89.1%
89.1%
89.1%
89.1%
89.1%
89.2%
89.2%
89.2%
89.2%
89.2%
89.2%
89.3%
89.3%
89.3%
89.3%
89.3%
89.4%
89.4%
89.4%
89.4%
89.4%
89.4%
89.5%
89.5%
89.5%
89.5%
89.5%
89.5%
89.6%
89.6%
89.6%
89.6%
89.6%
89.7%
89.7%
89.7%
89.7%
89.7%
89.7%
89.8%
89.8%
89.8%
89.8%
89.8%
89.8%
89.9%
89.9%
89.9%
89.9%
89.9%
89.9%
90.0%
90.0%
90.0%
90.0%
90.0%
90.1%
90.1%
90.1%
90.1%
90.1%
90.1%
90.2%
90.2%
90.2%
90.2%
90.2%
90.2%
90.3%
90.3%
90.3%
90.3%
90.3%
90.4%
90.4%
90.4%
90.4%
90.4%
90.4%
90.5%
90.5%
90.5%
90.5%
90.5%
90.5%
90.6%
90.6%
90.6%
90.6%
90.6%
90.6%
90.7%
90.7%
90.7%
90.7%
90.7%
90.8%
90.8%
90.8%
90.8%
90.8%
90.8%
90.9%
90.9%
90.9%
90.9%
90.9%
90.9%
91.0%
91.0%
91.0%
91.0%
91.0%
91.1%
91.1%
91.1%
91.1%
91.1%
91.1%
91.2%
91.2%
91.2%
91.2%
91.2%
91.2%
91.3%
91.3%
91.3%
91.3%
91.3%
91.3%
91.4%
91.4%
91.4%
91.4%
91.4%
91.5%
91.5%
91.5%
91.5%
91.5%
91.5%
91.6%
91.6%
91.6%
91.6%
91.6%
91.6%
91.7%
91.7%
91.7%
91.7%
91.7%
91.7%
91.8%
91.8%
91.8%
91.8%
91.8%
91.9%
91.9%
91.9%
91.9%
91.9%
91.9%
92.0%
92.0%
92.0%
92.0%
92.0%
92.0%
92.1%
92.1%
92.1%
92.1%
92.1%
92.2%
92.2%
92.2%
92.2%
92.2%
92.2%
92.3%
92.3%
92.3%
92.3%
92.3%
92.3%
92.4%
92.4%
92.4%
92.4%
92.4%
92.4%
92.5%
92.5%
92.5%
92.5%
92.5%
92.6%
92.6%
92.6%
92.6%
92.6%
92.6%
92.7%
92.7%
92.7%
92.7%
92.7%
92.7%
92.8%
92.8%
92.8%
92.8%
92.8%
92.9%
92.9%
92.9%
92.9%
92.9%
92.9%
93.0%
93.0%
93.0%
93.0%
93.0%
93.0%
93.1%
93.1%
93.1%
93.1%
93.1%
93.1%
93.2%
93.2%
93.2%
93.2%
93.2%
93.3%
93.3%
93.3%
93.3%
93.3%
93.3%
93.4%
93.4%
93.4%
93.4%
93.4%
93.4%
93.5%
93.5%
93.5%
93.5%
93.5%
93.6%
93.6%
93.6%
93.6%
93.6%
93.6%
93.7%
93.7%
93.7%
93.7%
93.7%
93.7%
93.8%
93.8%
93.8%
93.8%
93.8%
93.8%
93.9%
93.9%
93.9%
93.9%
93.9%
94.0%
94.0%
94.0%
94.0%
94.0%
94.0%
94.1%
94.1%
94.1%
94.1%
94.1%
94.1%
94.2%
94.2%
94.2%
94.2%
94.2%
94.3%
94.3%
94.3%
94.3%
94.3%
94.3%
94.4%
94.4%
94.4%
94.4%
94.4%
94.4%
94.5%
94.5%
94.5%
94.5%
94.5%
94.5%
94.6%
94.6%
94.6%
94.6%
94.6%
94.7%
94.7%
94.7%
94.7%
94.7%
94.7%
94.8%
94.8%
94.8%
94.8%
94.8%
94.8%
94.9%
94.9%
94.9%
94.9%
94.9%
95.0%
95.0%
95.0%
95.0%
95.0%
95.0%
95.1%
95.1%
95.1%
95.1%
95.1%
95.1%
95.2%
95.2%
95.2%
95.2%
95.2%
95.2%
95.3%
95.3%
95.3%
95.3%
95.3%
95.4%
95.4%
95.4%
95.4%
95.4%
95.4%
95.5%
95.5%
95.5%
95.5%
95.5%
95.5%
95.6%
95.6%
95.6%
95.6%
95.6%
95.7%
95.7%
95.7%
95.7%
95.7%
95.7%
95.8%
95.8%
95.8%
95.8%
95.8%
95.8%
95.9%
95.9%
95.9%
95.9%
95.9%
95.9%
96.0%
96.0%
96.0%
96.0%
96.0%
96.1%
96.1%
96.1%
96.1%
96.1%
96.1%
96.2%
96.2%
96.2%
96.2%
96.2%
96.2%
96.3%
96.3%
96.3%
96.3%
96.3%
96.4%
96.4%
96.4%
96.4%
96.4%
96.4%
96.5%
96.5%
96.5%
96.5%
96.5%
96.5%
96.6%
96.6%
96.6%
96.6%
96.6%
96.6%
96.7%
96.7%
96.7%
96.7%
96.7%
96.8%
96.8%
96.8%
96.8%
96.8%
96.8%
96.9%
96.9%
96.9%
96.9%
96.9%
96.9%
97.0%
97.0%
97.0%
97.0%
97.0%
97.1%
97.1%
97.1%
97.1%
97.1%
97.1%
97.2%
97.2%
97.2%
97.2%
97.2%
97.2%
97.3%
97.3%
97.3%
97.3%
97.3%
97.3%
97.4%
97.4%
97.4%
97.4%
97.4%
97.5%
97.5%
97.5%
97.5%
97.5%
97.5%
97.6%
97.6%
97.6%
97.6%
97.6%
97.6%
97.7%
97.7%
97.7%
97.7%
97.7%
97.8%
97.8%
97.8%
97.8%
97.8%
97.8%
97.9%
97.9%
97.9%
97.9%
97.9%
97.9%
98.0%
98.0%
98.0%
98.0%
98.0%
98.0%
98.1%
98.1%
98.1%
98.1%
98.1%
98.2%
98.2%
98.2%
98.2%
98.2%
98.2%
98.3%
98.3%
98.3%
98.3%
98.3%
98.3%
98.4%
98.4%
98.4%
98.4%
98.4%
98.4%
98.5%
98.5%
98.5%
98.5%
98.5%
98.6%
98.6%
98.6%
98.6%
98.6%
98.6%
98.7%
98.7%
98.7%
98.7%
98.7%
98.7%
98.8%
98.8%
98.8%
98.8%
98.8%
98.9%
98.9%
98.9%
98.9%
98.9%
98.9%
99.0%
99.0%
99.0%
99.0%
99.0%
99.0%
99.1%
99.1%
99.1%
99.1%
99.1%
99.1%
99.2%
99.2%
99.2%
99.2%
99.2%
99.3%
99.3%
99.3%
99.3%
99.3%
99.3%
99.4%
99.4%
99.4%
99.4%
99.4%
99.4%
99.5%
99.5%
99.5%
99.5%
99.5%
99.6%
99.6%
99.6%
99.6%
99.6%
99.6%
99.7%
99.7%
99.7%
99.7%
99.7%
99.7%
99.8%
99.8%
99.8%
99.8%
99.8%
99.8%
99.9%
99.9%
99.9%
99.9%
99.9%
100.0%
100.0%
100.0%
100.0%
Files already downloaded and verified
Files already downloaded and verified
Beginning training from epoch: 1
Train Loss 0.314
Train Loss 1.740
Train Loss 1.451
Train Loss 1.321
Train Loss 1.279
Train Loss 1.200
Train Loss 1.145
Train Loss 1.127
Epoch   1 | Time    90 | Train Loss 1.1219 | Test Loss 0.001 | Test Error 26.52
Train Loss 0.101
Train Loss 1.071
Train Loss 1.072
Train Loss 1.003
Train Loss 1.047
Train Loss 1.019
Train Loss 0.978
Train Loss 1.018
Epoch   2 | Time    87 | Train Loss 0.9777 | Test Loss 0.001 | Test Error 23.38
Train Loss 0.096
Train Loss 0.957
Train Loss 0.952
Train Loss 0.950
Train Loss 0.907
Train Loss 0.942
Train Loss 0.877
Train Loss 0.913
Epoch   3 | Time    87 | Train Loss 0.8934 | Test Loss 0.001 | Test Error 21.91
Train Loss 0.103
Train Loss 0.919
Train Loss 0.929
Train Loss 0.899
Train Loss 0.855
Train Loss 0.839
Train Loss 0.881
Train Loss 0.886
Epoch   4 | Time    87 | Train Loss 0.8854 | Test Loss 0.001 | Test Error 20.74
Train Loss 0.091
Train Loss 0.846
Train Loss 0.867
Train Loss 0.852
Train Loss 0.818
Train Loss 0.823
Train Loss 0.848
Train Loss 0.842
Epoch   5 | Time    88 | Train Loss 0.8265 | Test Loss 0.001 | Test Error 19.76
Train Loss 0.073
Train Loss 0.808
Train Loss 0.787
Train Loss 0.820
Train Loss 0.807
Train Loss 0.814
Train Loss 0.802
Train Loss 0.800
Epoch   6 | Time    87 | Train Loss 0.8209 | Test Loss 0.001 | Test Error 18.71
Train Loss 0.061
Train Loss 0.754
Train Loss 0.775
Train Loss 0.787
Train Loss 0.792
Train Loss 0.768
Train Loss 0.748
Train Loss 0.777
Epoch   7 | Time    87 | Train Loss 0.7687 | Test Loss 0.001 | Test Error 18.38
Train Loss 0.070
Train Loss 0.757
Train Loss 0.762
Train Loss 0.762
Train Loss 0.728
Train Loss 0.774
Train Loss 0.719
Train Loss 0.776
Epoch   8 | Time    88 | Train Loss 0.7860 | Test Loss 0.001 | Test Error 18.58
Train Loss 0.074
Train Loss 0.727
Train Loss 0.726
Train Loss 0.762
Train Loss 0.731
Train Loss 0.757
Train Loss 0.712
Train Loss 0.783
Epoch   9 | Time    87 | Train Loss 0.7339 | Test Loss 0.001 | Test Error 17.48
Train Loss 0.077
Train Loss 0.751
Train Loss 0.734
Train Loss 0.731
Train Loss 0.713
Train Loss 0.749
Train Loss 0.707
Train Loss 0.730
Epoch  10 | Time    87 | Train Loss 0.7453 | Test Loss 0.001 | Test Error 17.17
Train Loss 0.069
Train Loss 0.730
Train Loss 0.687
Train Loss 0.708
Train Loss 0.704
Train Loss 0.745
Train Loss 0.728
Train Loss 0.693
Epoch  11 | Time    86 | Train Loss 0.7299 | Test Loss 0.001 | Test Error 17.25
Train Loss 0.066
Train Loss 0.696
Train Loss 0.697
Train Loss 0.676
Train Loss 0.700
Train Loss 0.682
Train Loss 0.733
Train Loss 0.690
Epoch  12 | Time    87 | Train Loss 0.7218 | Test Loss 0.001 | Test Error 16.43
Train Loss 0.071
Train Loss 0.667
Train Loss 0.696
Train Loss 0.708
Train Loss 0.670
Train Loss 0.692
Train Loss 0.751
Train Loss 0.712
Epoch  13 | Time    87 | Train Loss 0.7164 | Test Loss 0.001 | Test Error 17.36
Train Loss 0.060
Train Loss 0.700
Train Loss 0.706
Train Loss 0.691
Train Loss 0.652
Train Loss 0.700
Train Loss 0.644
Train Loss 0.720
Epoch  14 | Time    88 | Train Loss 0.6755 | Test Loss 0.001 | Test Error 16.70
Train Loss 0.055
Train Loss 0.685
Train Loss 0.668
Train Loss 0.678
Train Loss 0.681
Train Loss 0.662
Train Loss 0.695
Train Loss 0.674
Epoch  15 | Time    87 | Train Loss 0.6626 | Test Loss 0.001 | Test Error 17.43
Train Loss 0.065
Train Loss 0.661
Train Loss 0.670
Train Loss 0.642
Train Loss 0.669
Train Loss 0.677
Train Loss 0.683
Train Loss 0.660
Epoch  16 | Time    87 | Train Loss 0.6490 | Test Loss 0.000 | Test Error 15.66
Train Loss 0.048
Train Loss 0.621
Train Loss 0.646
Train Loss 0.652
Train Loss 0.656
Train Loss 0.665
Train Loss 0.639
Train Loss 0.650
Epoch  17 | Time    86 | Train Loss 0.6490 | Test Loss 0.000 | Test Error 15.99
Train Loss 0.050
Train Loss 0.599
Train Loss 0.662
Train Loss 0.648
Train Loss 0.677
Train Loss 0.671
Train Loss 0.659
Train Loss 0.621
Epoch  18 | Time    87 | Train Loss 0.6838 | Test Loss 0.000 | Test Error 15.87
Train Loss 0.067
Train Loss 0.633
Train Loss 0.620
Train Loss 0.616
Train Loss 0.665
Train Loss 0.661
Train Loss 0.650
Train Loss 0.681
Epoch  19 | Time    87 | Train Loss 0.6296 | Test Loss 0.000 | Test Error 15.14
Train Loss 0.072
Train Loss 0.621
Train Loss 0.606
Train Loss 0.677
Train Loss 0.649
Train Loss 0.642
Train Loss 0.650
Train Loss 0.672
Epoch  20 | Time    87 | Train Loss 0.6436 | Test Loss 0.000 | Test Error 15.05
Train Loss 0.063
Train Loss 0.595
Train Loss 0.615
Train Loss 0.625
Train Loss 0.657
Train Loss 0.626
Train Loss 0.629
Train Loss 0.623
Epoch  21 | Time    86 | Train Loss 0.6240 | Test Loss 0.000 | Test Error 15.91
Train Loss 0.070
Train Loss 0.604
Train Loss 0.599
Train Loss 0.619
Train Loss 0.626
Train Loss 0.607
Train Loss 0.592
Train Loss 0.645
Epoch  22 | Time    86 | Train Loss 0.6139 | Test Loss 0.000 | Test Error 15.85
Train Loss 0.056
Train Loss 0.594
Train Loss 0.607
Train Loss 0.636
Train Loss 0.652
Train Loss 0.641
Train Loss 0.607
Train Loss 0.636
Epoch  23 | Time    87 | Train Loss 0.6140 | Test Loss 0.000 | Test Error 15.45
Train Loss 0.052
Train Loss 0.587
Train Loss 0.625
Train Loss 0.613
Train Loss 0.600
Train Loss 0.584
Train Loss 0.596
Train Loss 0.574
Epoch  24 | Time    87 | Train Loss 0.6242 | Test Loss 0.000 | Test Error 15.34
Train Loss 0.067
Train Loss 0.587
Train Loss 0.622
Train Loss 0.618
Train Loss 0.613
Train Loss 0.611
Train Loss 0.631
Train Loss 0.609
Epoch  25 | Time    86 | Train Loss 0.6344 | Test Loss 0.000 | Test Error 15.53
Train Loss 0.057
Train Loss 0.595
Train Loss 0.570
Train Loss 0.607
Train Loss 0.600
Train Loss 0.633
Train Loss 0.602
Train Loss 0.579
Epoch  26 | Time    87 | Train Loss 0.6032 | Test Loss 0.000 | Test Error 14.79
Train Loss 0.053
Train Loss 0.575
Train Loss 0.575
Train Loss 0.641
Train Loss 0.614
Train Loss 0.605
Train Loss 0.585
Train Loss 0.620
Epoch  27 | Time    88 | Train Loss 0.6439 | Test Loss 0.000 | Test Error 15.12
Train Loss 0.050
Train Loss 0.566
Train Loss 0.561
Train Loss 0.577
Train Loss 0.597
Train Loss 0.584
Train Loss 0.594
Train Loss 0.597
Epoch  28 | Time    87 | Train Loss 0.6314 | Test Loss 0.000 | Test Error 15.05
Train Loss 0.057
Train Loss 0.583
Train Loss 0.582
Train Loss 0.729
Train Loss 0.618
Train Loss 0.633
Train Loss 0.587
Train Loss 0.597
Epoch  29 | Time    86 | Train Loss 0.6309 | Test Loss 0.000 | Test Error 14.55
Train Loss 0.053
Train Loss 0.601
Train Loss 0.596
Train Loss 0.586
Train Loss 0.581
Train Loss 0.549
Train Loss 0.605
Train Loss 0.595
Epoch  30 | Time    87 | Train Loss 0.5974 | Test Loss 0.000 | Test Error 14.78
Train Loss 0.048
Train Loss 0.542
Train Loss 0.583
Train Loss 0.548
Train Loss 0.583
Train Loss 0.591
Train Loss 0.590
Train Loss 0.567
Epoch  31 | Time    86 | Train Loss 0.5858 | Test Loss 0.000 | Test Error 14.97
Train Loss 0.050
Train Loss 0.565
Train Loss 0.570
Train Loss 0.564
Train Loss 0.582
Train Loss 0.542
Train Loss 0.586
Train Loss 0.587
Epoch  32 | Time    88 | Train Loss 0.6096 | Test Loss 0.000 | Test Error 14.87
Train Loss 0.055
Train Loss 0.548
Train Loss 0.582
Train Loss 0.574
Train Loss 0.568
Train Loss 0.571
Train Loss 0.542
Train Loss 0.586
Epoch  33 | Time    87 | Train Loss 0.5889 | Test Loss 0.000 | Test Error 14.96
Train Loss 0.053
Train Loss 0.570
Train Loss 0.549
Train Loss 0.565
Train Loss 0.558
Train Loss 0.560
Train Loss 0.518
Train Loss 0.571
Epoch  34 | Time    87 | Train Loss 0.5627 | Test Loss 0.000 | Test Error 15.30
Train Loss 0.061
Train Loss 0.507
Train Loss 0.508
Train Loss 0.567
Train Loss 0.558
Train Loss 0.579
Train Loss 0.538
Train Loss 0.559
Epoch  35 | Time    87 | Train Loss 0.5689 | Test Loss 0.000 | Test Error 14.53
Train Loss 0.042
Train Loss 0.543
Train Loss 0.552
Train Loss 0.554
Train Loss 0.564
Train Loss 0.540
Train Loss 0.597
Train Loss 0.544
Epoch  36 | Time    86 | Train Loss 0.5479 | Test Loss 0.000 | Test Error 14.64
Train Loss 0.051
Train Loss 0.507
Train Loss 0.550
Train Loss 0.537
Train Loss 0.557
Train Loss 0.535
Train Loss 0.569
Train Loss 0.544
Epoch  37 | Time    87 | Train Loss 0.5415 | Test Loss 0.000 | Test Error 14.87
Train Loss 0.055
Train Loss 0.548
Train Loss 0.516
Train Loss 0.541
Train Loss 0.558
Train Loss 0.569
Train Loss 0.532
Train Loss 0.549
Epoch  38 | Time    87 | Train Loss 0.5768 | Test Loss 0.000 | Test Error 14.70
Train Loss 0.054
Train Loss 0.555
Train Loss 0.519
Train Loss 0.538
Train Loss 0.540
Train Loss 0.544
Train Loss 0.577
Train Loss 0.554
Epoch  39 | Time    88 | Train Loss 0.5400 | Test Loss 0.000 | Test Error 14.17
Train Loss 0.043
Train Loss 0.506
Train Loss 0.527
Train Loss 0.539
Train Loss 0.539
Train Loss 0.534
Train Loss 0.523
Train Loss 0.539
Epoch  40 | Time    87 | Train Loss 0.5095 | Test Loss 0.000 | Test Error 14.69
Train Loss 0.057
Train Loss 0.523
Train Loss 0.534
Train Loss 0.547
Train Loss 0.504
Train Loss 0.515
Train Loss 0.549
Train Loss 0.536
Epoch  41 | Time    87 | Train Loss 0.5576 | Test Loss 0.000 | Test Error 14.43
Train Loss 0.040
Train Loss 0.479
Train Loss 0.529
Train Loss 0.529
Train Loss 0.517
Train Loss 0.508
Train Loss 0.510
Train Loss 0.552
Epoch  42 | Time    86 | Train Loss 0.5106 | Test Loss 0.000 | Test Error 13.98
Train Loss 0.040
Train Loss 0.522
Train Loss 0.541
Train Loss 0.500
Train Loss 0.508
Train Loss 0.509
Train Loss 0.489
Train Loss 0.527
Epoch  43 | Time    86 | Train Loss 0.5136 | Test Loss 0.000 | Test Error 13.19
Train Loss 0.043
Train Loss 0.475
Train Loss 0.535
Train Loss 0.551
Train Loss 0.495
Train Loss 0.539
Train Loss 0.535
Train Loss 0.498
Epoch  44 | Time    87 | Train Loss 0.5007 | Test Loss 0.000 | Test Error 14.15
Train Loss 0.046
Train Loss 0.496
Train Loss 0.491
Train Loss 0.526
Train Loss 0.521
Train Loss 0.513
Train Loss 0.510
Train Loss 0.509
Epoch  45 | Time    86 | Train Loss 0.4808 | Test Loss 0.000 | Test Error 13.65
Train Loss 0.046
Train Loss 0.496
Train Loss 0.498
Train Loss 0.519
Train Loss 0.454
Train Loss 0.498
Train Loss 0.506
Train Loss 0.504
Epoch  46 | Time    87 | Train Loss 0.5313 | Test Loss 0.000 | Test Error 14.07
Train Loss 0.065
Train Loss 0.460
Train Loss 0.507
Train Loss 0.500
Train Loss 0.473
Train Loss 0.516
Train Loss 0.515
Train Loss 0.506
Epoch  47 | Time    88 | Train Loss 0.4848 | Test Loss 0.000 | Test Error 13.82
Train Loss 0.034
Train Loss 0.496
Train Loss 0.460
Train Loss 0.480
Train Loss 0.502
Train Loss 0.493
Train Loss 0.479
Train Loss 0.500
Epoch  48 | Time    87 | Train Loss 0.5150 | Test Loss 0.000 | Test Error 13.57
Train Loss 0.041
Train Loss 0.456
Train Loss 0.510
Train Loss 0.505
Train Loss 0.482
Train Loss 0.471
Train Loss 0.484
Train Loss 0.476
Epoch  49 | Time    86 | Train Loss 0.4693 | Test Loss 0.000 | Test Error 13.56
Train Loss 0.038
Train Loss 0.483
Train Loss 0.486
Train Loss 0.486
Train Loss 0.527
Train Loss 0.507
Train Loss 0.467
Train Loss 0.510
Epoch  50 | Time    87 | Train Loss 0.4945 | Test Loss 0.000 | Test Error 13.57
Train Loss 0.042
Train Loss 0.441
Train Loss 0.464
Train Loss 0.475
Train Loss 0.453
Train Loss 0.482
Train Loss 0.464
Train Loss 0.503
Epoch  51 | Time    86 | Train Loss 0.5174 | Test Loss 0.000 | Test Error 14.32
Train Loss 0.037
Train Loss 0.460
Train Loss 0.449
Train Loss 0.484
Train Loss 0.451
Train Loss 0.469
Train Loss 0.477
Train Loss 0.444
Epoch  52 | Time    87 | Train Loss 0.4785 | Test Loss 0.000 | Test Error 13.71
Train Loss 0.041
Train Loss 0.418
Train Loss 0.469
Train Loss 0.457
Train Loss 0.495
Train Loss 0.466
Train Loss 0.462
Train Loss 0.501
Epoch  53 | Time    87 | Train Loss 0.4595 | Test Loss 0.000 | Test Error 13.40
Train Loss 0.045
Train Loss 0.455
Train Loss 0.430
Train Loss 0.477
Train Loss 0.471
Train Loss 0.450
Train Loss 0.461
Train Loss 0.443
Epoch  54 | Time    87 | Train Loss 0.4598 | Test Loss 0.000 | Test Error 13.26
Train Loss 0.050
Train Loss 0.437
Train Loss 0.458
Train Loss 0.439
Train Loss 0.450
Train Loss 0.459
Train Loss 0.472
Train Loss 0.430
Epoch  55 | Time    86 | Train Loss 0.4321 | Test Loss 0.000 | Test Error 13.55
Train Loss 0.053
Train Loss 0.425
Train Loss 0.425
Train Loss 0.438
Train Loss 0.445
Train Loss 0.476
Train Loss 0.433
Train Loss 0.459
Epoch  56 | Time    87 | Train Loss 0.4292 | Test Loss 0.000 | Test Error 13.22
Train Loss 0.043
Train Loss 0.437
Train Loss 0.425
Train Loss 0.463
Train Loss 0.451
Train Loss 0.470
Train Loss 0.441
Train Loss 0.432
Epoch  57 | Time    88 | Train Loss 0.4352 | Test Loss 0.000 | Test Error 12.93
Train Loss 0.040
Train Loss 0.426
Train Loss 0.414
Train Loss 0.419
Train Loss 0.437
Train Loss 0.453
Train Loss 0.472
Train Loss 0.414
Epoch  58 | Time    86 | Train Loss 0.4317 | Test Loss 0.000 | Test Error 13.34
Train Loss 0.039
Train Loss 0.375
Train Loss 0.439
Train Loss 0.427
Train Loss 0.454
Train Loss 0.411
Train Loss 0.384
Train Loss 0.436
Epoch  59 | Time    86 | Train Loss 0.4309 | Test Loss 0.000 | Test Error 13.04
Train Loss 0.033
Train Loss 0.386
Train Loss 0.433
Train Loss 0.422
Train Loss 0.429
Train Loss 0.421
Train Loss 0.433
Train Loss 0.428
Epoch  60 | Time    87 | Train Loss 0.4252 | Test Loss 0.000 | Test Error 13.16
Train Loss 0.033
Train Loss 0.417
Train Loss 0.421
Train Loss 0.411
Train Loss 0.395
Train Loss 0.432
Train Loss 0.414
Train Loss 0.404
Epoch  61 | Time    87 | Train Loss 0.4408 | Test Loss 0.000 | Test Error 13.07
Train Loss 0.037
Train Loss 0.408
Train Loss 0.392
Train Loss 0.418
Train Loss 0.394
Train Loss 0.403
Train Loss 0.405
Train Loss 0.421
Epoch  62 | Time    87 | Train Loss 0.4154 | Test Loss 0.000 | Test Error 12.93
Train Loss 0.043
Train Loss 0.407
Train Loss 0.401
Train Loss 0.404
Train Loss 0.383
Train Loss 0.402
Train Loss 0.413
Train Loss 0.399
Epoch  63 | Time    87 | Train Loss 0.3975 | Test Loss 0.000 | Test Error 12.24
Train Loss 0.039
Train Loss 0.437
Train Loss 0.407
Train Loss 0.402
Train Loss 0.398
Train Loss 0.419
Train Loss 0.430
Train Loss 0.375
Epoch  64 | Time    87 | Train Loss 0.3982 | Test Loss 0.000 | Test Error 12.46
Train Loss 0.039
Train Loss 0.411
Train Loss 0.376
Train Loss 0.418
Train Loss 0.410
Train Loss 0.381
Train Loss 0.401
Train Loss 0.408
Epoch  65 | Time    86 | Train Loss 0.4197 | Test Loss 0.000 | Test Error 12.49
Train Loss 0.038
Train Loss 0.390
Train Loss 0.370
Train Loss 0.372
Train Loss 0.347
Train Loss 0.389
Train Loss 0.421
Train Loss 0.427
Epoch  66 | Time    87 | Train Loss 0.3923 | Test Loss 0.000 | Test Error 12.23
Train Loss 0.041
Train Loss 0.393
Train Loss 0.385
Train Loss 0.369
Train Loss 0.390
Train Loss 0.405
Train Loss 0.387
Train Loss 0.365
Epoch  67 | Time    88 | Train Loss 0.4024 | Test Loss 0.000 | Test Error 12.39
Train Loss 0.040
Train Loss 0.386
Train Loss 0.355
Train Loss 0.367
Train Loss 0.356
Train Loss 0.347
Train Loss 0.399
Train Loss 0.389
Epoch  68 | Time    87 | Train Loss 0.3815 | Test Loss 0.000 | Test Error 12.43
Train Loss 0.031
Train Loss 0.334
Train Loss 0.352
Train Loss 0.377
Train Loss 0.349
Train Loss 0.379
Train Loss 0.371
Train Loss 0.382
Epoch  69 | Time    87 | Train Loss 0.3754 | Test Loss 0.000 | Test Error 12.64
Train Loss 0.043
Train Loss 0.353
Train Loss 0.373
Train Loss 0.380
Train Loss 0.370
Train Loss 0.365
Train Loss 0.352
Train Loss 0.369
Epoch  70 | Time    86 | Train Loss 0.3771 | Test Loss 0.000 | Test Error 12.68
Train Loss 0.042
Train Loss 0.373
Train Loss 0.349
Train Loss 0.357
Train Loss 0.348
Train Loss 0.353
Train Loss 0.364
Train Loss 0.352
Epoch  71 | Time    87 | Train Loss 0.3358 | Test Loss 0.000 | Test Error 12.46
Train Loss 0.029
Train Loss 0.343
Train Loss 0.348
Train Loss 0.337
Train Loss 0.339
Train Loss 0.337
Train Loss 0.332
Train Loss 0.348
Epoch  72 | Time    87 | Train Loss 0.3372 | Test Loss 0.000 | Test Error 12.34
Train Loss 0.026
Train Loss 0.351
Train Loss 0.339
Train Loss 0.353
Train Loss 0.347
Train Loss 0.330
Train Loss 0.334
Train Loss 0.369
Epoch  73 | Time    87 | Train Loss 0.3449 | Test Loss 0.000 | Test Error 12.87
Train Loss 0.035
Train Loss 0.353
Train Loss 0.329
Train Loss 0.329
Train Loss 0.348
Train Loss 0.366
Train Loss 0.349
Train Loss 0.307
Epoch  74 | Time    87 | Train Loss 0.3524 | Test Loss 0.000 | Test Error 12.04
Train Loss 0.030
Train Loss 0.327
Train Loss 0.343
Train Loss 0.303
Train Loss 0.344
Train Loss 0.334
Train Loss 0.303
Train Loss 0.327
Epoch  75 | Time    87 | Train Loss 0.3574 | Test Loss 0.000 | Test Error 12.10
Train Loss 0.041
Train Loss 0.331
Train Loss 0.331
Train Loss 0.346
Train Loss 0.311
Train Loss 0.323
Train Loss 0.287
Train Loss 0.296
Epoch  76 | Time    87 | Train Loss 0.3395 | Test Loss 0.000 | Test Error 12.35
Train Loss 0.022
Train Loss 0.290
Train Loss 0.335
Train Loss 0.328
Train Loss 0.336
Train Loss 0.334
Train Loss 0.345
Train Loss 0.326
Epoch  77 | Time    87 | Train Loss 0.3118 | Test Loss 0.000 | Test Error 12.05
Train Loss 0.035
Train Loss 0.298
Train Loss 0.312
Train Loss 0.334
Train Loss 0.330
Train Loss 0.330
Train Loss 0.313
Train Loss 0.291
Epoch  78 | Time    87 | Train Loss 0.3030 | Test Loss 0.000 | Test Error 12.16
Train Loss 0.020
Train Loss 0.312
Train Loss 0.298
Train Loss 0.301
Train Loss 0.307
Train Loss 0.307
Train Loss 0.312
Train Loss 0.317
Epoch  79 | Time    86 | Train Loss 0.3072 | Test Loss 0.000 | Test Error 11.97
Train Loss 0.034
Train Loss 0.303
Train Loss 0.302
Train Loss 0.284
Train Loss 0.291
Train Loss 0.296
Train Loss 0.274
Train Loss 0.302
Epoch  80 | Time    87 | Train Loss 0.2810 | Test Loss 0.000 | Test Error 12.03
Train Loss 0.032
Train Loss 0.263
Train Loss 0.299
Train Loss 0.283
Train Loss 0.297
Train Loss 0.290
Train Loss 0.298
Train Loss 0.311
Epoch  81 | Time    86 | Train Loss 0.2873 | Test Loss 0.000 | Test Error 12.11
Train Loss 0.036
Train Loss 0.271
Train Loss 0.269
Train Loss 0.292
Train Loss 0.275
Train Loss 0.280
Train Loss 0.300
Train Loss 0.298
Epoch  82 | Time    87 | Train Loss 0.2669 | Test Loss 0.000 | Test Error 11.96
Train Loss 0.023
Train Loss 0.276
Train Loss 0.285
Train Loss 0.297
Train Loss 0.276
Train Loss 0.281
Train Loss 0.285
Train Loss 0.283
Epoch  83 | Time    86 | Train Loss 0.2657 | Test Loss 0.000 | Test Error 11.65
Train Loss 0.021
Train Loss 0.287
Train Loss 0.275
Train Loss 0.274
Train Loss 0.257
Train Loss 0.266
Train Loss 0.263
Train Loss 0.251
Epoch  84 | Time    86 | Train Loss 0.2744 | Test Loss 0.000 | Test Error 11.32
Train Loss 0.030
Train Loss 0.279
Train Loss 0.269
Train Loss 0.272
Train Loss 0.298
Train Loss 0.248
Train Loss 0.266
Train Loss 0.258
Epoch  85 | Time    87 | Train Loss 0.3012 | Test Loss 0.000 | Test Error 11.76
Train Loss 0.021
Train Loss 0.253
Train Loss 0.243
Train Loss 0.296
Train Loss 0.264
Train Loss 0.269
Train Loss 0.290
Train Loss 0.256
Epoch  86 | Time    86 | Train Loss 0.2698 | Test Loss 0.000 | Test Error 11.69
Train Loss 0.013
Train Loss 0.243
Train Loss 0.257
Train Loss 0.269
Train Loss 0.268
Train Loss 0.273
Train Loss 0.249
Train Loss 0.258
Epoch  87 | Time    86 | Train Loss 0.2584 | Test Loss 0.000 | Test Error 11.47
Train Loss 0.019
Train Loss 0.243
Train Loss 0.277
Train Loss 0.244
Train Loss 0.283
Train Loss 0.253
Train Loss 0.254
Train Loss 0.294
Epoch  88 | Time    86 | Train Loss 0.2651 | Test Loss 0.000 | Test Error 11.54
Train Loss 0.038
Train Loss 0.244
Train Loss 0.224
Train Loss 0.225
Train Loss 0.236
Train Loss 0.240
Train Loss 0.238
Train Loss 0.252
Epoch  89 | Time    87 | Train Loss 0.2351 | Test Loss 0.000 | Test Error 11.60
Train Loss 0.018
Train Loss 0.248
Train Loss 0.243
Train Loss 0.242
Train Loss 0.277
Train Loss 0.234
Train Loss 0.229
Train Loss 0.251
Epoch  90 | Time    86 | Train Loss 0.2299 | Test Loss 0.000 | Test Error 11.39
Train Loss 0.018
Train Loss 0.231
Train Loss 0.227
Train Loss 0.252
Train Loss 0.242
Train Loss 0.247
Train Loss 0.244
Train Loss 0.226
Epoch  91 | Time    87 | Train Loss 0.2353 | Test Loss 0.000 | Test Error 11.62
Train Loss 0.027
Train Loss 0.264
Train Loss 0.227
Train Loss 0.213
Train Loss 0.269
Train Loss 0.243
Train Loss 0.233
Train Loss 0.247
Epoch  92 | Time    87 | Train Loss 0.2417 | Test Loss 0.000 | Test Error 11.50
Train Loss 0.030
Train Loss 0.249
Train Loss 0.235
Train Loss 0.213
Train Loss 0.234
Train Loss 0.227
Train Loss 0.273
Train Loss 0.247
Epoch  93 | Time    87 | Train Loss 0.2255 | Test Loss 0.000 | Test Error 11.51
Train Loss 0.021
Train Loss 0.245
Train Loss 0.235
Train Loss 0.209
Train Loss 0.244
Train Loss 0.230
Train Loss 0.247
Train Loss 0.233
Epoch  94 | Time    87 | Train Loss 0.2035 | Test Loss 0.000 | Test Error 11.47
Train Loss 0.022
Train Loss 0.256
Train Loss 0.217
Train Loss 0.206
Train Loss 0.227
Train Loss 0.250
Train Loss 0.235
Train Loss 0.212
Epoch  95 | Time    86 | Train Loss 0.2774 | Test Loss 0.000 | Test Error 11.37
Train Loss 0.023
Train Loss 0.219
Train Loss 0.218
Train Loss 0.233
Train Loss 0.232
Train Loss 0.234
Train Loss 0.214
Train Loss 0.243
Epoch  96 | Time    87 | Train Loss 0.2172 | Test Loss 0.000 | Test Error 11.46
Train Loss 0.018
Train Loss 0.242
Train Loss 0.223
Train Loss 0.234
Train Loss 0.249
Train Loss 0.209
Train Loss 0.250
Train Loss 0.260
Epoch  97 | Time    87 | Train Loss 0.2306 | Test Loss 0.000 | Test Error 11.32
Train Loss 0.021
Train Loss 0.234
Train Loss 0.244
Train Loss 0.220
Train Loss 0.217
Train Loss 0.240
Train Loss 0.218
Train Loss 0.232
Epoch  98 | Time    87 | Train Loss 0.2235 | Test Loss 0.000 | Test Error 11.28
Train Loss 0.024
Train Loss 0.206
Train Loss 0.223
Train Loss 0.235
Train Loss 0.225
Train Loss 0.230
Train Loss 0.251
Train Loss 0.224
Epoch  99 | Time    87 | Train Loss 0.2506 | Test Loss 0.000 | Test Error 11.33
Train Loss 0.019
Train Loss 0.226
Train Loss 0.226
Train Loss 0.259
Train Loss 0.213
Train Loss 0.204
Train Loss 0.222
Train Loss 0.245
Epoch 100 | Time    87 | Train Loss 0.2262 | Test Loss 0.000 | Test Error 11.26
gaussian_noise
	Test Loss 0.001 | Test Error 17.658
shot_noise
	Test Loss 0.001 | Test Error 15.890
impulse_noise
	Test Loss 0.001 | Test Error 22.394
defocus_blur
	Test Loss 0.000 | Test Error 12.670
glass_blur
	Test Loss 0.001 | Test Error 21.260
motion_blur
	Test Loss 0.000 | Test Error 14.980
zoom_blur
	Test Loss 0.000 | Test Error 13.862
snow
	Test Loss 0.001 | Test Error 18.070
frost
	Test Loss 0.001 | Test Error 17.484
fog
	Test Loss 0.001 | Test Error 19.942
brightness
	Test Loss 0.000 | Test Error 13.076
contrast
	Test Loss 0.001 | Test Error 21.914
elastic_transform
	Test Loss 0.000 | Test Error 15.460
pixelate
	Test Loss 0.000 | Test Error 13.336
jpeg_compression
	Test Loss 0.000 | Test Error 14.630
Mean Corruption Error: 16.842
