/home/g051304/.conda/envs/dl21/lib/python3.10/site-packages/torch/utils/data/dataloader.py:563: UserWarning: This DataLoader will create 4 worker processes in total. Our suggested max number of worker in current system is 2, which is smaller than what this DataLoader is going to create. Please be aware that excessive worker creation might get DataLoader running slow or even freeze, lower the worker number to avoid potential slowness/freeze if necessary.
  warnings.warn(_create_warning_msg(
Files already downloaded and verified
Files already downloaded and verified
Beginning training from epoch: 1
Train Loss 0.237
Train Loss 2.153
Train Loss 1.986
Train Loss 1.885
Train Loss 1.807
Train Loss 1.744
Train Loss 1.717
Train Loss 1.649
Epoch   1 | Time   111 | Train Loss 1.6065 | Test Loss 0.001 | Test Error 55.95
Train Loss 0.153
Train Loss 1.572
Train Loss 1.555
Train Loss 1.501
Train Loss 1.473
Train Loss 1.451
Train Loss 1.403
Train Loss 1.410
Epoch   2 | Time    92 | Train Loss 1.3566 | Test Loss 0.001 | Test Error 41.03
Train Loss 0.154
Train Loss 1.338
Train Loss 1.335
Train Loss 1.316
Train Loss 1.257
Train Loss 1.249
Train Loss 1.215
Train Loss 1.242
Epoch   3 | Time    93 | Train Loss 1.1835 | Test Loss 0.001 | Test Error 33.37
Train Loss 0.114
Train Loss 1.165
Train Loss 1.161
Train Loss 1.161
Train Loss 1.128
Train Loss 1.139
Train Loss 1.091
Train Loss 1.101
Epoch   4 | Time    93 | Train Loss 1.0848 | Test Loss 0.001 | Test Error 29.91
Train Loss 0.108
Train Loss 1.055
Train Loss 1.041
Train Loss 1.074
Train Loss 1.018
Train Loss 1.037
Train Loss 1.021
Train Loss 0.946
Epoch   5 | Time    93 | Train Loss 0.9856 | Test Loss 0.001 | Test Error 29.53
Train Loss 0.098
Train Loss 0.993
Train Loss 0.965
Train Loss 0.990
Train Loss 0.948
Train Loss 0.943
Train Loss 0.959
Train Loss 0.940
Epoch   6 | Time    93 | Train Loss 0.9302 | Test Loss 0.001 | Test Error 24.45
Train Loss 0.094
Train Loss 0.904
Train Loss 0.909
Train Loss 0.907
Train Loss 0.862
Train Loss 0.896
Train Loss 0.878
Train Loss 0.885
Epoch   7 | Time    93 | Train Loss 0.8579 | Test Loss 0.001 | Test Error 23.64
Train Loss 0.081
Train Loss 0.850
Train Loss 0.830
Train Loss 0.850
Train Loss 0.857
Train Loss 0.810
Train Loss 0.820
Train Loss 0.821
Epoch   8 | Time    93 | Train Loss 0.8195 | Test Loss 0.001 | Test Error 20.81
Train Loss 0.082
Train Loss 0.805
Train Loss 0.788
Train Loss 0.832
Train Loss 0.805
Train Loss 0.780
Train Loss 0.825
Train Loss 0.770
Epoch   9 | Time    93 | Train Loss 0.7385 | Test Loss 0.001 | Test Error 19.95
Train Loss 0.075
Train Loss 0.782
Train Loss 0.752
Train Loss 0.773
Train Loss 0.749
Train Loss 0.739
Train Loss 0.789
Train Loss 0.757
Epoch  10 | Time    92 | Train Loss 0.7648 | Test Loss 0.001 | Test Error 20.02
Train Loss 0.069
Train Loss 0.741
Train Loss 0.718
Train Loss 0.711
Train Loss 0.722
Train Loss 0.732
Train Loss 0.744
Train Loss 0.715
Epoch  11 | Time    92 | Train Loss 0.7069 | Test Loss 0.001 | Test Error 18.03
Train Loss 0.069
Train Loss 0.699
Train Loss 0.714
Train Loss 0.728
Train Loss 0.709
Train Loss 0.700
Train Loss 0.709
Train Loss 0.690
Epoch  12 | Time    93 | Train Loss 0.7046 | Test Loss 0.001 | Test Error 17.90
Train Loss 0.069
Train Loss 0.664
Train Loss 0.652
Train Loss 0.660
Train Loss 0.679
Train Loss 0.694
Train Loss 0.679
Train Loss 0.663
Epoch  13 | Time    92 | Train Loss 0.6535 | Test Loss 0.001 | Test Error 17.82
Train Loss 0.073
Train Loss 0.677
Train Loss 0.643
Train Loss 0.657
Train Loss 0.632
Train Loss 0.660
Train Loss 0.676
Train Loss 0.692
Epoch  14 | Time    93 | Train Loss 0.6822 | Test Loss 0.000 | Test Error 16.03
Train Loss 0.069
Train Loss 0.637
Train Loss 0.629
Train Loss 0.630
Train Loss 0.617
Train Loss 0.660
Train Loss 0.630
Train Loss 0.659
Epoch  15 | Time    92 | Train Loss 0.6220 | Test Loss 0.000 | Test Error 17.13
Train Loss 0.063
Train Loss 0.628
Train Loss 0.618
Train Loss 0.602
Train Loss 0.594
Train Loss 0.578
Train Loss 0.615
Train Loss 0.627
Epoch  16 | Time    92 | Train Loss 0.6247 | Test Loss 0.000 | Test Error 16.72
Train Loss 0.062
Train Loss 0.561
Train Loss 0.606
Train Loss 0.593
Train Loss 0.613
Train Loss 0.642
Train Loss 0.586
Train Loss 0.584
Epoch  17 | Time    92 | Train Loss 0.5929 | Test Loss 0.000 | Test Error 14.65
Train Loss 0.056
Train Loss 0.580
Train Loss 0.605
Train Loss 0.590
Train Loss 0.612
Train Loss 0.598
Train Loss 0.592
Train Loss 0.589
Epoch  18 | Time    91 | Train Loss 0.5788 | Test Loss 0.000 | Test Error 14.94
Train Loss 0.053
Train Loss 0.593
Train Loss 0.572
Train Loss 0.557
Train Loss 0.519
Train Loss 0.564
Train Loss 0.612
Train Loss 0.600
Epoch  19 | Time    92 | Train Loss 0.6040 | Test Loss 0.000 | Test Error 14.06
Train Loss 0.059
Train Loss 0.548
Train Loss 0.590
Train Loss 0.591
Train Loss 0.555
Train Loss 0.568
Train Loss 0.552
Train Loss 0.576
Epoch  20 | Time    92 | Train Loss 0.5570 | Test Loss 0.000 | Test Error 14.07
Train Loss 0.055
Train Loss 0.546
Train Loss 0.531
Train Loss 0.533
Train Loss 0.524
Train Loss 0.542
Train Loss 0.566
Train Loss 0.537
Epoch  21 | Time    92 | Train Loss 0.5478 | Test Loss 0.000 | Test Error 14.37
Train Loss 0.058
Train Loss 0.542
Train Loss 0.547
Train Loss 0.534
Train Loss 0.511
Train Loss 0.540
Train Loss 0.540
Train Loss 0.531
Epoch  22 | Time    92 | Train Loss 0.5708 | Test Loss 0.000 | Test Error 14.27
Train Loss 0.057
Train Loss 0.529
Train Loss 0.531
Train Loss 0.538
Train Loss 0.548
Train Loss 0.511
Train Loss 0.535
Train Loss 0.528
Epoch  23 | Time    92 | Train Loss 0.5135 | Test Loss 0.000 | Test Error 15.50
Train Loss 0.064
Train Loss 0.488
Train Loss 0.499
Train Loss 0.521
Train Loss 0.510
Train Loss 0.527
Train Loss 0.484
Train Loss 0.498
Epoch  24 | Time    93 | Train Loss 0.5258 | Test Loss 0.000 | Test Error 12.32
Train Loss 0.052
Train Loss 0.453
Train Loss 0.480
Train Loss 0.506
Train Loss 0.502
Train Loss 0.510
Train Loss 0.474
Train Loss 0.521
Epoch  25 | Time    92 | Train Loss 0.4935 | Test Loss 0.000 | Test Error 12.45
Train Loss 0.038
Train Loss 0.481
Train Loss 0.499
Train Loss 0.534
Train Loss 0.506
Train Loss 0.458
Train Loss 0.513
Train Loss 0.510
Epoch  26 | Time    92 | Train Loss 0.5314 | Test Loss 0.000 | Test Error 12.99
Train Loss 0.044
Train Loss 0.496
Train Loss 0.470
Train Loss 0.486
Train Loss 0.513
Train Loss 0.485
Train Loss 0.486
Train Loss 0.483
Epoch  27 | Time    93 | Train Loss 0.4687 | Test Loss 0.000 | Test Error 13.38
Train Loss 0.048
Train Loss 0.471
Train Loss 0.443
Train Loss 0.478
Train Loss 0.468
Train Loss 0.488
Train Loss 0.457
Train Loss 0.503
Epoch  28 | Time    92 | Train Loss 0.5108 | Test Loss 0.000 | Test Error 11.85
Train Loss 0.040
Train Loss 0.483
Train Loss 0.475
Train Loss 0.442
Train Loss 0.448
Train Loss 0.458
Train Loss 0.505
Train Loss 0.464
Epoch  29 | Time    92 | Train Loss 0.4547 | Test Loss 0.000 | Test Error 13.03
Train Loss 0.066
Train Loss 0.445
Train Loss 0.444
Train Loss 0.472
Train Loss 0.470
Train Loss 0.449
Train Loss 0.489
Train Loss 0.441
Epoch  30 | Time    93 | Train Loss 0.4314 | Test Loss 0.000 | Test Error 12.73
Train Loss 0.040
Train Loss 0.411
Train Loss 0.445
Train Loss 0.463
Train Loss 0.465
Train Loss 0.476
Train Loss 0.471
Train Loss 0.406
Epoch  31 | Time    93 | Train Loss 0.4163 | Test Loss 0.000 | Test Error 12.81
Train Loss 0.050
Train Loss 0.477
Train Loss 0.448
Train Loss 0.440
Train Loss 0.483
Train Loss 0.454
Train Loss 0.481
Train Loss 0.425
Epoch  32 | Time    92 | Train Loss 0.4518 | Test Loss 0.000 | Test Error 12.29
Train Loss 0.039
Train Loss 0.445
Train Loss 0.435
Train Loss 0.414
Train Loss 0.447
Train Loss 0.486
Train Loss 0.454
Train Loss 0.426
Epoch  33 | Time    92 | Train Loss 0.4204 | Test Loss 0.000 | Test Error 13.62
Train Loss 0.036
Train Loss 0.442
Train Loss 0.432
Train Loss 0.428
Train Loss 0.451
Train Loss 0.426
Train Loss 0.424
Train Loss 0.400
Epoch  34 | Time    92 | Train Loss 0.4680 | Test Loss 0.000 | Test Error 11.10
Train Loss 0.039
Train Loss 0.405
Train Loss 0.432
Train Loss 0.421
Train Loss 0.430
Train Loss 0.430
Train Loss 0.436
Train Loss 0.423
Epoch  35 | Time    92 | Train Loss 0.4471 | Test Loss 0.000 | Test Error 11.77
Train Loss 0.040
Train Loss 0.419
Train Loss 0.443
Train Loss 0.431
Train Loss 0.412
Train Loss 0.427
Train Loss 0.422
Train Loss 0.419
Epoch  36 | Time    92 | Train Loss 0.4419 | Test Loss 0.000 | Test Error 10.90
Train Loss 0.038
Train Loss 0.409
Train Loss 0.438
Train Loss 0.431
Train Loss 0.433
Train Loss 0.389
Train Loss 0.422
Train Loss 0.407
Epoch  37 | Time    92 | Train Loss 0.4130 | Test Loss 0.000 | Test Error 11.50
Train Loss 0.046
Train Loss 0.399
Train Loss 0.402
Train Loss 0.434
Train Loss 0.395
Train Loss 0.408
Train Loss 0.408
Train Loss 0.399
Epoch  38 | Time    93 | Train Loss 0.3985 | Test Loss 0.000 | Test Error 10.18
Train Loss 0.045
Train Loss 0.402
Train Loss 0.401
Train Loss 0.413
Train Loss 0.403
Train Loss 0.424
Train Loss 0.408
Train Loss 0.410
Epoch  39 | Time    93 | Train Loss 0.3847 | Test Loss 0.000 | Test Error 10.17
Train Loss 0.045
Train Loss 0.374
Train Loss 0.394
Train Loss 0.389
Train Loss 0.438
Train Loss 0.375
Train Loss 0.406
Train Loss 0.404
Epoch  40 | Time    93 | Train Loss 0.3719 | Test Loss 0.000 | Test Error 11.24
Train Loss 0.042
Train Loss 0.363
Train Loss 0.399
Train Loss 0.372
Train Loss 0.409
Train Loss 0.372
Train Loss 0.359
Train Loss 0.396
Epoch  41 | Time    92 | Train Loss 0.3942 | Test Loss 0.000 | Test Error 10.52
Train Loss 0.042
Train Loss 0.380
Train Loss 0.398
Train Loss 0.379
Train Loss 0.377
Train Loss 0.385
Train Loss 0.408
Train Loss 0.385
Epoch  42 | Time    92 | Train Loss 0.4273 | Test Loss 0.000 | Test Error 10.32
Train Loss 0.021
Train Loss 0.352
Train Loss 0.407
Train Loss 0.371
Train Loss 0.370
Train Loss 0.400
Train Loss 0.377
Train Loss 0.372
Epoch  43 | Time    92 | Train Loss 0.4103 | Test Loss 0.000 | Test Error 10.44
Train Loss 0.034
Train Loss 0.366
Train Loss 0.372
Train Loss 0.376
Train Loss 0.398
Train Loss 0.338
Train Loss 0.347
Train Loss 0.373
Epoch  44 | Time    93 | Train Loss 0.3741 | Test Loss 0.000 | Test Error 10.15
Train Loss 0.035
Train Loss 0.369
Train Loss 0.374
Train Loss 0.380
Train Loss 0.392
Train Loss 0.381
Train Loss 0.377
Train Loss 0.368
Epoch  45 | Time    93 | Train Loss 0.3654 | Test Loss 0.000 | Test Error 10.02
Train Loss 0.030
Train Loss 0.371
Train Loss 0.374
Train Loss 0.381
Train Loss 0.362
Train Loss 0.345
Train Loss 0.429
Train Loss 0.367
Epoch  46 | Time    93 | Train Loss 0.3913 | Test Loss 0.000 | Test Error 9.63
Train Loss 0.036
Train Loss 0.355
Train Loss 0.373
Train Loss 0.358
Train Loss 0.345
Train Loss 0.351
Train Loss 0.385
Train Loss 0.362
Epoch  47 | Time    92 | Train Loss 0.3774 | Test Loss 0.000 | Test Error 9.67
Train Loss 0.046
Train Loss 0.351
Train Loss 0.356
Train Loss 0.343
Train Loss 0.366
Train Loss 0.367
Train Loss 0.360
Train Loss 0.352
Epoch  48 | Time    93 | Train Loss 0.3584 | Test Loss 0.000 | Test Error 9.44
Train Loss 0.023
Train Loss 0.337
Train Loss 0.339
Train Loss 0.332
Train Loss 0.367
Train Loss 0.353
Train Loss 0.381
Train Loss 0.357
Epoch  49 | Time    92 | Train Loss 0.3830 | Test Loss 0.000 | Test Error 9.84
Train Loss 0.034
Train Loss 0.345
Train Loss 0.347
Train Loss 0.339
Train Loss 0.335
Train Loss 0.355
Train Loss 0.321
Train Loss 0.355
Epoch  50 | Time    92 | Train Loss 0.3481 | Test Loss 0.000 | Test Error 9.64
Train Loss 0.039
Train Loss 0.324
Train Loss 0.325
Train Loss 0.341
Train Loss 0.347
Train Loss 0.352
Train Loss 0.375
Train Loss 0.358
Epoch  51 | Time    93 | Train Loss 0.3542 | Test Loss 0.000 | Test Error 10.28
Train Loss 0.032
Train Loss 0.329
Train Loss 0.320
Train Loss 0.313
Train Loss 0.344
Train Loss 0.348
Train Loss 0.322
Train Loss 0.306
Epoch  52 | Time    92 | Train Loss 0.3132 | Test Loss 0.000 | Test Error 9.15
Train Loss 0.033
Train Loss 0.312
Train Loss 0.316
Train Loss 0.350
Train Loss 0.303
Train Loss 0.353
Train Loss 0.308
Train Loss 0.299
Epoch  53 | Time    92 | Train Loss 0.3414 | Test Loss 0.000 | Test Error 9.60
Train Loss 0.031
Train Loss 0.324
Train Loss 0.312
Train Loss 0.322
Train Loss 0.318
Train Loss 0.331
Train Loss 0.367
Train Loss 0.335
Epoch  54 | Time    93 | Train Loss 0.3135 | Test Loss 0.000 | Test Error 9.46
Train Loss 0.023
Train Loss 0.342
Train Loss 0.331
Train Loss 0.331
Train Loss 0.321
Train Loss 0.317
Train Loss 0.330
Train Loss 0.306
Epoch  55 | Time    92 | Train Loss 0.3275 | Test Loss 0.000 | Test Error 9.20
Train Loss 0.026
Train Loss 0.299
Train Loss 0.302
Train Loss 0.317
Train Loss 0.314
Train Loss 0.306
Train Loss 0.322
Train Loss 0.316
Epoch  56 | Time    93 | Train Loss 0.3069 | Test Loss 0.000 | Test Error 8.91
Train Loss 0.023
Train Loss 0.302
Train Loss 0.292
Train Loss 0.336
Train Loss 0.294
Train Loss 0.321
Train Loss 0.324
Train Loss 0.327
Epoch  57 | Time    92 | Train Loss 0.3216 | Test Loss 0.000 | Test Error 8.74
Train Loss 0.033
Train Loss 0.300
Train Loss 0.312
Train Loss 0.319
Train Loss 0.287
Train Loss 0.319
Train Loss 0.292
Train Loss 0.300
Epoch  58 | Time    92 | Train Loss 0.3197 | Test Loss 0.000 | Test Error 9.36
Train Loss 0.029
Train Loss 0.264
Train Loss 0.281
Train Loss 0.285
Train Loss 0.301
Train Loss 0.292
Train Loss 0.305
Train Loss 0.282
Epoch  59 | Time    93 | Train Loss 0.3047 | Test Loss 0.000 | Test Error 8.77
Train Loss 0.032
Train Loss 0.293
Train Loss 0.276
Train Loss 0.299
Train Loss 0.304
Train Loss 0.289
Train Loss 0.298
Train Loss 0.299
Epoch  60 | Time    92 | Train Loss 0.2786 | Test Loss 0.000 | Test Error 8.30
Train Loss 0.033
Train Loss 0.284
Train Loss 0.273
Train Loss 0.314
Train Loss 0.282
Train Loss 0.282
Train Loss 0.265
Train Loss 0.280
Epoch  61 | Time    92 | Train Loss 0.2880 | Test Loss 0.000 | Test Error 8.88
Train Loss 0.021
Train Loss 0.308
Train Loss 0.277
Train Loss 0.269
Train Loss 0.304
Train Loss 0.299
Train Loss 0.272
Train Loss 0.263
Epoch  62 | Time    92 | Train Loss 0.2780 | Test Loss 0.000 | Test Error 8.63
Train Loss 0.028
Train Loss 0.270
Train Loss 0.271
Train Loss 0.274
Train Loss 0.278
Train Loss 0.267
Train Loss 0.279
Train Loss 0.286
Epoch  63 | Time    92 | Train Loss 0.2542 | Test Loss 0.000 | Test Error 8.28
Train Loss 0.025
Train Loss 0.308
Train Loss 0.257
Train Loss 0.277
Train Loss 0.268
Train Loss 0.276
Train Loss 0.292
Train Loss 0.272
Epoch  64 | Time    93 | Train Loss 0.2716 | Test Loss 0.000 | Test Error 8.21
Train Loss 0.026
Train Loss 0.260
Train Loss 0.255
Train Loss 0.287
Train Loss 0.278
Train Loss 0.250
Train Loss 0.285
Train Loss 0.257
Epoch  65 | Time    93 | Train Loss 0.2594 | Test Loss 0.000 | Test Error 8.96
Train Loss 0.020
Train Loss 0.263
Train Loss 0.263
Train Loss 0.261
Train Loss 0.252
Train Loss 0.258
Train Loss 0.262
Train Loss 0.270
Epoch  66 | Time    92 | Train Loss 0.2763 | Test Loss 0.000 | Test Error 8.42
Train Loss 0.023
Train Loss 0.255
Train Loss 0.259
Train Loss 0.254
Train Loss 0.273
Train Loss 0.260
Train Loss 0.260
Train Loss 0.255
Epoch  67 | Time    93 | Train Loss 0.2815 | Test Loss 0.000 | Test Error 8.12
Train Loss 0.031
Train Loss 0.245
Train Loss 0.259
Train Loss 0.249
Train Loss 0.243
Train Loss 0.255
Train Loss 0.253
Train Loss 0.263
Epoch  68 | Time    94 | Train Loss 0.2700 | Test Loss 0.000 | Test Error 7.80
Train Loss 0.030
Train Loss 0.233
Train Loss 0.245
Train Loss 0.276
Train Loss 0.262
Train Loss 0.265
Train Loss 0.244
Train Loss 0.281
Epoch  69 | Time    93 | Train Loss 0.2492 | Test Loss 0.000 | Test Error 8.10
Train Loss 0.024
Train Loss 0.207
Train Loss 0.258
Train Loss 0.253
Train Loss 0.268
Train Loss 0.252
Train Loss 0.255
Train Loss 0.246
Epoch  70 | Time    93 | Train Loss 0.2593 | Test Loss 0.000 | Test Error 7.81
Train Loss 0.019
Train Loss 0.234
Train Loss 0.227
Train Loss 0.211
Train Loss 0.223
Train Loss 0.259
Train Loss 0.246
Train Loss 0.236
Epoch  71 | Time    92 | Train Loss 0.2610 | Test Loss 0.000 | Test Error 7.71
Train Loss 0.032
Train Loss 0.222
Train Loss 0.234
Train Loss 0.215
Train Loss 0.240
Train Loss 0.217
Train Loss 0.249
Train Loss 0.243
Epoch  72 | Time    92 | Train Loss 0.2341 | Test Loss 0.000 | Test Error 7.60
Train Loss 0.020
Train Loss 0.229
Train Loss 0.243
Train Loss 0.223
Train Loss 0.218
Train Loss 0.265
Train Loss 0.246
Train Loss 0.238
Epoch  73 | Time    93 | Train Loss 0.2324 | Test Loss 0.000 | Test Error 7.95
Train Loss 0.020
Train Loss 0.228
Train Loss 0.228
Train Loss 0.244
Train Loss 0.224
Train Loss 0.214
Train Loss 0.249
Train Loss 0.200
Epoch  74 | Time    93 | Train Loss 0.2538 | Test Loss 0.000 | Test Error 7.61
Train Loss 0.029
Train Loss 0.227
Train Loss 0.224
Train Loss 0.240
Train Loss 0.231
Train Loss 0.235
Train Loss 0.250
Train Loss 0.177
Epoch  75 | Time    92 | Train Loss 0.2121 | Test Loss 0.000 | Test Error 7.41
Train Loss 0.017
Train Loss 0.225
Train Loss 0.197
Train Loss 0.245
Train Loss 0.226
Train Loss 0.220
Train Loss 0.230
Train Loss 0.207
Epoch  76 | Time    92 | Train Loss 0.2275 | Test Loss 0.000 | Test Error 7.41
Train Loss 0.012
Train Loss 0.209
Train Loss 0.224
Train Loss 0.229
Train Loss 0.198
Train Loss 0.192
Train Loss 0.214
Train Loss 0.221
Epoch  77 | Time    94 | Train Loss 0.2113 | Test Loss 0.000 | Test Error 7.40
Train Loss 0.016
Train Loss 0.205
Train Loss 0.216
Train Loss 0.241
Train Loss 0.207
Train Loss 0.216
Train Loss 0.208
Train Loss 0.196
Epoch  78 | Time    93 | Train Loss 0.1934 | Test Loss 0.000 | Test Error 7.31
Train Loss 0.016
Train Loss 0.209
Train Loss 0.184
Train Loss 0.205
Train Loss 0.208
Train Loss 0.195
Train Loss 0.184
Train Loss 0.220
Epoch  79 | Time    93 | Train Loss 0.1906 | Test Loss 0.000 | Test Error 6.96
Train Loss 0.018
Train Loss 0.201
Train Loss 0.206
Train Loss 0.215
Train Loss 0.180
Train Loss 0.197
Train Loss 0.195
Train Loss 0.221
Epoch  80 | Time    92 | Train Loss 0.1904 | Test Loss 0.000 | Test Error 7.17
Train Loss 0.023
Train Loss 0.189
Train Loss 0.204
Train Loss 0.201
Train Loss 0.176
Train Loss 0.192
Train Loss 0.182
Train Loss 0.209
Epoch  81 | Time    92 | Train Loss 0.1806 | Test Loss 0.000 | Test Error 6.99
Train Loss 0.012
Train Loss 0.185
Train Loss 0.176
Train Loss 0.176
Train Loss 0.170
Train Loss 0.192
Train Loss 0.207
Train Loss 0.196
Epoch  82 | Time    92 | Train Loss 0.1843 | Test Loss 0.000 | Test Error 7.06
Train Loss 0.024
Train Loss 0.160
Train Loss 0.165
Train Loss 0.184
Train Loss 0.182
Train Loss 0.182
Train Loss 0.196
Train Loss 0.205
Epoch  83 | Time    92 | Train Loss 0.1725 | Test Loss 0.000 | Test Error 6.83
Train Loss 0.024
Train Loss 0.157
Train Loss 0.192
Train Loss 0.182
Train Loss 0.200
Train Loss 0.171
Train Loss 0.170
Train Loss 0.178
Epoch  84 | Time    92 | Train Loss 0.1669 | Test Loss 0.000 | Test Error 6.83
Train Loss 0.022
Train Loss 0.190
Train Loss 0.175
Train Loss 0.195
Train Loss 0.180
Train Loss 0.173
Train Loss 0.171
Train Loss 0.178
Epoch  85 | Time    92 | Train Loss 0.1884 | Test Loss 0.000 | Test Error 6.81
Train Loss 0.026
Train Loss 0.162
Train Loss 0.175
Train Loss 0.179
Train Loss 0.183
Train Loss 0.203
Train Loss 0.179
Train Loss 0.171
Epoch  86 | Time    92 | Train Loss 0.1746 | Test Loss 0.000 | Test Error 6.76
Train Loss 0.014
Train Loss 0.175
Train Loss 0.150
Train Loss 0.164
Train Loss 0.192
Train Loss 0.169
Train Loss 0.190
Train Loss 0.163
Epoch  87 | Time    92 | Train Loss 0.1707 | Test Loss 0.000 | Test Error 6.59
Train Loss 0.016
Train Loss 0.154
Train Loss 0.164
Train Loss 0.167
Train Loss 0.178
Train Loss 0.167
Train Loss 0.156
Train Loss 0.169
Epoch  88 | Time    94 | Train Loss 0.1820 | Test Loss 0.000 | Test Error 6.58
Train Loss 0.009
Train Loss 0.162
Train Loss 0.165
Train Loss 0.174
Train Loss 0.167
Train Loss 0.160
Train Loss 0.155
Train Loss 0.176
Epoch  89 | Time    93 | Train Loss 0.1451 | Test Loss 0.000 | Test Error 6.49
Train Loss 0.012
Train Loss 0.151
Train Loss 0.165
Train Loss 0.173
Train Loss 0.164
Train Loss 0.157
Train Loss 0.172
Train Loss 0.174
Epoch  90 | Time    92 | Train Loss 0.1362 | Test Loss 0.000 | Test Error 6.57
Train Loss 0.017
Train Loss 0.166
Train Loss 0.166
Train Loss 0.141
Train Loss 0.162
Train Loss 0.175
Train Loss 0.169
Train Loss 0.147
Epoch  91 | Time    92 | Train Loss 0.1666 | Test Loss 0.000 | Test Error 6.70
Train Loss 0.015
Train Loss 0.150
Train Loss 0.147
Train Loss 0.150
Train Loss 0.132
Train Loss 0.154
Train Loss 0.164
Train Loss 0.149
Epoch  92 | Time    92 | Train Loss 0.1441 | Test Loss 0.000 | Test Error 6.50
Train Loss 0.005
Train Loss 0.169
Train Loss 0.163
Train Loss 0.142
Train Loss 0.154
Train Loss 0.131
Train Loss 0.159
Train Loss 0.137
Epoch  93 | Time    92 | Train Loss 0.1572 | Test Loss 0.000 | Test Error 6.53
Train Loss 0.015
Train Loss 0.152
Train Loss 0.139
Train Loss 0.155
Train Loss 0.139
Train Loss 0.153
Train Loss 0.152
Train Loss 0.148
Epoch  94 | Time    93 | Train Loss 0.1525 | Test Loss 0.000 | Test Error 6.46
Train Loss 0.008
Train Loss 0.156
Train Loss 0.159
Train Loss 0.126
Train Loss 0.137
Train Loss 0.153
Train Loss 0.167
Train Loss 0.129
Epoch  95 | Time    93 | Train Loss 0.1457 | Test Loss 0.000 | Test Error 6.43
Train Loss 0.016
Train Loss 0.163
Train Loss 0.154
Train Loss 0.150
Train Loss 0.150
Train Loss 0.152
Train Loss 0.140
Train Loss 0.155
Epoch  96 | Time    92 | Train Loss 0.1355 | Test Loss 0.000 | Test Error 6.53
Train Loss 0.017
Train Loss 0.161
Train Loss 0.159
Train Loss 0.124
Train Loss 0.135
Train Loss 0.176
Train Loss 0.130
Train Loss 0.152
Epoch  97 | Time    92 | Train Loss 0.1559 | Test Loss 0.000 | Test Error 6.54
Train Loss 0.016
Train Loss 0.152
Train Loss 0.134
Train Loss 0.153
Train Loss 0.151
Train Loss 0.126
Train Loss 0.160
Train Loss 0.160
Epoch  98 | Time    93 | Train Loss 0.1612 | Test Loss 0.000 | Test Error 6.47
Train Loss 0.022
Train Loss 0.139
Train Loss 0.144
Train Loss 0.139
Train Loss 0.170
Train Loss 0.144
Train Loss 0.147
Train Loss 0.176
Epoch  99 | Time    92 | Train Loss 0.1411 | Test Loss 0.000 | Test Error 6.52
Train Loss 0.017
Train Loss 0.156
Train Loss 0.148
Train Loss 0.160
Train Loss 0.155
Train Loss 0.153
Train Loss 0.145
Train Loss 0.136
Epoch 100 | Time    92 | Train Loss 0.1440 | Test Loss 0.000 | Test Error 6.52
gaussian_noise
	Test Loss 0.001 | Test Error 23.240
shot_noise
	Test Loss 0.001 | Test Error 16.974
impulse_noise
	Test Loss 0.001 | Test Error 16.992
defocus_blur
	Test Loss 0.000 | Test Error 7.796
glass_blur
	Test Loss 0.001 | Test Error 24.534
motion_blur
	Test Loss 0.000 | Test Error 10.116
zoom_blur
	Test Loss 0.000 | Test Error 8.968
snow
	Test Loss 0.000 | Test Error 14.044
frost
	Test Loss 0.000 | Test Error 13.728
fog
	Test Loss 0.000 | Test Error 10.734
brightness
	Test Loss 0.000 | Test Error 7.564
contrast
	Test Loss 0.000 | Test Error 12.960
elastic_transform
	Test Loss 0.000 | Test Error 11.806
pixelate
	Test Loss 0.001 | Test Error 15.334
jpeg_compression
	Test Loss 0.000 | Test Error 13.486
Mean Corruption Error: 13.885
