/home/g051304/.conda/envs/dl21/lib/python3.10/site-packages/torch/utils/data/dataloader.py:563: UserWarning: This DataLoader will create 4 worker processes in total. Our suggested max number of worker in current system is 2, which is smaller than what this DataLoader is going to create. Please be aware that excessive worker creation might get DataLoader running slow or even freeze, lower the worker number to avoid potential slowness/freeze if necessary.
  warnings.warn(_create_warning_msg(
/home/g051304/.conda/envs/dl21/lib/python3.10/site-packages/torchvision/models/_utils.py:208: UserWarning: The parameter 'pretrained' is deprecated since 0.13 and will be removed in 0.15, please use 'weights' instead.
  warnings.warn(
/home/g051304/.conda/envs/dl21/lib/python3.10/site-packages/torchvision/models/_utils.py:223: UserWarning: Arguments other than a weight enum or `None` for 'weights' are deprecated since 0.13 and will be removed in 0.15. The current behavior is equivalent to passing `weights=None`.
  warnings.warn(msg)
Files already downloaded and verified
Files already downloaded and verified
Beginning training from epoch: 1
Train Loss 0.304
Train Loss 2.111
Train Loss 1.932
Train Loss 1.834
Train Loss 1.808
Train Loss 1.742
Train Loss 1.696
Train Loss 1.710
Epoch   1 | Time   128 | Train Loss 1.6600 | Test Loss 0.001 | Test Error 52.69
Train Loss 0.157
Train Loss 1.627
Train Loss 1.625
Train Loss 1.550
Train Loss 1.594
Train Loss 1.535
Train Loss 1.494
Train Loss 1.525
Epoch   2 | Time   122 | Train Loss 1.4993 | Test Loss 0.001 | Test Error 43.21
Train Loss 0.145
Train Loss 1.465
Train Loss 1.440
Train Loss 1.454
Train Loss 1.381
Train Loss 1.443
Train Loss 1.375
Train Loss 1.384
Epoch   3 | Time   123 | Train Loss 1.3683 | Test Loss 0.001 | Test Error 41.04
Train Loss 0.143
Train Loss 1.359
Train Loss 1.355
Train Loss 1.336
Train Loss 1.310
Train Loss 1.288
Train Loss 1.310
Train Loss 1.305
Epoch   4 | Time   123 | Train Loss 1.3105 | Test Loss 0.001 | Test Error 35.63
Train Loss 0.130
Train Loss 1.262
Train Loss 1.255
Train Loss 1.258
Train Loss 1.233
Train Loss 1.220
Train Loss 1.227
Train Loss 1.256
Epoch   5 | Time   123 | Train Loss 1.2230 | Test Loss 0.001 | Test Error 33.58
Train Loss 0.103
Train Loss 1.211
Train Loss 1.179
Train Loss 1.199
Train Loss 1.194
Train Loss 1.195
Train Loss 1.180
Train Loss 1.174
Epoch   6 | Time   123 | Train Loss 1.1776 | Test Loss 0.001 | Test Error 31.19
Train Loss 0.091
Train Loss 1.124
Train Loss 1.174
Train Loss 1.162
Train Loss 1.145
Train Loss 1.115
Train Loss 1.111
Train Loss 1.147
Epoch   7 | Time   124 | Train Loss 1.1431 | Test Loss 0.001 | Test Error 29.94
Train Loss 0.109
Train Loss 1.110
Train Loss 1.109
Train Loss 1.105
Train Loss 1.065
Train Loss 1.113
Train Loss 1.064
Train Loss 1.090
Epoch   8 | Time   124 | Train Loss 1.1143 | Test Loss 0.001 | Test Error 28.42
Train Loss 0.106
Train Loss 1.066
Train Loss 1.063
Train Loss 1.070
Train Loss 1.094
Train Loss 1.063
Train Loss 1.060
Train Loss 1.072
Epoch   9 | Time   124 | Train Loss 1.0710 | Test Loss 0.001 | Test Error 29.39
Train Loss 0.116
Train Loss 1.054
Train Loss 1.062
Train Loss 1.025
Train Loss 1.023
Train Loss 1.040
Train Loss 1.017
Train Loss 1.018
Epoch  10 | Time   124 | Train Loss 1.0309 | Test Loss 0.001 | Test Error 26.69
Train Loss 0.103
Train Loss 1.019
Train Loss 1.005
Train Loss 0.990
Train Loss 0.997
Train Loss 1.033
Train Loss 1.011
Train Loss 0.987
Epoch  11 | Time   124 | Train Loss 1.0077 | Test Loss 0.001 | Test Error 26.98
Train Loss 0.100
Train Loss 0.994
Train Loss 0.975
Train Loss 0.982
Train Loss 0.986
Train Loss 0.961
Train Loss 1.009
Train Loss 0.969
Epoch  12 | Time   124 | Train Loss 0.9790 | Test Loss 0.001 | Test Error 24.36
Train Loss 0.104
Train Loss 0.937
Train Loss 0.967
Train Loss 0.949
Train Loss 0.951
Train Loss 0.967
Train Loss 0.996
Train Loss 0.960
Epoch  13 | Time   124 | Train Loss 0.9712 | Test Loss 0.001 | Test Error 23.52
Train Loss 0.096
Train Loss 0.953
Train Loss 0.950
Train Loss 0.932
Train Loss 0.931
Train Loss 0.944
Train Loss 0.893
Train Loss 0.972
Epoch  14 | Time   124 | Train Loss 0.9244 | Test Loss 0.001 | Test Error 23.15
Train Loss 0.080
Train Loss 0.928
Train Loss 0.955
Train Loss 0.942
Train Loss 0.929
Train Loss 0.940
Train Loss 0.918
Train Loss 0.941
Epoch  15 | Time   124 | Train Loss 0.9105 | Test Loss 0.001 | Test Error 22.73
Train Loss 0.086
Train Loss 0.890
Train Loss 0.905
Train Loss 0.891
Train Loss 0.905
Train Loss 0.920
Train Loss 0.925
Train Loss 0.900
Epoch  16 | Time   124 | Train Loss 0.8919 | Test Loss 0.001 | Test Error 22.02
Train Loss 0.065
Train Loss 0.869
Train Loss 0.871
Train Loss 0.893
Train Loss 0.886
Train Loss 0.872
Train Loss 0.885
Train Loss 0.902
Epoch  17 | Time   124 | Train Loss 0.9043 | Test Loss 0.001 | Test Error 22.64
Train Loss 0.078
Train Loss 0.832
Train Loss 0.869
Train Loss 0.877
Train Loss 0.861
Train Loss 0.885
Train Loss 0.887
Train Loss 0.854
Epoch  18 | Time   124 | Train Loss 0.9085 | Test Loss 0.001 | Test Error 21.49
Train Loss 0.084
Train Loss 0.877
Train Loss 0.826
Train Loss 0.828
Train Loss 0.921
Train Loss 0.862
Train Loss 0.877
Train Loss 0.885
Epoch  19 | Time   124 | Train Loss 0.8671 | Test Loss 0.001 | Test Error 21.15
Train Loss 0.097
Train Loss 0.854
Train Loss 0.835
Train Loss 0.896
Train Loss 0.865
Train Loss 0.867
Train Loss 0.868
Train Loss 0.868
Epoch  20 | Time   124 | Train Loss 0.8597 | Test Loss 0.001 | Test Error 22.34
Train Loss 0.090
Train Loss 0.807
Train Loss 0.842
Train Loss 0.845
Train Loss 0.863
Train Loss 0.830
Train Loss 0.836
Train Loss 0.819
Epoch  21 | Time   124 | Train Loss 0.8527 | Test Loss 0.001 | Test Error 21.54
Train Loss 0.082
Train Loss 0.806
Train Loss 0.820
Train Loss 0.838
Train Loss 0.826
Train Loss 0.822
Train Loss 0.814
Train Loss 0.849
Epoch  22 | Time   124 | Train Loss 0.8016 | Test Loss 0.001 | Test Error 21.34
Train Loss 0.086
Train Loss 0.814
Train Loss 0.806
Train Loss 0.830
Train Loss 0.845
Train Loss 0.849
Train Loss 0.792
Train Loss 0.849
Epoch  23 | Time   124 | Train Loss 0.8190 | Test Loss 0.001 | Test Error 20.24
Train Loss 0.082
Train Loss 0.785
Train Loss 0.840
Train Loss 0.787
Train Loss 0.806
Train Loss 0.776
Train Loss 0.788
Train Loss 0.773
Epoch  24 | Time   124 | Train Loss 0.8133 | Test Loss 0.001 | Test Error 20.48
Train Loss 0.089
Train Loss 0.774
Train Loss 0.810
Train Loss 0.789
Train Loss 0.795
Train Loss 0.783
Train Loss 0.828
Train Loss 0.778
Epoch  25 | Time   125 | Train Loss 0.8025 | Test Loss 0.001 | Test Error 20.76
Train Loss 0.069
Train Loss 0.787
Train Loss 0.768
Train Loss 0.800
Train Loss 0.793
Train Loss 0.789
Train Loss 0.801
Train Loss 0.775
Epoch  26 | Time   124 | Train Loss 0.7799 | Test Loss 0.001 | Test Error 20.06
Train Loss 0.071
Train Loss 0.731
Train Loss 0.772
Train Loss 0.800
Train Loss 0.797
Train Loss 0.792
Train Loss 0.779
Train Loss 0.806
Epoch  27 | Time   124 | Train Loss 0.7937 | Test Loss 0.001 | Test Error 20.22
Train Loss 0.069
Train Loss 0.749
Train Loss 0.754
Train Loss 0.739
Train Loss 0.769
Train Loss 0.754
Train Loss 0.776
Train Loss 0.769
Epoch  28 | Time   124 | Train Loss 0.8084 | Test Loss 0.001 | Test Error 19.22
Train Loss 0.079
Train Loss 0.735
Train Loss 0.751
Train Loss 0.783
Train Loss 0.747
Train Loss 0.787
Train Loss 0.767
Train Loss 0.745
Epoch  29 | Time   124 | Train Loss 0.7795 | Test Loss 0.001 | Test Error 19.19
Train Loss 0.070
Train Loss 0.760
Train Loss 0.758
Train Loss 0.734
Train Loss 0.747
Train Loss 0.749
Train Loss 0.750
Train Loss 0.758
Epoch  30 | Time   124 | Train Loss 0.7293 | Test Loss 0.001 | Test Error 18.78
Train Loss 0.070
Train Loss 0.706
Train Loss 0.760
Train Loss 0.713
Train Loss 0.767
Train Loss 0.746
Train Loss 0.756
Train Loss 0.732
Epoch  31 | Time   124 | Train Loss 0.7511 | Test Loss 0.001 | Test Error 19.00
Train Loss 0.062
Train Loss 0.729
Train Loss 0.738
Train Loss 0.731
Train Loss 0.723
Train Loss 0.743
Train Loss 0.752
Train Loss 0.740
Epoch  32 | Time   124 | Train Loss 0.7474 | Test Loss 0.001 | Test Error 19.39
Train Loss 0.075
Train Loss 0.702
Train Loss 0.736
Train Loss 0.713
Train Loss 0.705
Train Loss 0.698
Train Loss 0.719
Train Loss 0.741
Epoch  33 | Time   124 | Train Loss 0.7165 | Test Loss 0.001 | Test Error 18.44
Train Loss 0.064
Train Loss 0.741
Train Loss 0.694
Train Loss 0.723
Train Loss 0.708
Train Loss 0.718
Train Loss 0.674
Train Loss 0.721
Epoch  34 | Time   124 | Train Loss 0.7047 | Test Loss 0.001 | Test Error 18.59
Train Loss 0.077
Train Loss 0.674
Train Loss 0.679
Train Loss 0.694
Train Loss 0.711
Train Loss 0.746
Train Loss 0.687
Train Loss 0.681
Epoch  35 | Time   125 | Train Loss 0.6999 | Test Loss 0.001 | Test Error 18.17
Train Loss 0.064
Train Loss 0.701
Train Loss 0.689
Train Loss 0.683
Train Loss 0.710
Train Loss 0.688
Train Loss 0.729
Train Loss 0.703
Epoch  36 | Time   125 | Train Loss 0.7383 | Test Loss 0.001 | Test Error 18.76
Train Loss 0.063
Train Loss 0.661
Train Loss 0.712
Train Loss 0.715
Train Loss 0.708
Train Loss 0.713
Train Loss 0.695
Train Loss 0.705
Epoch  37 | Time   125 | Train Loss 0.7038 | Test Loss 0.001 | Test Error 18.15
Train Loss 0.060
Train Loss 0.729
Train Loss 0.674
Train Loss 0.704
Train Loss 0.710
Train Loss 0.683
Train Loss 0.678
Train Loss 0.696
Epoch  38 | Time   124 | Train Loss 0.7183 | Test Loss 0.001 | Test Error 17.73
Train Loss 0.076
Train Loss 0.683
Train Loss 0.642
Train Loss 0.678
Train Loss 0.667
Train Loss 0.686
Train Loss 0.709
Train Loss 0.676
Epoch  39 | Time   124 | Train Loss 0.6894 | Test Loss 0.001 | Test Error 18.06
Train Loss 0.070
Train Loss 0.624
Train Loss 0.671
Train Loss 0.678
Train Loss 0.675
Train Loss 0.694
Train Loss 0.662
Train Loss 0.682
Epoch  40 | Time   124 | Train Loss 0.6607 | Test Loss 0.001 | Test Error 17.79
Train Loss 0.067
Train Loss 0.667
Train Loss 0.680
Train Loss 0.676
Train Loss 0.655
Train Loss 0.671
Train Loss 0.692
Train Loss 0.666
Epoch  41 | Time   124 | Train Loss 0.6867 | Test Loss 0.000 | Test Error 16.69
Train Loss 0.049
Train Loss 0.609
Train Loss 0.656
Train Loss 0.674
Train Loss 0.649
Train Loss 0.653
Train Loss 0.669
Train Loss 0.683
Epoch  42 | Time   124 | Train Loss 0.6427 | Test Loss 0.001 | Test Error 17.79
Train Loss 0.061
Train Loss 0.645
Train Loss 0.696
Train Loss 0.639
Train Loss 0.666
Train Loss 0.653
Train Loss 0.637
Train Loss 0.646
Epoch  43 | Time   124 | Train Loss 0.6618 | Test Loss 0.000 | Test Error 16.72
Train Loss 0.074
Train Loss 0.630
Train Loss 0.634
Train Loss 0.680
Train Loss 0.646
Train Loss 0.659
Train Loss 0.650
Train Loss 0.648
Epoch  44 | Time   124 | Train Loss 0.6374 | Test Loss 0.001 | Test Error 17.18
Train Loss 0.067
Train Loss 0.624
Train Loss 0.641
Train Loss 0.661
Train Loss 0.653
Train Loss 0.622
Train Loss 0.643
Train Loss 0.634
Epoch  45 | Time   124 | Train Loss 0.6380 | Test Loss 0.000 | Test Error 16.41
Train Loss 0.062
Train Loss 0.649
Train Loss 0.614
Train Loss 0.663
Train Loss 0.637
Train Loss 0.634
Train Loss 0.635
Train Loss 0.638
Epoch  46 | Time   124 | Train Loss 0.6324 | Test Loss 0.000 | Test Error 16.33
Train Loss 0.069
Train Loss 0.627
Train Loss 0.638
Train Loss 0.610
Train Loss 0.609
Train Loss 0.648
Train Loss 0.639
Train Loss 0.634
Epoch  47 | Time   124 | Train Loss 0.6340 | Test Loss 0.001 | Test Error 16.97
Train Loss 0.053
Train Loss 0.649
Train Loss 0.586
Train Loss 0.615
Train Loss 0.628
Train Loss 0.626
Train Loss 0.625
Train Loss 0.624
Epoch  48 | Time   124 | Train Loss 0.6632 | Test Loss 0.000 | Test Error 15.87
Train Loss 0.042
Train Loss 0.605
Train Loss 0.637
Train Loss 0.651
Train Loss 0.598
Train Loss 0.616
Train Loss 0.600
Train Loss 0.613
Epoch  49 | Time   125 | Train Loss 0.5991 | Test Loss 0.000 | Test Error 15.71
Train Loss 0.052
Train Loss 0.605
Train Loss 0.615
Train Loss 0.610
Train Loss 0.640
Train Loss 0.640
Train Loss 0.575
Train Loss 0.644
Epoch  50 | Time   124 | Train Loss 0.6186 | Test Loss 0.000 | Test Error 16.82
Train Loss 0.051
Train Loss 0.573
Train Loss 0.595
Train Loss 0.597
Train Loss 0.562
Train Loss 0.614
Train Loss 0.594
Train Loss 0.622
Epoch  51 | Time   124 | Train Loss 0.6230 | Test Loss 0.000 | Test Error 15.85
Train Loss 0.058
Train Loss 0.608
Train Loss 0.601
Train Loss 0.627
Train Loss 0.588
Train Loss 0.601
Train Loss 0.590
Train Loss 0.586
Epoch  52 | Time   125 | Train Loss 0.6094 | Test Loss 0.000 | Test Error 16.38
Train Loss 0.055
Train Loss 0.564
Train Loss 0.604
Train Loss 0.583
Train Loss 0.614
Train Loss 0.576
Train Loss 0.591
Train Loss 0.615
Epoch  53 | Time   124 | Train Loss 0.5907 | Test Loss 0.000 | Test Error 15.61
Train Loss 0.062
Train Loss 0.582
Train Loss 0.592
Train Loss 0.604
Train Loss 0.583
Train Loss 0.576
Train Loss 0.588
Train Loss 0.586
Epoch  54 | Time   124 | Train Loss 0.6216 | Test Loss 0.000 | Test Error 16.27
Train Loss 0.063
Train Loss 0.583
Train Loss 0.595
Train Loss 0.568
Train Loss 0.560
Train Loss 0.581
Train Loss 0.597
Train Loss 0.546
Epoch  55 | Time   124 | Train Loss 0.5849 | Test Loss 0.000 | Test Error 15.33
Train Loss 0.058
Train Loss 0.534
Train Loss 0.553
Train Loss 0.553
Train Loss 0.587
Train Loss 0.614
Train Loss 0.576
Train Loss 0.597
Epoch  56 | Time   124 | Train Loss 0.5731 | Test Loss 0.000 | Test Error 15.36
Train Loss 0.063
Train Loss 0.579
Train Loss 0.566
Train Loss 0.571
Train Loss 0.578
Train Loss 0.592
Train Loss 0.569
Train Loss 0.574
Epoch  57 | Time   124 | Train Loss 0.5555 | Test Loss 0.000 | Test Error 15.24
Train Loss 0.060
Train Loss 0.540
Train Loss 0.557
Train Loss 0.527
Train Loss 0.568
Train Loss 0.591
Train Loss 0.585
Train Loss 0.546
Epoch  58 | Time   124 | Train Loss 0.5860 | Test Loss 0.000 | Test Error 15.65
Train Loss 0.054
Train Loss 0.527
Train Loss 0.549
Train Loss 0.562
Train Loss 0.577
Train Loss 0.551
Train Loss 0.512
Train Loss 0.551
Epoch  59 | Time   125 | Train Loss 0.5205 | Test Loss 0.000 | Test Error 15.54
Train Loss 0.047
Train Loss 0.526
Train Loss 0.560
Train Loss 0.512
Train Loss 0.575
Train Loss 0.545
Train Loss 0.541
Train Loss 0.577
Epoch  60 | Time   124 | Train Loss 0.5466 | Test Loss 0.000 | Test Error 15.04
Train Loss 0.058
Train Loss 0.549
Train Loss 0.570
Train Loss 0.534
Train Loss 0.497
Train Loss 0.550
Train Loss 0.515
Train Loss 0.506
Epoch  61 | Time   124 | Train Loss 0.5434 | Test Loss 0.000 | Test Error 14.99
Train Loss 0.054
Train Loss 0.544
Train Loss 0.520
Train Loss 0.534
Train Loss 0.523
Train Loss 0.540
Train Loss 0.525
Train Loss 0.547
Epoch  62 | Time   124 | Train Loss 0.5364 | Test Loss 0.000 | Test Error 15.46
Train Loss 0.062
Train Loss 0.525
Train Loss 0.515
Train Loss 0.539
Train Loss 0.520
Train Loss 0.513
Train Loss 0.553
Train Loss 0.526
Epoch  63 | Time   124 | Train Loss 0.5282 | Test Loss 0.000 | Test Error 14.72
Train Loss 0.048
Train Loss 0.522
Train Loss 0.519
Train Loss 0.520
Train Loss 0.521
Train Loss 0.521
Train Loss 0.550
Train Loss 0.508
Epoch  64 | Time   124 | Train Loss 0.5390 | Test Loss 0.000 | Test Error 15.00
Train Loss 0.046
Train Loss 0.516
Train Loss 0.506
Train Loss 0.521
Train Loss 0.551
Train Loss 0.511
Train Loss 0.505
Train Loss 0.535
Epoch  65 | Time   124 | Train Loss 0.5312 | Test Loss 0.000 | Test Error 14.77
Train Loss 0.049
Train Loss 0.502
Train Loss 0.488
Train Loss 0.499
Train Loss 0.497
Train Loss 0.508
Train Loss 0.558
Train Loss 0.541
Epoch  66 | Time   124 | Train Loss 0.5322 | Test Loss 0.000 | Test Error 14.27
Train Loss 0.057
Train Loss 0.531
Train Loss 0.510
Train Loss 0.485
Train Loss 0.520
Train Loss 0.513
Train Loss 0.503
Train Loss 0.501
Epoch  67 | Time   124 | Train Loss 0.5226 | Test Loss 0.000 | Test Error 14.35
Train Loss 0.049
Train Loss 0.483
Train Loss 0.498
Train Loss 0.503
Train Loss 0.462
Train Loss 0.492
Train Loss 0.506
Train Loss 0.495
Epoch  68 | Time   125 | Train Loss 0.5192 | Test Loss 0.000 | Test Error 14.68
Train Loss 0.045
Train Loss 0.463
Train Loss 0.510
Train Loss 0.473
Train Loss 0.472
Train Loss 0.512
Train Loss 0.503
Train Loss 0.523
Epoch  69 | Time   124 | Train Loss 0.5009 | Test Loss 0.000 | Test Error 14.64
Train Loss 0.054
Train Loss 0.477
Train Loss 0.495
Train Loss 0.511
Train Loss 0.503
Train Loss 0.481
Train Loss 0.475
Train Loss 0.468
Epoch  70 | Time   124 | Train Loss 0.4845 | Test Loss 0.000 | Test Error 14.52
Train Loss 0.051
Train Loss 0.463
Train Loss 0.471
Train Loss 0.478
Train Loss 0.475
Train Loss 0.502
Train Loss 0.491
Train Loss 0.479
Epoch  71 | Time   124 | Train Loss 0.4741 | Test Loss 0.000 | Test Error 14.31
Train Loss 0.037
Train Loss 0.461
Train Loss 0.467
Train Loss 0.472
Train Loss 0.481
Train Loss 0.476
Train Loss 0.480
Train Loss 0.493
Epoch  72 | Time   124 | Train Loss 0.4588 | Test Loss 0.000 | Test Error 13.89
Train Loss 0.032
Train Loss 0.480
Train Loss 0.461
Train Loss 0.498
Train Loss 0.465
Train Loss 0.463
Train Loss 0.445
Train Loss 0.502
Epoch  73 | Time   124 | Train Loss 0.4823 | Test Loss 0.000 | Test Error 14.19
Train Loss 0.044
Train Loss 0.479
Train Loss 0.450
Train Loss 0.472
Train Loss 0.472
Train Loss 0.478
Train Loss 0.484
Train Loss 0.443
Epoch  74 | Time   124 | Train Loss 0.4773 | Test Loss 0.000 | Test Error 13.93
Train Loss 0.046
Train Loss 0.458
Train Loss 0.467
Train Loss 0.456
Train Loss 0.475
Train Loss 0.433
Train Loss 0.426
Train Loss 0.466
Epoch  75 | Time   124 | Train Loss 0.4853 | Test Loss 0.000 | Test Error 13.80
Train Loss 0.055
Train Loss 0.445
Train Loss 0.453
Train Loss 0.477
Train Loss 0.433
Train Loss 0.450
Train Loss 0.440
Train Loss 0.427
Epoch  76 | Time   124 | Train Loss 0.4474 | Test Loss 0.000 | Test Error 13.50
Train Loss 0.046
Train Loss 0.397
Train Loss 0.473
Train Loss 0.449
Train Loss 0.440
Train Loss 0.462
Train Loss 0.461
Train Loss 0.427
Epoch  77 | Time   125 | Train Loss 0.4475 | Test Loss 0.000 | Test Error 13.29
Train Loss 0.052
Train Loss 0.431
Train Loss 0.440
Train Loss 0.442
Train Loss 0.433
Train Loss 0.439
Train Loss 0.442
Train Loss 0.427
Epoch  78 | Time   124 | Train Loss 0.4150 | Test Loss 0.000 | Test Error 13.54
Train Loss 0.039
Train Loss 0.432
Train Loss 0.405
Train Loss 0.437
Train Loss 0.455
Train Loss 0.420
Train Loss 0.437
Train Loss 0.457
Epoch  79 | Time   124 | Train Loss 0.4304 | Test Loss 0.000 | Test Error 13.49
Train Loss 0.050
Train Loss 0.438
Train Loss 0.432
Train Loss 0.441
Train Loss 0.423
Train Loss 0.405
Train Loss 0.417
Train Loss 0.446
Epoch  80 | Time   124 | Train Loss 0.4229 | Test Loss 0.000 | Test Error 13.57
Train Loss 0.040
Train Loss 0.411
Train Loss 0.398
Train Loss 0.422
Train Loss 0.430
Train Loss 0.416
Train Loss 0.416
Train Loss 0.438
Epoch  81 | Time   124 | Train Loss 0.4237 | Test Loss 0.000 | Test Error 13.60
Train Loss 0.055
Train Loss 0.419
Train Loss 0.402
Train Loss 0.406
Train Loss 0.425
Train Loss 0.424
Train Loss 0.451
Train Loss 0.426
Epoch  82 | Time   124 | Train Loss 0.4274 | Test Loss 0.000 | Test Error 13.63
Train Loss 0.044
Train Loss 0.422
Train Loss 0.425
Train Loss 0.414
Train Loss 0.417
Train Loss 0.418
Train Loss 0.402
Train Loss 0.424
Epoch  83 | Time   124 | Train Loss 0.4014 | Test Loss 0.000 | Test Error 13.45
Train Loss 0.035
Train Loss 0.432
Train Loss 0.401
Train Loss 0.385
Train Loss 0.386
Train Loss 0.406
Train Loss 0.394
Train Loss 0.386
Epoch  84 | Time   124 | Train Loss 0.4241 | Test Loss 0.000 | Test Error 13.17
Train Loss 0.034
Train Loss 0.409
Train Loss 0.428
Train Loss 0.403
Train Loss 0.399
Train Loss 0.384
Train Loss 0.421
Train Loss 0.396
Epoch  85 | Time   124 | Train Loss 0.4378 | Test Loss 0.000 | Test Error 13.02
Train Loss 0.037
Train Loss 0.391
Train Loss 0.365
Train Loss 0.437
Train Loss 0.398
Train Loss 0.402
Train Loss 0.402
Train Loss 0.395
Epoch  86 | Time   124 | Train Loss 0.3947 | Test Loss 0.000 | Test Error 13.06
Train Loss 0.030
Train Loss 0.370
Train Loss 0.376
Train Loss 0.394
Train Loss 0.409
Train Loss 0.392
Train Loss 0.383
Train Loss 0.414
Epoch  87 | Time   124 | Train Loss 0.3908 | Test Loss 0.000 | Test Error 12.98
Train Loss 0.040
Train Loss 0.395
Train Loss 0.420
Train Loss 0.388
Train Loss 0.427
Train Loss 0.352
Train Loss 0.411
Train Loss 0.411
Epoch  88 | Time   124 | Train Loss 0.3890 | Test Loss 0.000 | Test Error 13.03
Train Loss 0.045
Train Loss 0.385
Train Loss 0.369
Train Loss 0.369
Train Loss 0.379
Train Loss 0.374
Train Loss 0.376
Train Loss 0.408
Epoch  89 | Time   124 | Train Loss 0.3971 | Test Loss 0.000 | Test Error 13.08
Train Loss 0.039
Train Loss 0.378
Train Loss 0.374
Train Loss 0.402
Train Loss 0.402
Train Loss 0.367
Train Loss 0.378
Train Loss 0.375
Epoch  90 | Time   124 | Train Loss 0.3679 | Test Loss 0.000 | Test Error 13.13
Train Loss 0.030
Train Loss 0.370
Train Loss 0.382
Train Loss 0.384
Train Loss 0.361
Train Loss 0.382
Train Loss 0.388
Train Loss 0.384
Epoch  91 | Time   124 | Train Loss 0.3897 | Test Loss 0.000 | Test Error 13.07
Train Loss 0.032
Train Loss 0.396
Train Loss 0.369
Train Loss 0.357
Train Loss 0.387
Train Loss 0.362
Train Loss 0.393
Train Loss 0.380
Epoch  92 | Time   125 | Train Loss 0.3693 | Test Loss 0.000 | Test Error 13.11
Train Loss 0.051
Train Loss 0.386
Train Loss 0.368
Train Loss 0.348
Train Loss 0.373
Train Loss 0.358
Train Loss 0.386
Train Loss 0.365
Epoch  93 | Time   124 | Train Loss 0.3570 | Test Loss 0.000 | Test Error 12.93
Train Loss 0.037
Train Loss 0.371
Train Loss 0.356
Train Loss 0.342
Train Loss 0.382
Train Loss 0.372
Train Loss 0.384
Train Loss 0.365
Epoch  94 | Time   124 | Train Loss 0.3429 | Test Loss 0.000 | Test Error 12.84
Train Loss 0.028
Train Loss 0.381
Train Loss 0.376
Train Loss 0.365
Train Loss 0.369
Train Loss 0.383
Train Loss 0.367
Train Loss 0.346
Epoch  95 | Time   124 | Train Loss 0.3608 | Test Loss 0.000 | Test Error 12.92
Train Loss 0.040
Train Loss 0.355
Train Loss 0.361
Train Loss 0.392
Train Loss 0.357
Train Loss 0.381
Train Loss 0.357
Train Loss 0.352
Epoch  96 | Time   124 | Train Loss 0.3872 | Test Loss 0.000 | Test Error 12.78
Train Loss 0.031
Train Loss 0.377
Train Loss 0.360
Train Loss 0.370
Train Loss 0.376
Train Loss 0.351
Train Loss 0.383
Train Loss 0.415
Epoch  97 | Time   124 | Train Loss 0.3820 | Test Loss 0.000 | Test Error 12.91
Train Loss 0.036
Train Loss 0.381
Train Loss 0.386
Train Loss 0.344
Train Loss 0.356
Train Loss 0.387
Train Loss 0.366
Train Loss 0.371
Epoch  98 | Time   124 | Train Loss 0.3324 | Test Loss 0.000 | Test Error 12.91
Train Loss 0.041
Train Loss 0.335
Train Loss 0.360
Train Loss 0.358
Train Loss 0.337
Train Loss 0.341
Train Loss 0.372
Train Loss 0.351
Epoch  99 | Time   124 | Train Loss 0.3724 | Test Loss 0.000 | Test Error 12.85
Train Loss 0.029
Train Loss 0.364
Train Loss 0.364
Train Loss 0.378
Train Loss 0.358
Train Loss 0.356
Train Loss 0.371
Train Loss 0.367
Epoch 100 | Time   125 | Train Loss 0.3421 | Test Loss 0.000 | Test Error 12.94
gaussian_noise
	Test Loss 0.001 | Test Error 19.510
shot_noise
	Test Loss 0.001 | Test Error 17.270
impulse_noise
	Test Loss 0.001 | Test Error 24.644
defocus_blur
	Test Loss 0.000 | Test Error 14.648
glass_blur
	Test Loss 0.001 | Test Error 22.238
motion_blur
	Test Loss 0.001 | Test Error 17.188
zoom_blur
	Test Loss 0.000 | Test Error 16.114
snow
	Test Loss 0.001 | Test Error 19.334
frost
	Test Loss 0.001 | Test Error 18.992
fog
	Test Loss 0.001 | Test Error 21.204
brightness
	Test Loss 0.000 | Test Error 14.644
contrast
	Test Loss 0.001 | Test Error 26.978
elastic_transform
	Test Loss 0.001 | Test Error 17.478
pixelate
	Test Loss 0.000 | Test Error 15.072
jpeg_compression
	Test Loss 0.000 | Test Error 15.824
Mean Corruption Error: 18.743
