/home/g051304/.conda/envs/dl21/lib/python3.10/site-packages/torch/utils/data/dataloader.py:563: UserWarning: This DataLoader will create 4 worker processes in total. Our suggested max number of worker in current system is 2, which is smaller than what this DataLoader is going to create. Please be aware that excessive worker creation might get DataLoader running slow or even freeze, lower the worker number to avoid potential slowness/freeze if necessary.
  warnings.warn(_create_warning_msg(
/home/g051304/.conda/envs/dl21/lib/python3.10/site-packages/torchvision/models/_utils.py:208: UserWarning: The parameter 'pretrained' is deprecated since 0.13 and will be removed in 0.15, please use 'weights' instead.
  warnings.warn(
/home/g051304/.conda/envs/dl21/lib/python3.10/site-packages/torchvision/models/_utils.py:223: UserWarning: Arguments other than a weight enum or `None` for 'weights' are deprecated since 0.13 and will be removed in 0.15. The current behavior is equivalent to passing `weights=None`.
  warnings.warn(msg)
Files already downloaded and verified
Files already downloaded and verified
Beginning training from epoch: 1
Train Loss 0.304
Train Loss 2.121
Train Loss 1.960
Train Loss 1.858
Train Loss 1.833
Train Loss 1.762
Train Loss 1.716
Train Loss 1.738
Epoch   1 | Time   130 | Train Loss 1.6817 | Test Loss 0.001 | Test Error 53.03
Train Loss 0.161
Train Loss 1.652
Train Loss 1.644
Train Loss 1.576
Train Loss 1.613
Train Loss 1.569
Train Loss 1.529
Train Loss 1.557
Epoch   2 | Time   124 | Train Loss 1.5242 | Test Loss 0.001 | Test Error 45.83
Train Loss 0.152
Train Loss 1.484
Train Loss 1.477
Train Loss 1.483
Train Loss 1.390
Train Loss 1.453
Train Loss 1.387
Train Loss 1.407
Epoch   3 | Time   125 | Train Loss 1.3940 | Test Loss 0.001 | Test Error 41.19
Train Loss 0.144
Train Loss 1.403
Train Loss 1.370
Train Loss 1.361
Train Loss 1.332
Train Loss 1.307
Train Loss 1.330
Train Loss 1.324
Epoch   4 | Time   125 | Train Loss 1.3337 | Test Loss 0.001 | Test Error 36.20
Train Loss 0.134
Train Loss 1.278
Train Loss 1.274
Train Loss 1.273
Train Loss 1.250
Train Loss 1.253
Train Loss 1.268
Train Loss 1.261
Epoch   5 | Time   124 | Train Loss 1.2293 | Test Loss 0.001 | Test Error 34.03
Train Loss 0.109
Train Loss 1.231
Train Loss 1.197
Train Loss 1.218
Train Loss 1.210
Train Loss 1.211
Train Loss 1.198
Train Loss 1.190
Epoch   6 | Time   125 | Train Loss 1.1873 | Test Loss 0.001 | Test Error 32.14
Train Loss 0.098
Train Loss 1.156
Train Loss 1.177
Train Loss 1.174
Train Loss 1.163
Train Loss 1.121
Train Loss 1.104
Train Loss 1.157
Epoch   7 | Time   125 | Train Loss 1.1548 | Test Loss 0.001 | Test Error 30.16
Train Loss 0.112
Train Loss 1.118
Train Loss 1.129
Train Loss 1.123
Train Loss 1.081
Train Loss 1.134
Train Loss 1.070
Train Loss 1.099
Epoch   8 | Time   124 | Train Loss 1.1322 | Test Loss 0.001 | Test Error 29.85
Train Loss 0.108
Train Loss 1.074
Train Loss 1.086
Train Loss 1.093
Train Loss 1.116
Train Loss 1.072
Train Loss 1.041
Train Loss 1.088
Epoch   9 | Time   125 | Train Loss 1.0761 | Test Loss 0.001 | Test Error 28.52
Train Loss 0.111
Train Loss 1.068
Train Loss 1.065
Train Loss 1.031
Train Loss 1.042
Train Loss 1.063
Train Loss 1.034
Train Loss 1.034
Epoch  10 | Time   125 | Train Loss 1.0511 | Test Loss 0.001 | Test Error 27.22
Train Loss 0.105
Train Loss 1.028
Train Loss 1.017
Train Loss 1.009
Train Loss 1.020
Train Loss 1.036
Train Loss 1.039
Train Loss 1.001
Epoch  11 | Time   124 | Train Loss 1.0233 | Test Loss 0.001 | Test Error 26.39
Train Loss 0.091
Train Loss 0.995
Train Loss 0.994
Train Loss 0.987
Train Loss 0.997
Train Loss 0.977
Train Loss 1.029
Train Loss 0.958
Epoch  12 | Time   125 | Train Loss 1.0011 | Test Loss 0.001 | Test Error 25.25
Train Loss 0.101
Train Loss 0.945
Train Loss 0.977
Train Loss 0.952
Train Loss 0.968
Train Loss 0.986
Train Loss 1.006
Train Loss 0.989
Epoch  13 | Time   125 | Train Loss 0.9923 | Test Loss 0.001 | Test Error 24.00
Train Loss 0.090
Train Loss 0.957
Train Loss 0.965
Train Loss 0.938
Train Loss 0.934
Train Loss 0.958
Train Loss 0.905
Train Loss 0.970
Epoch  14 | Time   125 | Train Loss 0.9282 | Test Loss 0.001 | Test Error 24.04
Train Loss 0.082
Train Loss 0.947
Train Loss 0.943
Train Loss 0.955
Train Loss 0.914
Train Loss 0.948
Train Loss 0.940
Train Loss 0.938
Epoch  15 | Time   125 | Train Loss 0.9074 | Test Loss 0.001 | Test Error 23.30
Train Loss 0.086
Train Loss 0.922
Train Loss 0.904
Train Loss 0.904
Train Loss 0.916
Train Loss 0.924
Train Loss 0.920
Train Loss 0.903
Epoch  16 | Time   125 | Train Loss 0.8892 | Test Loss 0.001 | Test Error 22.47
Train Loss 0.068
Train Loss 0.888
Train Loss 0.882
Train Loss 0.892
Train Loss 0.904
Train Loss 0.881
Train Loss 0.895
Train Loss 0.877
Epoch  17 | Time   125 | Train Loss 0.9027 | Test Loss 0.001 | Test Error 23.23
Train Loss 0.078
Train Loss 0.831
Train Loss 0.873
Train Loss 0.905
Train Loss 0.854
Train Loss 0.907
Train Loss 0.885
Train Loss 0.859
Epoch  18 | Time   125 | Train Loss 0.9051 | Test Loss 0.001 | Test Error 21.62
Train Loss 0.079
Train Loss 0.882
Train Loss 0.858
Train Loss 0.847
Train Loss 0.917
Train Loss 0.873
Train Loss 0.886
Train Loss 0.886
Epoch  19 | Time   126 | Train Loss 0.8789 | Test Loss 0.001 | Test Error 21.47
Train Loss 0.099
Train Loss 0.849
Train Loss 0.835
Train Loss 0.909
Train Loss 0.880
Train Loss 0.878
Train Loss 0.864
Train Loss 0.876
Epoch  20 | Time   125 | Train Loss 0.8542 | Test Loss 0.001 | Test Error 20.99
Train Loss 0.077
Train Loss 0.809
Train Loss 0.839
Train Loss 0.840
Train Loss 0.864
Train Loss 0.841
Train Loss 0.833
Train Loss 0.834
Epoch  21 | Time   125 | Train Loss 0.8514 | Test Loss 0.001 | Test Error 21.22
Train Loss 0.083
Train Loss 0.836
Train Loss 0.822
Train Loss 0.843
Train Loss 0.836
Train Loss 0.814
Train Loss 0.819
Train Loss 0.850
Epoch  22 | Time   125 | Train Loss 0.8094 | Test Loss 0.001 | Test Error 21.35
Train Loss 0.081
Train Loss 0.805
Train Loss 0.796
Train Loss 0.829
Train Loss 0.845
Train Loss 0.830
Train Loss 0.797
Train Loss 0.846
Epoch  23 | Time   126 | Train Loss 0.8210 | Test Loss 0.001 | Test Error 21.65
Train Loss 0.077
Train Loss 0.805
Train Loss 0.844
Train Loss 0.784
Train Loss 0.811
Train Loss 0.765
Train Loss 0.794
Train Loss 0.779
Epoch  24 | Time   125 | Train Loss 0.8323 | Test Loss 0.001 | Test Error 19.77
Train Loss 0.099
Train Loss 0.774
Train Loss 0.799
Train Loss 0.796
Train Loss 0.793
Train Loss 0.799
Train Loss 0.834
Train Loss 0.791
Epoch  25 | Time   125 | Train Loss 0.7843 | Test Loss 0.001 | Test Error 20.51
Train Loss 0.070
Train Loss 0.796
Train Loss 0.775
Train Loss 0.804
Train Loss 0.795
Train Loss 0.801
Train Loss 0.801
Train Loss 0.763
Epoch  26 | Time   125 | Train Loss 0.7717 | Test Loss 0.001 | Test Error 20.30
Train Loss 0.077
Train Loss 0.743
Train Loss 0.776
Train Loss 0.795
Train Loss 0.818
Train Loss 0.772
Train Loss 0.786
Train Loss 0.802
Epoch  27 | Time   125 | Train Loss 0.7993 | Test Loss 0.001 | Test Error 19.74
Train Loss 0.065
Train Loss 0.730
Train Loss 0.757
Train Loss 0.744
Train Loss 0.760
Train Loss 0.750
Train Loss 0.776
Train Loss 0.777
Epoch  28 | Time   125 | Train Loss 0.8132 | Test Loss 0.001 | Test Error 20.37
Train Loss 0.083
Train Loss 0.736
Train Loss 0.740
Train Loss 0.776
Train Loss 0.740
Train Loss 0.791
Train Loss 0.759
Train Loss 0.745
Epoch  29 | Time   125 | Train Loss 0.7898 | Test Loss 0.001 | Test Error 19.67
Train Loss 0.068
Train Loss 0.761
Train Loss 0.750
Train Loss 0.746
Train Loss 0.745
Train Loss 0.727
Train Loss 0.754
Train Loss 0.745
Epoch  30 | Time   124 | Train Loss 0.7211 | Test Loss 0.001 | Test Error 19.19
Train Loss 0.065
Train Loss 0.717
Train Loss 0.734
Train Loss 0.697
Train Loss 0.750
Train Loss 0.741
Train Loss 0.753
Train Loss 0.735
Epoch  31 | Time   125 | Train Loss 0.7449 | Test Loss 0.001 | Test Error 19.17
Train Loss 0.057
Train Loss 0.728
Train Loss 0.734
Train Loss 0.723
Train Loss 0.732
Train Loss 0.741
Train Loss 0.736
Train Loss 0.742
Epoch  32 | Time   125 | Train Loss 0.7644 | Test Loss 0.001 | Test Error 19.00
Train Loss 0.077
Train Loss 0.714
Train Loss 0.737
Train Loss 0.712
Train Loss 0.709
Train Loss 0.718
Train Loss 0.715
Train Loss 0.729
Epoch  33 | Time   125 | Train Loss 0.7263 | Test Loss 0.001 | Test Error 17.84
Train Loss 0.065
Train Loss 0.739
Train Loss 0.690
Train Loss 0.710
Train Loss 0.731
Train Loss 0.708
Train Loss 0.674
Train Loss 0.724
Epoch  34 | Time   125 | Train Loss 0.7186 | Test Loss 0.001 | Test Error 18.80
Train Loss 0.069
Train Loss 0.682
Train Loss 0.672
Train Loss 0.709
Train Loss 0.714
Train Loss 0.740
Train Loss 0.711
Train Loss 0.693
Epoch  35 | Time   125 | Train Loss 0.7346 | Test Loss 0.001 | Test Error 18.60
Train Loss 0.073
Train Loss 0.680
Train Loss 0.682
Train Loss 0.682
Train Loss 0.694
Train Loss 0.701
Train Loss 0.709
Train Loss 0.696
Epoch  36 | Time   125 | Train Loss 0.7250 | Test Loss 0.001 | Test Error 19.57
Train Loss 0.063
Train Loss 0.655
Train Loss 0.694
Train Loss 0.682
Train Loss 0.699
Train Loss 0.708
Train Loss 0.708
Train Loss 0.695
Epoch  37 | Time   125 | Train Loss 0.6825 | Test Loss 0.001 | Test Error 17.84
Train Loss 0.064
Train Loss 0.721
Train Loss 0.652
Train Loss 0.702
Train Loss 0.682
Train Loss 0.699
Train Loss 0.690
Train Loss 0.696
Epoch  38 | Time   125 | Train Loss 0.7426 | Test Loss 0.001 | Test Error 17.51
Train Loss 0.080
Train Loss 0.684
Train Loss 0.647
Train Loss 0.691
Train Loss 0.681
Train Loss 0.666
Train Loss 0.685
Train Loss 0.675
Epoch  39 | Time   126 | Train Loss 0.6831 | Test Loss 0.001 | Test Error 17.47
Train Loss 0.064
Train Loss 0.630
Train Loss 0.676
Train Loss 0.696
Train Loss 0.674
Train Loss 0.688
Train Loss 0.662
Train Loss 0.687
Epoch  40 | Time   125 | Train Loss 0.6567 | Test Loss 0.001 | Test Error 17.84
Train Loss 0.070
Train Loss 0.689
Train Loss 0.678
Train Loss 0.676
Train Loss 0.656
Train Loss 0.652
Train Loss 0.682
Train Loss 0.666
Epoch  41 | Time   125 | Train Loss 0.7118 | Test Loss 0.001 | Test Error 17.88
Train Loss 0.059
Train Loss 0.601
Train Loss 0.662
Train Loss 0.684
Train Loss 0.646
Train Loss 0.636
Train Loss 0.656
Train Loss 0.679
Epoch  42 | Time   126 | Train Loss 0.6510 | Test Loss 0.001 | Test Error 17.50
Train Loss 0.063
Train Loss 0.648
Train Loss 0.703
Train Loss 0.637
Train Loss 0.656
Train Loss 0.660
Train Loss 0.626
Train Loss 0.642
Epoch  43 | Time   125 | Train Loss 0.6411 | Test Loss 0.000 | Test Error 16.84
Train Loss 0.075
Train Loss 0.630
Train Loss 0.658
Train Loss 0.683
Train Loss 0.660
Train Loss 0.663
Train Loss 0.654
Train Loss 0.646
Epoch  44 | Time   125 | Train Loss 0.6430 | Test Loss 0.001 | Test Error 17.16
Train Loss 0.064
Train Loss 0.623
Train Loss 0.654
Train Loss 0.663
Train Loss 0.641
Train Loss 0.624
Train Loss 0.640
Train Loss 0.636
Epoch  45 | Time   125 | Train Loss 0.6521 | Test Loss 0.000 | Test Error 16.69
Train Loss 0.058
Train Loss 0.648
Train Loss 0.619
Train Loss 0.640
Train Loss 0.633
Train Loss 0.633
Train Loss 0.647
Train Loss 0.650
Epoch  46 | Time   124 | Train Loss 0.6268 | Test Loss 0.000 | Test Error 16.78
Train Loss 0.067
Train Loss 0.606
Train Loss 0.650
Train Loss 0.626
Train Loss 0.600
Train Loss 0.660
Train Loss 0.649
Train Loss 0.628
Epoch  47 | Time   126 | Train Loss 0.6355 | Test Loss 0.000 | Test Error 16.49
Train Loss 0.046
Train Loss 0.631
Train Loss 0.576
Train Loss 0.623
Train Loss 0.624
Train Loss 0.623
Train Loss 0.614
Train Loss 0.620
Epoch  48 | Time   126 | Train Loss 0.6825 | Test Loss 0.000 | Test Error 16.59
Train Loss 0.051
Train Loss 0.590
Train Loss 0.644
Train Loss 0.642
Train Loss 0.602
Train Loss 0.603
Train Loss 0.596
Train Loss 0.613
Epoch  49 | Time   126 | Train Loss 0.5684 | Test Loss 0.000 | Test Error 16.45
Train Loss 0.053
Train Loss 0.586
Train Loss 0.628
Train Loss 0.598
Train Loss 0.636
Train Loss 0.630
Train Loss 0.587
Train Loss 0.633
Epoch  50 | Time   126 | Train Loss 0.6204 | Test Loss 0.000 | Test Error 16.92
Train Loss 0.050
Train Loss 0.564
Train Loss 0.584
Train Loss 0.600
Train Loss 0.558
Train Loss 0.610
Train Loss 0.580
Train Loss 0.616
Epoch  51 | Time   126 | Train Loss 0.6416 | Test Loss 0.000 | Test Error 16.18
Train Loss 0.056
Train Loss 0.596
Train Loss 0.581
Train Loss 0.620
Train Loss 0.568
Train Loss 0.609
Train Loss 0.608
Train Loss 0.558
Epoch  52 | Time   125 | Train Loss 0.6011 | Test Loss 0.000 | Test Error 16.28
Train Loss 0.062
Train Loss 0.559
Train Loss 0.593
Train Loss 0.589
Train Loss 0.610
Train Loss 0.583
Train Loss 0.583
Train Loss 0.616
Epoch  53 | Time   125 | Train Loss 0.5786 | Test Loss 0.000 | Test Error 15.81
Train Loss 0.060
Train Loss 0.598
Train Loss 0.602
Train Loss 0.587
Train Loss 0.575
Train Loss 0.558
Train Loss 0.585
Train Loss 0.586
Epoch  54 | Time   125 | Train Loss 0.6257 | Test Loss 0.000 | Test Error 15.40
Train Loss 0.065
Train Loss 0.583
Train Loss 0.578
Train Loss 0.576
Train Loss 0.559
Train Loss 0.586
Train Loss 0.592
Train Loss 0.537
Epoch  55 | Time   124 | Train Loss 0.5940 | Test Loss 0.000 | Test Error 15.50
Train Loss 0.063
Train Loss 0.538
Train Loss 0.563
Train Loss 0.559
Train Loss 0.575
Train Loss 0.621
Train Loss 0.551
Train Loss 0.606
Epoch  56 | Time   125 | Train Loss 0.5662 | Test Loss 0.000 | Test Error 15.37
Train Loss 0.061
Train Loss 0.584
Train Loss 0.537
Train Loss 0.557
Train Loss 0.573
Train Loss 0.597
Train Loss 0.557
Train Loss 0.586
Epoch  57 | Time   125 | Train Loss 0.5562 | Test Loss 0.000 | Test Error 15.39
Train Loss 0.056
Train Loss 0.556
Train Loss 0.551
Train Loss 0.546
Train Loss 0.553
Train Loss 0.582
Train Loss 0.576
Train Loss 0.534
Epoch  58 | Time   125 | Train Loss 0.5613 | Test Loss 0.000 | Test Error 15.72
Train Loss 0.054
Train Loss 0.491
Train Loss 0.554
Train Loss 0.551
Train Loss 0.574
Train Loss 0.553
Train Loss 0.542
Train Loss 0.544
Epoch  59 | Time   126 | Train Loss 0.5301 | Test Loss 0.000 | Test Error 15.25
Train Loss 0.038
Train Loss 0.519
Train Loss 0.552
Train Loss 0.521
Train Loss 0.555
Train Loss 0.539
Train Loss 0.562
Train Loss 0.563
Epoch  60 | Time   126 | Train Loss 0.5347 | Test Loss 0.000 | Test Error 14.83
Train Loss 0.054
Train Loss 0.545
Train Loss 0.549
Train Loss 0.553
Train Loss 0.507
Train Loss 0.570
Train Loss 0.508
Train Loss 0.500
Epoch  61 | Time   126 | Train Loss 0.5498 | Test Loss 0.000 | Test Error 15.32
Train Loss 0.049
Train Loss 0.527
Train Loss 0.510
Train Loss 0.516
Train Loss 0.521
Train Loss 0.507
Train Loss 0.520
Train Loss 0.545
Epoch  62 | Time   125 | Train Loss 0.5355 | Test Loss 0.000 | Test Error 14.89
Train Loss 0.060
Train Loss 0.531
Train Loss 0.506
Train Loss 0.540
Train Loss 0.499
Train Loss 0.515
Train Loss 0.552
Train Loss 0.524
Epoch  63 | Time   125 | Train Loss 0.5206 | Test Loss 0.000 | Test Error 14.49
Train Loss 0.058
Train Loss 0.539
Train Loss 0.525
Train Loss 0.530
Train Loss 0.511
Train Loss 0.535
Train Loss 0.544
Train Loss 0.502
Epoch  64 | Time   125 | Train Loss 0.5235 | Test Loss 0.000 | Test Error 14.56
Train Loss 0.045
Train Loss 0.520
Train Loss 0.498
Train Loss 0.540
Train Loss 0.519
Train Loss 0.514
Train Loss 0.541
Train Loss 0.514
Epoch  65 | Time   124 | Train Loss 0.5335 | Test Loss 0.000 | Test Error 14.71
Train Loss 0.053
Train Loss 0.514
Train Loss 0.493
Train Loss 0.493
Train Loss 0.478
Train Loss 0.503
Train Loss 0.551
Train Loss 0.540
Epoch  66 | Time   125 | Train Loss 0.5228 | Test Loss 0.000 | Test Error 14.70
Train Loss 0.055
Train Loss 0.537
Train Loss 0.515
Train Loss 0.483
Train Loss 0.522
Train Loss 0.517
Train Loss 0.491
Train Loss 0.509
Epoch  67 | Time   126 | Train Loss 0.5113 | Test Loss 0.000 | Test Error 14.35
Train Loss 0.052
Train Loss 0.481
Train Loss 0.495
Train Loss 0.504
Train Loss 0.465
Train Loss 0.488
Train Loss 0.484
Train Loss 0.496
Epoch  68 | Time   126 | Train Loss 0.5136 | Test Loss 0.000 | Test Error 14.84
Train Loss 0.043
Train Loss 0.460
Train Loss 0.502
Train Loss 0.469
Train Loss 0.474
Train Loss 0.488
Train Loss 0.504
Train Loss 0.518
Epoch  69 | Time   126 | Train Loss 0.5089 | Test Loss 0.000 | Test Error 14.06
Train Loss 0.050
Train Loss 0.464
Train Loss 0.473
Train Loss 0.519
Train Loss 0.495
Train Loss 0.485
Train Loss 0.485
Train Loss 0.486
Epoch  70 | Time   126 | Train Loss 0.4737 | Test Loss 0.000 | Test Error 14.60
Train Loss 0.046
Train Loss 0.464
Train Loss 0.459
Train Loss 0.488
Train Loss 0.460
Train Loss 0.485
Train Loss 0.479
Train Loss 0.475
Epoch  71 | Time   126 | Train Loss 0.4689 | Test Loss 0.000 | Test Error 14.33
Train Loss 0.032
Train Loss 0.452
Train Loss 0.457
Train Loss 0.454
Train Loss 0.484
Train Loss 0.474
Train Loss 0.467
Train Loss 0.477
Epoch  72 | Time   124 | Train Loss 0.4714 | Test Loss 0.000 | Test Error 14.33
Train Loss 0.036
Train Loss 0.483
Train Loss 0.457
Train Loss 0.501
Train Loss 0.454
Train Loss 0.458
Train Loss 0.454
Train Loss 0.498
Epoch  73 | Time   125 | Train Loss 0.4699 | Test Loss 0.000 | Test Error 14.61
Train Loss 0.042
Train Loss 0.491
Train Loss 0.459
Train Loss 0.463
Train Loss 0.466
Train Loss 0.477
Train Loss 0.487
Train Loss 0.450
Epoch  74 | Time   126 | Train Loss 0.4752 | Test Loss 0.000 | Test Error 14.02
Train Loss 0.042
Train Loss 0.434
Train Loss 0.478
Train Loss 0.451
Train Loss 0.464
Train Loss 0.436
Train Loss 0.418
Train Loss 0.454
Epoch  75 | Time   125 | Train Loss 0.4639 | Test Loss 0.000 | Test Error 14.21
Train Loss 0.053
Train Loss 0.444
Train Loss 0.467
Train Loss 0.493
Train Loss 0.441
Train Loss 0.436
Train Loss 0.433
Train Loss 0.418
Epoch  76 | Time   125 | Train Loss 0.4591 | Test Loss 0.000 | Test Error 13.97
Train Loss 0.046
Train Loss 0.406
Train Loss 0.450
Train Loss 0.465
Train Loss 0.435
Train Loss 0.450
Train Loss 0.470
Train Loss 0.429
Epoch  77 | Time   125 | Train Loss 0.4448 | Test Loss 0.000 | Test Error 13.76
Train Loss 0.048
Train Loss 0.421
Train Loss 0.417
Train Loss 0.441
Train Loss 0.448
Train Loss 0.443
Train Loss 0.439
Train Loss 0.442
Epoch  78 | Time   125 | Train Loss 0.4311 | Test Loss 0.000 | Test Error 13.93
Train Loss 0.040
Train Loss 0.434
Train Loss 0.407
Train Loss 0.429
Train Loss 0.440
Train Loss 0.414
Train Loss 0.451
Train Loss 0.448
Epoch  79 | Time   125 | Train Loss 0.4277 | Test Loss 0.000 | Test Error 14.09
Train Loss 0.048
Train Loss 0.412
Train Loss 0.425
Train Loss 0.415
Train Loss 0.413
Train Loss 0.416
Train Loss 0.414
Train Loss 0.441
Epoch  80 | Time   126 | Train Loss 0.4186 | Test Loss 0.000 | Test Error 13.52
Train Loss 0.048
Train Loss 0.407
Train Loss 0.405
Train Loss 0.411
Train Loss 0.421
Train Loss 0.412
Train Loss 0.410
Train Loss 0.439
Epoch  81 | Time   125 | Train Loss 0.4124 | Test Loss 0.000 | Test Error 13.75
Train Loss 0.053
Train Loss 0.412
Train Loss 0.404
Train Loss 0.403
Train Loss 0.414
Train Loss 0.410
Train Loss 0.425
Train Loss 0.415
Epoch  82 | Time   125 | Train Loss 0.4271 | Test Loss 0.000 | Test Error 14.05
Train Loss 0.034
Train Loss 0.414
Train Loss 0.408
Train Loss 0.405
Train Loss 0.425
Train Loss 0.413
Train Loss 0.395
Train Loss 0.401
Epoch  83 | Time   126 | Train Loss 0.3908 | Test Loss 0.000 | Test Error 13.65
Train Loss 0.035
Train Loss 0.415
Train Loss 0.391
Train Loss 0.390
Train Loss 0.408
Train Loss 0.401
Train Loss 0.395
Train Loss 0.386
Epoch  84 | Time   126 | Train Loss 0.4044 | Test Loss 0.000 | Test Error 13.38
Train Loss 0.037
Train Loss 0.409
Train Loss 0.395
Train Loss 0.395
Train Loss 0.406
Train Loss 0.392
Train Loss 0.426
Train Loss 0.396
Epoch  85 | Time   125 | Train Loss 0.4190 | Test Loss 0.000 | Test Error 13.41
Train Loss 0.042
Train Loss 0.400
Train Loss 0.384
Train Loss 0.426
Train Loss 0.375
Train Loss 0.398
Train Loss 0.407
Train Loss 0.390
Epoch  86 | Time   125 | Train Loss 0.4069 | Test Loss 0.000 | Test Error 13.50
Train Loss 0.026
Train Loss 0.359
Train Loss 0.385
Train Loss 0.404
Train Loss 0.425
Train Loss 0.394
Train Loss 0.370
Train Loss 0.393
Epoch  87 | Time   125 | Train Loss 0.3901 | Test Loss 0.000 | Test Error 13.54
Train Loss 0.040
Train Loss 0.390
Train Loss 0.409
Train Loss 0.365
Train Loss 0.417
Train Loss 0.353
Train Loss 0.411
Train Loss 0.401
Epoch  88 | Time   125 | Train Loss 0.3841 | Test Loss 0.000 | Test Error 13.46
Train Loss 0.049
Train Loss 0.382
Train Loss 0.373
Train Loss 0.381
Train Loss 0.384
Train Loss 0.364
Train Loss 0.356
Train Loss 0.405
Epoch  89 | Time   125 | Train Loss 0.3878 | Test Loss 0.000 | Test Error 13.27
Train Loss 0.035
Train Loss 0.387
Train Loss 0.375
Train Loss 0.398
Train Loss 0.383
Train Loss 0.366
Train Loss 0.375
Train Loss 0.374
Epoch  90 | Time   125 | Train Loss 0.3696 | Test Loss 0.000 | Test Error 13.33
Train Loss 0.031
Train Loss 0.362
Train Loss 0.385
Train Loss 0.374
Train Loss 0.367
Train Loss 0.378
Train Loss 0.375
Train Loss 0.383
Epoch  91 | Time   125 | Train Loss 0.3857 | Test Loss 0.000 | Test Error 13.28
Train Loss 0.026
Train Loss 0.388
Train Loss 0.374
Train Loss 0.365
Train Loss 0.390
Train Loss 0.372
Train Loss 0.374
Train Loss 0.383
Epoch  92 | Time   125 | Train Loss 0.3483 | Test Loss 0.000 | Test Error 13.25
Train Loss 0.042
Train Loss 0.370
Train Loss 0.365
Train Loss 0.339
Train Loss 0.359
Train Loss 0.349
Train Loss 0.387
Train Loss 0.357
Epoch  93 | Time   125 | Train Loss 0.3625 | Test Loss 0.000 | Test Error 13.11
Train Loss 0.032
Train Loss 0.372
Train Loss 0.359
Train Loss 0.341
Train Loss 0.362
Train Loss 0.354
Train Loss 0.387
Train Loss 0.369
Epoch  94 | Time   125 | Train Loss 0.3498 | Test Loss 0.000 | Test Error 13.23
Train Loss 0.024
Train Loss 0.398
Train Loss 0.370
Train Loss 0.345
Train Loss 0.385
Train Loss 0.383
Train Loss 0.359
Train Loss 0.339
Epoch  95 | Time   125 | Train Loss 0.3713 | Test Loss 0.000 | Test Error 13.04
Train Loss 0.044
Train Loss 0.351
Train Loss 0.360
Train Loss 0.367
Train Loss 0.368
Train Loss 0.358
Train Loss 0.357
Train Loss 0.363
Epoch  96 | Time   125 | Train Loss 0.3752 | Test Loss 0.000 | Test Error 13.22
Train Loss 0.030
Train Loss 0.373
Train Loss 0.356
Train Loss 0.389
Train Loss 0.386
Train Loss 0.339
Train Loss 0.392
Train Loss 0.405
Epoch  97 | Time   125 | Train Loss 0.3540 | Test Loss 0.000 | Test Error 13.25
Train Loss 0.038
Train Loss 0.380
Train Loss 0.370
Train Loss 0.358
Train Loss 0.371
Train Loss 0.358
Train Loss 0.364
Train Loss 0.371
Epoch  98 | Time   125 | Train Loss 0.3351 | Test Loss 0.000 | Test Error 13.17
Train Loss 0.042
Train Loss 0.344
Train Loss 0.349
Train Loss 0.353
Train Loss 0.359
Train Loss 0.341
Train Loss 0.393
Train Loss 0.346
Epoch  99 | Time   125 | Train Loss 0.3638 | Test Loss 0.000 | Test Error 13.05
Train Loss 0.027
Train Loss 0.362
Train Loss 0.351
Train Loss 0.381
Train Loss 0.363
Train Loss 0.348
Train Loss 0.373
Train Loss 0.366
Epoch 100 | Time   125 | Train Loss 0.3309 | Test Loss 0.000 | Test Error 13.25
gaussian_noise
	Test Loss 0.001 | Test Error 19.900
shot_noise
	Test Loss 0.001 | Test Error 17.620
impulse_noise
	Test Loss 0.001 | Test Error 25.032
defocus_blur
	Test Loss 0.000 | Test Error 14.924
glass_blur
	Test Loss 0.001 | Test Error 22.192
motion_blur
	Test Loss 0.001 | Test Error 17.450
zoom_blur
	Test Loss 0.000 | Test Error 16.372
snow
	Test Loss 0.001 | Test Error 19.736
frost
	Test Loss 0.001 | Test Error 19.448
fog
	Test Loss 0.001 | Test Error 21.662
brightness
	Test Loss 0.000 | Test Error 15.014
contrast
	Test Loss 0.001 | Test Error 27.034
elastic_transform
	Test Loss 0.001 | Test Error 17.586
pixelate
	Test Loss 0.000 | Test Error 15.196
jpeg_compression
	Test Loss 0.000 | Test Error 16.192
Mean Corruption Error: 19.024
