/home/g051304/.conda/envs/dl21/lib/python3.10/site-packages/torch/utils/data/dataloader.py:563: UserWarning: This DataLoader will create 4 worker processes in total. Our suggested max number of worker in current system is 2, which is smaller than what this DataLoader is going to create. Please be aware that excessive worker creation might get DataLoader running slow or even freeze, lower the worker number to avoid potential slowness/freeze if necessary.
  warnings.warn(_create_warning_msg(
/home/g051304/.conda/envs/dl21/lib/python3.10/site-packages/torchvision/models/_utils.py:208: UserWarning: The parameter 'pretrained' is deprecated since 0.13 and will be removed in 0.15, please use 'weights' instead.
  warnings.warn(
/home/g051304/.conda/envs/dl21/lib/python3.10/site-packages/torchvision/models/_utils.py:223: UserWarning: Arguments other than a weight enum or `None` for 'weights' are deprecated since 0.13 and will be removed in 0.15. The current behavior is equivalent to passing `weights=ConvNeXt_Tiny_Weights.IMAGENET1K_V1`. You can also use `weights=ConvNeXt_Tiny_Weights.DEFAULT` to get the most up-to-date weights.
  warnings.warn(msg)
Files already downloaded and verified
Files already downloaded and verified
Beginning training from epoch: 1
Train Loss 0.261
Train Loss 1.629
Train Loss 1.210
Train Loss 1.058
Train Loss 0.952
Train Loss 0.922
Train Loss 0.927
Train Loss 0.886
Epoch   1 | Time   135 | Train Loss 0.8401 | Test Loss 0.001 | Test Error 21.54
Train Loss 0.093
Train Loss 0.783
Train Loss 0.786
Train Loss 0.809
Train Loss 0.810
Train Loss 0.781
Train Loss 0.758
Train Loss 0.720
Epoch   2 | Time   131 | Train Loss 0.7399 | Test Loss 0.000 | Test Error 17.10
Train Loss 0.076
Train Loss 0.735
Train Loss 0.699
Train Loss 0.674
Train Loss 0.692
Train Loss 0.707
Train Loss 0.713
Train Loss 0.660
Epoch   3 | Time   131 | Train Loss 0.7153 | Test Loss 0.000 | Test Error 15.14
Train Loss 0.057
Train Loss 0.650
Train Loss 0.659
Train Loss 0.644
Train Loss 0.646
Train Loss 0.652
Train Loss 0.670
Train Loss 0.629
Epoch   4 | Time   130 | Train Loss 0.6454 | Test Loss 0.000 | Test Error 12.52
Train Loss 0.057
Train Loss 0.628
Train Loss 0.615
Train Loss 0.643
Train Loss 0.618
Train Loss 0.636
Train Loss 0.587
Train Loss 0.583
Epoch   5 | Time   131 | Train Loss 0.6081 | Test Loss 0.000 | Test Error 13.26
Train Loss 0.059
Train Loss 0.624
Train Loss 0.553
Train Loss 0.607
Train Loss 0.561
Train Loss 0.589
Train Loss 0.583
Train Loss 0.596
Epoch   6 | Time   131 | Train Loss 0.6129 | Test Loss 0.000 | Test Error 12.15
Train Loss 0.052
Train Loss 0.549
Train Loss 0.589
Train Loss 0.545
Train Loss 0.542
Train Loss 0.584
Train Loss 0.557
Train Loss 0.564
Epoch   7 | Time   131 | Train Loss 0.5557 | Test Loss 0.000 | Test Error 12.11
Train Loss 0.070
Train Loss 0.565
Train Loss 0.545
Train Loss 0.547
Train Loss 0.554
Train Loss 0.556
Train Loss 0.509
Train Loss 0.553
Epoch   8 | Time   131 | Train Loss 0.5422 | Test Loss 0.000 | Test Error 11.45
Train Loss 0.055
Train Loss 0.505
Train Loss 0.545
Train Loss 0.537
Train Loss 0.525
Train Loss 0.525
Train Loss 0.531
Train Loss 0.532
Epoch   9 | Time   131 | Train Loss 0.5275 | Test Loss 0.000 | Test Error 11.80
Train Loss 0.051
Train Loss 0.524
Train Loss 0.512
Train Loss 0.510
Train Loss 0.528
Train Loss 0.533
Train Loss 0.490
Train Loss 0.509
Epoch  10 | Time   131 | Train Loss 0.5394 | Test Loss 0.000 | Test Error 10.82
Train Loss 0.070
Train Loss 0.518
Train Loss 0.505
Train Loss 0.502
Train Loss 0.502
Train Loss 0.460
Train Loss 0.512
Train Loss 0.504
Epoch  11 | Time   131 | Train Loss 0.5001 | Test Loss 0.000 | Test Error 11.99
Train Loss 0.055
Train Loss 0.507
Train Loss 0.497
Train Loss 0.506
Train Loss 0.522
Train Loss 0.465
Train Loss 0.501
Train Loss 0.511
Epoch  12 | Time   131 | Train Loss 0.4802 | Test Loss 0.000 | Test Error 10.95
Train Loss 0.046
Train Loss 0.478
Train Loss 0.457
Train Loss 0.502
Train Loss 0.493
Train Loss 0.469
Train Loss 0.454
Train Loss 0.495
Epoch  13 | Time   131 | Train Loss 0.5007 | Test Loss 0.000 | Test Error 10.89
Train Loss 0.048
Train Loss 0.458
Train Loss 0.476
Train Loss 0.479
Train Loss 0.471
Train Loss 0.484
Train Loss 0.491
Train Loss 0.450
Epoch  14 | Time   131 | Train Loss 0.5021 | Test Loss 0.000 | Test Error 10.26
Train Loss 0.050
Train Loss 0.500
Train Loss 0.496
Train Loss 0.437
Train Loss 0.492
Train Loss 0.470
Train Loss 0.437
Train Loss 0.500
Epoch  15 | Time   131 | Train Loss 0.4843 | Test Loss 0.000 | Test Error 10.29
Train Loss 0.054
Train Loss 0.468
Train Loss 0.448
Train Loss 0.458
Train Loss 0.469
Train Loss 0.448
Train Loss 0.492
Train Loss 0.490
Epoch  16 | Time   131 | Train Loss 0.4572 | Test Loss 0.000 | Test Error 10.60
Train Loss 0.052
Train Loss 0.488
Train Loss 0.487
Train Loss 0.448
Train Loss 0.435
Train Loss 0.469
Train Loss 0.476
Train Loss 0.451
Epoch  17 | Time   131 | Train Loss 0.4706 | Test Loss 0.000 | Test Error 11.13
Train Loss 0.038
Train Loss 0.473
Train Loss 0.437
Train Loss 0.439
Train Loss 0.436
Train Loss 0.468
Train Loss 0.469
Train Loss 0.426
Epoch  18 | Time   131 | Train Loss 0.4623 | Test Loss 0.000 | Test Error 10.64
Train Loss 0.048
Train Loss 0.463
Train Loss 0.455
Train Loss 0.462
Train Loss 0.446
Train Loss 0.475
Train Loss 0.436
Train Loss 0.433
Epoch  19 | Time   132 | Train Loss 0.4609 | Test Loss 0.000 | Test Error 10.12
Train Loss 0.048
Train Loss 0.468
Train Loss 0.453
Train Loss 0.442
Train Loss 0.450
Train Loss 0.455
Train Loss 0.466
Train Loss 0.434
Epoch  20 | Time   131 | Train Loss 0.4483 | Test Loss 0.000 | Test Error 10.45
Train Loss 0.043
Train Loss 0.423
Train Loss 0.437
Train Loss 0.419
Train Loss 0.465
Train Loss 0.436
Train Loss 0.419
Train Loss 0.444
Epoch  21 | Time   131 | Train Loss 0.4504 | Test Loss 0.000 | Test Error 9.93
Train Loss 0.038
Train Loss 0.433
Train Loss 0.399
Train Loss 0.449
Train Loss 0.452
Train Loss 0.428
Train Loss 0.453
Train Loss 0.445
Epoch  22 | Time   131 | Train Loss 0.4678 | Test Loss 0.000 | Test Error 10.37
Train Loss 0.038
Train Loss 0.420
Train Loss 0.440
Train Loss 0.407
Train Loss 0.444
Train Loss 0.450
Train Loss 0.416
Train Loss 0.421
Epoch  23 | Time   131 | Train Loss 0.4454 | Test Loss 0.000 | Test Error 10.41
Train Loss 0.048
Train Loss 0.402
Train Loss 0.387
Train Loss 0.418
Train Loss 0.406
Train Loss 0.431
Train Loss 0.437
Train Loss 0.432
Epoch  24 | Time   131 | Train Loss 0.4406 | Test Loss 0.000 | Test Error 10.41
Train Loss 0.038
Train Loss 0.402
Train Loss 0.412
Train Loss 0.407
Train Loss 0.435
Train Loss 0.432
Train Loss 0.444
Train Loss 0.422
Epoch  25 | Time   131 | Train Loss 0.4115 | Test Loss 0.000 | Test Error 9.43
Train Loss 0.024
Train Loss 0.386
Train Loss 0.445
Train Loss 0.428
Train Loss 0.409
Train Loss 0.423
Train Loss 0.433
Train Loss 0.429
Epoch  26 | Time   131 | Train Loss 0.4574 | Test Loss 0.000 | Test Error 9.45
Train Loss 0.041
Train Loss 0.423
Train Loss 0.399
Train Loss 0.426
Train Loss 0.418
Train Loss 0.430
Train Loss 0.429
Train Loss 0.411
Epoch  27 | Time   131 | Train Loss 0.4409 | Test Loss 0.000 | Test Error 9.82
Train Loss 0.029
Train Loss 0.394
Train Loss 0.411
Train Loss 0.429
Train Loss 0.404
Train Loss 0.414
Train Loss 0.429
Train Loss 0.391
Epoch  28 | Time   131 | Train Loss 0.4129 | Test Loss 0.000 | Test Error 10.23
Train Loss 0.032
Train Loss 0.401
Train Loss 0.389
Train Loss 0.400
Train Loss 0.446
Train Loss 0.421
Train Loss 0.453
Train Loss 0.402
Epoch  29 | Time   130 | Train Loss 0.3915 | Test Loss 0.000 | Test Error 10.86
Train Loss 0.040
Train Loss 0.399
Train Loss 0.395
Train Loss 0.414
Train Loss 0.424
Train Loss 0.410
Train Loss 0.388
Train Loss 0.430
Epoch  30 | Time   130 | Train Loss 0.4147 | Test Loss 0.000 | Test Error 10.72
Train Loss 0.060
Train Loss 0.371
Train Loss 0.402
Train Loss 0.424
Train Loss 0.415
Train Loss 0.426
Train Loss 0.415
Train Loss 0.407
Epoch  31 | Time   131 | Train Loss 0.3988 | Test Loss 0.000 | Test Error 9.89
Train Loss 0.050
Train Loss 0.399
Train Loss 0.380
Train Loss 0.400
Train Loss 0.415
Train Loss 0.420
Train Loss 0.410
Train Loss 0.401
Epoch  32 | Time   131 | Train Loss 0.3943 | Test Loss 0.000 | Test Error 10.31
Train Loss 0.047
Train Loss 0.392
Train Loss 0.380
Train Loss 0.415
Train Loss 0.398
Train Loss 0.407
Train Loss 0.398
Train Loss 0.388
Epoch  33 | Time   131 | Train Loss 0.3957 | Test Loss 0.000 | Test Error 9.77
Train Loss 0.037
Train Loss 0.364
Train Loss 0.392
Train Loss 0.411
Train Loss 0.397
Train Loss 0.414
Train Loss 0.395
Train Loss 0.406
Epoch  34 | Time   131 | Train Loss 0.3961 | Test Loss 0.000 | Test Error 9.37
Train Loss 0.032
Train Loss 0.397
Train Loss 0.397
Train Loss 0.393
Train Loss 0.389
Train Loss 0.378
Train Loss 0.365
Train Loss 0.411
Epoch  35 | Time   131 | Train Loss 0.3982 | Test Loss 0.000 | Test Error 10.00
Train Loss 0.038
Train Loss 0.385
Train Loss 0.381
Train Loss 0.406
Train Loss 0.388
Train Loss 0.405
Train Loss 0.424
Train Loss 0.385
Epoch  36 | Time   131 | Train Loss 0.3690 | Test Loss 0.000 | Test Error 9.71
Train Loss 0.028
Train Loss 0.387
Train Loss 0.409
Train Loss 0.396
Train Loss 0.376
Train Loss 0.400
Train Loss 0.387
Train Loss 0.440
Epoch  37 | Time   131 | Train Loss 0.3983 | Test Loss 0.000 | Test Error 9.67
Train Loss 0.041
Train Loss 0.371
Train Loss 0.394
Train Loss 0.420
Train Loss 0.392
Train Loss 0.382
Train Loss 0.376
Train Loss 0.396
Epoch  38 | Time   132 | Train Loss 0.3900 | Test Loss 0.000 | Test Error 9.66
Train Loss 0.041
Train Loss 0.348
Train Loss 0.374
Train Loss 0.408
Train Loss 0.379
Train Loss 0.387
Train Loss 0.402
Train Loss 0.386
Epoch  39 | Time   131 | Train Loss 0.4221 | Test Loss 0.000 | Test Error 10.36
Train Loss 0.048
Train Loss 0.367
Train Loss 0.377
Train Loss 0.396
Train Loss 0.408
Train Loss 0.372
Train Loss 0.388
Train Loss 0.378
Epoch  40 | Time   132 | Train Loss 0.4000 | Test Loss 0.000 | Test Error 9.60
Train Loss 0.034
Train Loss 0.391
Train Loss 0.367
Train Loss 0.398
Train Loss 0.383
Train Loss 0.394
Train Loss 0.400
Train Loss 0.400
Epoch  41 | Time   131 | Train Loss 0.3899 | Test Loss 0.000 | Test Error 10.24
Train Loss 0.037
Train Loss 0.390
Train Loss 0.367
Train Loss 0.368
Train Loss 0.380
Train Loss 0.367
Train Loss 0.349
Train Loss 0.410
Epoch  42 | Time   131 | Train Loss 0.3876 | Test Loss 0.000 | Test Error 9.44
Train Loss 0.046
Train Loss 0.381
Train Loss 0.385
Train Loss 0.358
Train Loss 0.406
Train Loss 0.382
Train Loss 0.374
Train Loss 0.405
Epoch  43 | Time   131 | Train Loss 0.3896 | Test Loss 0.000 | Test Error 9.68
Train Loss 0.031
Train Loss 0.367
Train Loss 0.386
Train Loss 0.386
Train Loss 0.403
Train Loss 0.373
Train Loss 0.368
Train Loss 0.383
Epoch  44 | Time   131 | Train Loss 0.3747 | Test Loss 0.000 | Test Error 9.58
Train Loss 0.038
Train Loss 0.359
Train Loss 0.367
Train Loss 0.371
Train Loss 0.374
Train Loss 0.363
Train Loss 0.378
Train Loss 0.374
Epoch  45 | Time   132 | Train Loss 0.3477 | Test Loss 0.000 | Test Error 9.38
Train Loss 0.044
Train Loss 0.339
Train Loss 0.383
Train Loss 0.372
Train Loss 0.360
Train Loss 0.386
Train Loss 0.369
Train Loss 0.367
Epoch  46 | Time   132 | Train Loss 0.3604 | Test Loss 0.000 | Test Error 9.43
Train Loss 0.035
Train Loss 0.359
Train Loss 0.345
Train Loss 0.383
Train Loss 0.351
Train Loss 0.352
Train Loss 0.361
Train Loss 0.348
Epoch  47 | Time   132 | Train Loss 0.3815 | Test Loss 0.000 | Test Error 9.90
Train Loss 0.037
Train Loss 0.347
Train Loss 0.371
Train Loss 0.371
Train Loss 0.360
Train Loss 0.348
Train Loss 0.359
Train Loss 0.343
Epoch  48 | Time   132 | Train Loss 0.3381 | Test Loss 0.000 | Test Error 9.34
Train Loss 0.039
Train Loss 0.350
Train Loss 0.342
Train Loss 0.336
Train Loss 0.359
Train Loss 0.352
Train Loss 0.335
Train Loss 0.361
Epoch  49 | Time   131 | Train Loss 0.3529 | Test Loss 0.000 | Test Error 9.57
Train Loss 0.042
Train Loss 0.378
Train Loss 0.384
Train Loss 0.340
Train Loss 0.348
Train Loss 0.331
Train Loss 0.400
Train Loss 0.348
Epoch  50 | Time   131 | Train Loss 0.3569 | Test Loss 0.000 | Test Error 9.81
Train Loss 0.042
Train Loss 0.361
Train Loss 0.327
Train Loss 0.360
Train Loss 0.325
Train Loss 0.332
Train Loss 0.351
Train Loss 0.355
Epoch  51 | Time   131 | Train Loss 0.3466 | Test Loss 0.000 | Test Error 8.99
Train Loss 0.038
Train Loss 0.340
Train Loss 0.343
Train Loss 0.349
Train Loss 0.329
Train Loss 0.348
Train Loss 0.366
Train Loss 0.347
Epoch  52 | Time   131 | Train Loss 0.3556 | Test Loss 0.000 | Test Error 8.73
Train Loss 0.034
Train Loss 0.331
Train Loss 0.326
Train Loss 0.336
Train Loss 0.330
Train Loss 0.357
Train Loss 0.356
Train Loss 0.331
Epoch  53 | Time   131 | Train Loss 0.3315 | Test Loss 0.000 | Test Error 9.44
Train Loss 0.033
Train Loss 0.345
Train Loss 0.355
Train Loss 0.344
Train Loss 0.351
Train Loss 0.357
Train Loss 0.345
Train Loss 0.341
Epoch  54 | Time   131 | Train Loss 0.3466 | Test Loss 0.000 | Test Error 8.73
Train Loss 0.029
Train Loss 0.316
Train Loss 0.316
Train Loss 0.358
Train Loss 0.338
Train Loss 0.333
Train Loss 0.368
Train Loss 0.349
Epoch  55 | Time   131 | Train Loss 0.3435 | Test Loss 0.000 | Test Error 9.38
Train Loss 0.035
Train Loss 0.301
Train Loss 0.341
Train Loss 0.335
Train Loss 0.353
Train Loss 0.324
Train Loss 0.314
Train Loss 0.354
Epoch  56 | Time   132 | Train Loss 0.3308 | Test Loss 0.000 | Test Error 9.13
Train Loss 0.039
Train Loss 0.320
Train Loss 0.333
Train Loss 0.319
Train Loss 0.318
Train Loss 0.313
Train Loss 0.341
Train Loss 0.346
Epoch  57 | Time   132 | Train Loss 0.3312 | Test Loss 0.000 | Test Error 9.26
Train Loss 0.039
Train Loss 0.300
Train Loss 0.348
Train Loss 0.316
Train Loss 0.324
Train Loss 0.310
Train Loss 0.334
Train Loss 0.327
Epoch  58 | Time   132 | Train Loss 0.3191 | Test Loss 0.000 | Test Error 9.32
Train Loss 0.036
Train Loss 0.305
Train Loss 0.325
Train Loss 0.327
Train Loss 0.318
Train Loss 0.318
Train Loss 0.314
Train Loss 0.328
Epoch  59 | Time   131 | Train Loss 0.3170 | Test Loss 0.000 | Test Error 8.65
Train Loss 0.030
Train Loss 0.301
Train Loss 0.309
Train Loss 0.306
Train Loss 0.311
Train Loss 0.317
Train Loss 0.305
Train Loss 0.311
Epoch  60 | Time   131 | Train Loss 0.3498 | Test Loss 0.000 | Test Error 9.22
Train Loss 0.041
Train Loss 0.308
Train Loss 0.298
Train Loss 0.295
Train Loss 0.311
Train Loss 0.318
Train Loss 0.297
Train Loss 0.299
Epoch  61 | Time   131 | Train Loss 0.3244 | Test Loss 0.000 | Test Error 8.99
Train Loss 0.027
Train Loss 0.318
Train Loss 0.305
Train Loss 0.339
Train Loss 0.318
Train Loss 0.334
Train Loss 0.298
Train Loss 0.310
Epoch  62 | Time   131 | Train Loss 0.3379 | Test Loss 0.000 | Test Error 8.10
Train Loss 0.027
Train Loss 0.293
Train Loss 0.285
Train Loss 0.295
Train Loss 0.300
Train Loss 0.295
Train Loss 0.319
Train Loss 0.312
Epoch  63 | Time   131 | Train Loss 0.2882 | Test Loss 0.000 | Test Error 8.78
Train Loss 0.034
Train Loss 0.328
Train Loss 0.298
Train Loss 0.301
Train Loss 0.310
Train Loss 0.292
Train Loss 0.292
Train Loss 0.279
Epoch  64 | Time   132 | Train Loss 0.2990 | Test Loss 0.000 | Test Error 8.00
Train Loss 0.028
Train Loss 0.285
Train Loss 0.271
Train Loss 0.307
Train Loss 0.320
Train Loss 0.301
Train Loss 0.308
Train Loss 0.292
Epoch  65 | Time   132 | Train Loss 0.3140 | Test Loss 0.000 | Test Error 8.51
Train Loss 0.030
Train Loss 0.291
Train Loss 0.278
Train Loss 0.302
Train Loss 0.274
Train Loss 0.309
Train Loss 0.284
Train Loss 0.307
Epoch  66 | Time   132 | Train Loss 0.3121 | Test Loss 0.000 | Test Error 8.59
Train Loss 0.031
Train Loss 0.292
Train Loss 0.277
Train Loss 0.294
Train Loss 0.298
Train Loss 0.254
Train Loss 0.295
Train Loss 0.279
Epoch  67 | Time   132 | Train Loss 0.2848 | Test Loss 0.000 | Test Error 8.28
Train Loss 0.030
Train Loss 0.290
Train Loss 0.283
Train Loss 0.306
Train Loss 0.269
Train Loss 0.285
Train Loss 0.287
Train Loss 0.271
Epoch  68 | Time   131 | Train Loss 0.2914 | Test Loss 0.000 | Test Error 8.84
Train Loss 0.035
Train Loss 0.259
Train Loss 0.259
Train Loss 0.266
Train Loss 0.272
Train Loss 0.267
Train Loss 0.277
Train Loss 0.288
Epoch  69 | Time   131 | Train Loss 0.2896 | Test Loss 0.000 | Test Error 7.96
Train Loss 0.027
Train Loss 0.283
Train Loss 0.285
Train Loss 0.251
Train Loss 0.285
Train Loss 0.289
Train Loss 0.269
Train Loss 0.269
Epoch  70 | Time   131 | Train Loss 0.2869 | Test Loss 0.000 | Test Error 8.58
Train Loss 0.024
Train Loss 0.261
Train Loss 0.268
Train Loss 0.268
Train Loss 0.259
Train Loss 0.286
Train Loss 0.288
Train Loss 0.265
Epoch  71 | Time   131 | Train Loss 0.2571 | Test Loss 0.000 | Test Error 8.06
Train Loss 0.024
Train Loss 0.292
Train Loss 0.232
Train Loss 0.279
Train Loss 0.267
Train Loss 0.255
Train Loss 0.293
Train Loss 0.257
Epoch  72 | Time   131 | Train Loss 0.2620 | Test Loss 0.000 | Test Error 8.43
Train Loss 0.030
Train Loss 0.242
Train Loss 0.252
Train Loss 0.275
Train Loss 0.236
Train Loss 0.266
Train Loss 0.285
Train Loss 0.241
Epoch  73 | Time   131 | Train Loss 0.2571 | Test Loss 0.000 | Test Error 8.51
Train Loss 0.018
Train Loss 0.257
Train Loss 0.250
Train Loss 0.261
Train Loss 0.233
Train Loss 0.288
Train Loss 0.261
Train Loss 0.252
Epoch  74 | Time   132 | Train Loss 0.2409 | Test Loss 0.000 | Test Error 7.96
Train Loss 0.023
Train Loss 0.258
Train Loss 0.227
Train Loss 0.254
Train Loss 0.253
Train Loss 0.236
Train Loss 0.226
Train Loss 0.258
Epoch  75 | Time   132 | Train Loss 0.2414 | Test Loss 0.000 | Test Error 7.88
Train Loss 0.033
Train Loss 0.213
Train Loss 0.222
Train Loss 0.225
Train Loss 0.245
Train Loss 0.231
Train Loss 0.262
Train Loss 0.259
Epoch  76 | Time   132 | Train Loss 0.2635 | Test Loss 0.000 | Test Error 7.81
Train Loss 0.021
Train Loss 0.234
Train Loss 0.263
Train Loss 0.244
Train Loss 0.231
Train Loss 0.214
Train Loss 0.245
Train Loss 0.236
Epoch  77 | Time   132 | Train Loss 0.2630 | Test Loss 0.000 | Test Error 7.65
Train Loss 0.016
Train Loss 0.233
Train Loss 0.223
Train Loss 0.249
Train Loss 0.211
Train Loss 0.220
Train Loss 0.218
Train Loss 0.263
Epoch  78 | Time   131 | Train Loss 0.2238 | Test Loss 0.000 | Test Error 7.64
Train Loss 0.022
Train Loss 0.226
Train Loss 0.211
Train Loss 0.219
Train Loss 0.216
Train Loss 0.217
Train Loss 0.221
Train Loss 0.229
Epoch  79 | Time   132 | Train Loss 0.1976 | Test Loss 0.000 | Test Error 7.61
Train Loss 0.025
Train Loss 0.218
Train Loss 0.216
Train Loss 0.196
Train Loss 0.196
Train Loss 0.191
Train Loss 0.222
Train Loss 0.218
Epoch  80 | Time   133 | Train Loss 0.2150 | Test Loss 0.000 | Test Error 7.57
Train Loss 0.021
Train Loss 0.214
Train Loss 0.207
Train Loss 0.176
Train Loss 0.200
Train Loss 0.204
Train Loss 0.198
Train Loss 0.198
Epoch  81 | Time   131 | Train Loss 0.2362 | Test Loss 0.000 | Test Error 7.46
Train Loss 0.018
Train Loss 0.195
Train Loss 0.185
Train Loss 0.182
Train Loss 0.205
Train Loss 0.205
Train Loss 0.203
Train Loss 0.185
Epoch  82 | Time   131 | Train Loss 0.2044 | Test Loss 0.000 | Test Error 7.45
Train Loss 0.019
Train Loss 0.197
Train Loss 0.184
Train Loss 0.194
Train Loss 0.205
Train Loss 0.198
Train Loss 0.200
Train Loss 0.190
Epoch  83 | Time   131 | Train Loss 0.2031 | Test Loss 0.000 | Test Error 7.23
Train Loss 0.014
Train Loss 0.203
Train Loss 0.194
Train Loss 0.175
Train Loss 0.196
Train Loss 0.192
Train Loss 0.176
Train Loss 0.190
Epoch  84 | Time   131 | Train Loss 0.1888 | Test Loss 0.000 | Test Error 7.07
Train Loss 0.017
Train Loss 0.179
Train Loss 0.196
Train Loss 0.187
Train Loss 0.183
Train Loss 0.185
Train Loss 0.185
Train Loss 0.159
Epoch  85 | Time   131 | Train Loss 0.2124 | Test Loss 0.000 | Test Error 7.17
Train Loss 0.018
Train Loss 0.180
Train Loss 0.192
Train Loss 0.185
Train Loss 0.192
Train Loss 0.169
Train Loss 0.175
Train Loss 0.186
Epoch  86 | Time   132 | Train Loss 0.1696 | Test Loss 0.000 | Test Error 7.04
Train Loss 0.016
Train Loss 0.191
Train Loss 0.187
Train Loss 0.158
Train Loss 0.163
Train Loss 0.171
Train Loss 0.178
Train Loss 0.155
Epoch  87 | Time   131 | Train Loss 0.1665 | Test Loss 0.000 | Test Error 7.09
Train Loss 0.017
Train Loss 0.170
Train Loss 0.167
Train Loss 0.173
Train Loss 0.160
Train Loss 0.186
Train Loss 0.159
Train Loss 0.161
Epoch  88 | Time   131 | Train Loss 0.1896 | Test Loss 0.000 | Test Error 7.23
Train Loss 0.010
Train Loss 0.163
Train Loss 0.172
Train Loss 0.159
Train Loss 0.175
Train Loss 0.177
Train Loss 0.159
Train Loss 0.162
Epoch  89 | Time   131 | Train Loss 0.1550 | Test Loss 0.000 | Test Error 6.98
Train Loss 0.033
Train Loss 0.162
Train Loss 0.160
Train Loss 0.163
Train Loss 0.146
Train Loss 0.171
Train Loss 0.157
Train Loss 0.157
Epoch  90 | Time   131 | Train Loss 0.1574 | Test Loss 0.000 | Test Error 6.83
Train Loss 0.024
Train Loss 0.163
Train Loss 0.148
Train Loss 0.156
Train Loss 0.156
Train Loss 0.130
Train Loss 0.168
Train Loss 0.142
Epoch  91 | Time   131 | Train Loss 0.1566 | Test Loss 0.000 | Test Error 6.90
Train Loss 0.011
Train Loss 0.155
Train Loss 0.159
Train Loss 0.161
Train Loss 0.153
Train Loss 0.168
Train Loss 0.133
Train Loss 0.139
Epoch  92 | Time   131 | Train Loss 0.1330 | Test Loss 0.000 | Test Error 6.78
Train Loss 0.013
Train Loss 0.140
Train Loss 0.156
Train Loss 0.160
Train Loss 0.158
Train Loss 0.144
Train Loss 0.148
Train Loss 0.137
Epoch  93 | Time   131 | Train Loss 0.1354 | Test Loss 0.000 | Test Error 6.62
Train Loss 0.013
Train Loss 0.134
Train Loss 0.139
Train Loss 0.160
Train Loss 0.163
Train Loss 0.143
Train Loss 0.156
Train Loss 0.146
Epoch  94 | Time   131 | Train Loss 0.1341 | Test Loss 0.000 | Test Error 6.79
Train Loss 0.012
Train Loss 0.147
Train Loss 0.142
Train Loss 0.143
Train Loss 0.126
Train Loss 0.118
Train Loss 0.137
Train Loss 0.144
Epoch  95 | Time   131 | Train Loss 0.1355 | Test Loss 0.000 | Test Error 6.67
Train Loss 0.014
Train Loss 0.135
Train Loss 0.132
Train Loss 0.145
Train Loss 0.121
Train Loss 0.119
Train Loss 0.123
Train Loss 0.135
Epoch  96 | Time   132 | Train Loss 0.1264 | Test Loss 0.000 | Test Error 6.63
Train Loss 0.025
Train Loss 0.113
Train Loss 0.134
Train Loss 0.144
Train Loss 0.130
Train Loss 0.141
Train Loss 0.131
Train Loss 0.132
Epoch  97 | Time   128 | Train Loss 0.1340 | Test Loss 0.000 | Test Error 6.64
Train Loss 0.011
Train Loss 0.119
Train Loss 0.126
Train Loss 0.127
Train Loss 0.134
Train Loss 0.124
Train Loss 0.134
Train Loss 0.142
Epoch  98 | Time   129 | Train Loss 0.1249 | Test Loss 0.000 | Test Error 6.56
Train Loss 0.017
Train Loss 0.123
Train Loss 0.121
Train Loss 0.130
Train Loss 0.125
Train Loss 0.161
Train Loss 0.134
Train Loss 0.159
Epoch  99 | Time   128 | Train Loss 0.1256 | Test Loss 0.000 | Test Error 6.65
Train Loss 0.012
Train Loss 0.128
Train Loss 0.126
Train Loss 0.135
Train Loss 0.134
Train Loss 0.131
Train Loss 0.143
Train Loss 0.142
Epoch 100 | Time   128 | Train Loss 0.1549 | Test Loss 0.000 | Test Error 6.68
gaussian_noise
	Test Loss 0.001 | Test Error 17.268
shot_noise
	Test Loss 0.001 | Test Error 13.934
impulse_noise
	Test Loss 0.001 | Test Error 19.044
defocus_blur
	Test Loss 0.000 | Test Error 8.080
glass_blur
	Test Loss 0.001 | Test Error 19.240
motion_blur
	Test Loss 0.000 | Test Error 10.168
zoom_blur
	Test Loss 0.000 | Test Error 9.078
snow
	Test Loss 0.000 | Test Error 12.112
frost
	Test Loss 0.000 | Test Error 12.346
fog
	Test Loss 0.000 | Test Error 12.504
brightness
	Test Loss 0.000 | Test Error 7.768
contrast
	Test Loss 0.000 | Test Error 12.880
elastic_transform
	Test Loss 0.000 | Test Error 10.504
pixelate
	Test Loss 0.000 | Test Error 10.402
jpeg_compression
	Test Loss 0.000 | Test Error 11.414
Mean Corruption Error: 12.449
