/home/g051304/.conda/envs/dl21/lib/python3.10/site-packages/torch/utils/data/dataloader.py:563: UserWarning: This DataLoader will create 4 worker processes in total. Our suggested max number of worker in current system is 2, which is smaller than what this DataLoader is going to create. Please be aware that excessive worker creation might get DataLoader running slow or even freeze, lower the worker number to avoid potential slowness/freeze if necessary.
  warnings.warn(_create_warning_msg(
/home/g051304/.conda/envs/dl21/lib/python3.10/site-packages/torchvision/models/_utils.py:208: UserWarning: The parameter 'pretrained' is deprecated since 0.13 and will be removed in 0.15, please use 'weights' instead.
  warnings.warn(
/home/g051304/.conda/envs/dl21/lib/python3.10/site-packages/torchvision/models/_utils.py:223: UserWarning: Arguments other than a weight enum or `None` for 'weights' are deprecated since 0.13 and will be removed in 0.15. The current behavior is equivalent to passing `weights=ResNet18_Weights.IMAGENET1K_V1`. You can also use `weights=ResNet18_Weights.DEFAULT` to get the most up-to-date weights.
  warnings.warn(msg)
Files already downloaded and verified
Files already downloaded and verified
Beginning training from epoch: 1
Train Loss 0.314
Train Loss 1.720
Train Loss 1.438
Train Loss 1.290
Train Loss 1.253
Train Loss 1.187
Train Loss 1.124
Train Loss 1.123
Epoch   1 | Time   105 | Train Loss 1.1070 | Test Loss 0.001 | Test Error 26.12
Train Loss 0.099
Train Loss 1.055
Train Loss 1.068
Train Loss 0.996
Train Loss 1.033
Train Loss 1.004
Train Loss 0.972
Train Loss 0.996
Epoch   2 | Time    87 | Train Loss 0.9783 | Test Loss 0.001 | Test Error 22.22
Train Loss 0.093
Train Loss 0.941
Train Loss 0.952
Train Loss 0.930
Train Loss 0.882
Train Loss 0.935
Train Loss 0.865
Train Loss 0.900
Epoch   3 | Time    88 | Train Loss 0.9032 | Test Loss 0.001 | Test Error 22.21
Train Loss 0.101
Train Loss 0.908
Train Loss 0.917
Train Loss 0.888
Train Loss 0.859
Train Loss 0.857
Train Loss 0.876
Train Loss 0.892
Epoch   4 | Time    88 | Train Loss 0.8597 | Test Loss 0.001 | Test Error 19.45
Train Loss 0.092
Train Loss 0.834
Train Loss 0.855
Train Loss 0.849
Train Loss 0.799
Train Loss 0.814
Train Loss 0.827
Train Loss 0.834
Epoch   5 | Time    88 | Train Loss 0.8162 | Test Loss 0.001 | Test Error 19.25
Train Loss 0.070
Train Loss 0.804
Train Loss 0.768
Train Loss 0.817
Train Loss 0.816
Train Loss 0.799
Train Loss 0.802
Train Loss 0.789
Epoch   6 | Time    87 | Train Loss 0.8140 | Test Loss 0.001 | Test Error 18.78
Train Loss 0.064
Train Loss 0.753
Train Loss 0.767
Train Loss 0.791
Train Loss 0.774
Train Loss 0.772
Train Loss 0.737
Train Loss 0.774
Epoch   7 | Time    87 | Train Loss 0.7635 | Test Loss 0.001 | Test Error 18.04
Train Loss 0.068
Train Loss 0.754
Train Loss 0.743
Train Loss 0.750
Train Loss 0.727
Train Loss 0.774
Train Loss 0.722
Train Loss 0.779
Epoch   8 | Time    88 | Train Loss 0.7745 | Test Loss 0.001 | Test Error 18.11
Train Loss 0.071
Train Loss 0.745
Train Loss 0.733
Train Loss 0.743
Train Loss 0.747
Train Loss 0.747
Train Loss 0.726
Train Loss 0.774
Epoch   9 | Time    88 | Train Loss 0.7320 | Test Loss 0.001 | Test Error 17.07
Train Loss 0.071
Train Loss 0.729
Train Loss 0.746
Train Loss 0.734
Train Loss 0.713
Train Loss 0.743
Train Loss 0.718
Train Loss 0.716
Epoch  10 | Time    86 | Train Loss 0.7431 | Test Loss 0.001 | Test Error 17.46
Train Loss 0.067
Train Loss 0.728
Train Loss 0.694
Train Loss 0.707
Train Loss 0.711
Train Loss 0.753
Train Loss 0.737
Train Loss 0.685
Epoch  11 | Time    87 | Train Loss 0.7341 | Test Loss 0.001 | Test Error 17.43
Train Loss 0.061
Train Loss 0.690
Train Loss 0.687
Train Loss 0.680
Train Loss 0.692
Train Loss 0.677
Train Loss 0.729
Train Loss 0.691
Epoch  12 | Time    87 | Train Loss 0.7218 | Test Loss 0.000 | Test Error 16.37
Train Loss 0.069
Train Loss 0.649
Train Loss 0.682
Train Loss 0.699
Train Loss 0.670
Train Loss 0.694
Train Loss 0.736
Train Loss 0.711
Epoch  13 | Time    87 | Train Loss 0.7091 | Test Loss 0.001 | Test Error 16.82
Train Loss 0.058
Train Loss 0.690
Train Loss 0.669
Train Loss 0.689
Train Loss 0.660
Train Loss 0.678
Train Loss 0.625
Train Loss 0.720
Epoch  14 | Time    87 | Train Loss 0.6722 | Test Loss 0.000 | Test Error 16.12
Train Loss 0.060
Train Loss 0.692
Train Loss 0.677
Train Loss 0.682
Train Loss 0.677
Train Loss 0.669
Train Loss 0.703
Train Loss 0.688
Epoch  15 | Time    87 | Train Loss 0.6562 | Test Loss 0.000 | Test Error 15.92
Train Loss 0.054
Train Loss 0.668
Train Loss 0.640
Train Loss 0.645
Train Loss 0.665
Train Loss 0.671
Train Loss 0.666
Train Loss 0.653
Epoch  16 | Time    87 | Train Loss 0.6409 | Test Loss 0.000 | Test Error 15.66
Train Loss 0.047
Train Loss 0.628
Train Loss 0.635
Train Loss 0.651
Train Loss 0.666
Train Loss 0.649
Train Loss 0.653
Train Loss 0.625
Epoch  17 | Time    87 | Train Loss 0.6659 | Test Loss 0.000 | Test Error 16.54
Train Loss 0.048
Train Loss 0.613
Train Loss 0.652
Train Loss 0.648
Train Loss 0.657
Train Loss 0.677
Train Loss 0.650
Train Loss 0.641
Epoch  18 | Time    88 | Train Loss 0.6787 | Test Loss 0.000 | Test Error 15.80
Train Loss 0.063
Train Loss 0.633
Train Loss 0.622
Train Loss 0.649
Train Loss 0.679
Train Loss 0.663
Train Loss 0.639
Train Loss 0.678
Epoch  19 | Time    87 | Train Loss 0.6362 | Test Loss 0.000 | Test Error 14.97
Train Loss 0.074
Train Loss 0.617
Train Loss 0.610
Train Loss 0.665
Train Loss 0.658
Train Loss 0.642
Train Loss 0.644
Train Loss 0.677
Epoch  20 | Time    87 | Train Loss 0.6311 | Test Loss 0.000 | Test Error 15.34
Train Loss 0.067
Train Loss 0.597
Train Loss 0.609
Train Loss 0.633
Train Loss 0.659
Train Loss 0.619
Train Loss 0.617
Train Loss 0.617
Epoch  21 | Time    87 | Train Loss 0.6364 | Test Loss 0.000 | Test Error 15.29
Train Loss 0.076
Train Loss 0.600
Train Loss 0.599
Train Loss 0.622
Train Loss 0.617
Train Loss 0.610
Train Loss 0.599
Train Loss 0.643
Epoch  22 | Time    88 | Train Loss 0.6196 | Test Loss 0.000 | Test Error 15.87
Train Loss 0.062
Train Loss 0.592
Train Loss 0.594
Train Loss 0.617
Train Loss 0.641
Train Loss 0.622
Train Loss 0.596
Train Loss 0.643
Epoch  23 | Time    88 | Train Loss 0.6042 | Test Loss 0.000 | Test Error 15.32
Train Loss 0.061
Train Loss 0.582
Train Loss 0.642
Train Loss 0.607
Train Loss 0.592
Train Loss 0.574
Train Loss 0.597
Train Loss 0.577
Epoch  24 | Time    87 | Train Loss 0.6481 | Test Loss 0.000 | Test Error 14.89
Train Loss 0.069
Train Loss 0.588
Train Loss 0.608
Train Loss 0.604
Train Loss 0.595
Train Loss 0.600
Train Loss 0.664
Train Loss 0.612
Epoch  25 | Time    87 | Train Loss 0.6234 | Test Loss 0.000 | Test Error 14.34
Train Loss 0.051
Train Loss 0.588
Train Loss 0.584
Train Loss 0.609
Train Loss 0.590
Train Loss 0.619
Train Loss 0.595
Train Loss 0.578
Epoch  26 | Time    87 | Train Loss 0.6214 | Test Loss 0.000 | Test Error 14.98
Train Loss 0.059
Train Loss 0.557
Train Loss 0.578
Train Loss 0.620
Train Loss 0.607
Train Loss 0.603
Train Loss 0.593
Train Loss 0.623
Epoch  27 | Time    88 | Train Loss 0.6336 | Test Loss 0.000 | Test Error 15.57
Train Loss 0.047
Train Loss 0.571
Train Loss 0.586
Train Loss 0.587
Train Loss 0.611
Train Loss 0.577
Train Loss 0.586
Train Loss 0.597
Epoch  28 | Time    87 | Train Loss 0.6399 | Test Loss 0.000 | Test Error 14.66
Train Loss 0.057
Train Loss 0.570
Train Loss 0.567
Train Loss 0.580
Train Loss 0.581
Train Loss 0.594
Train Loss 0.581
Train Loss 0.571
Epoch  29 | Time    87 | Train Loss 0.6078 | Test Loss 0.000 | Test Error 15.17
Train Loss 0.056
Train Loss 0.589
Train Loss 0.604
Train Loss 0.574
Train Loss 0.557
Train Loss 0.569
Train Loss 0.611
Train Loss 0.579
Epoch  30 | Time    87 | Train Loss 0.5827 | Test Loss 0.000 | Test Error 14.34
Train Loss 0.053
Train Loss 0.524
Train Loss 0.596
Train Loss 0.559
Train Loss 0.575
Train Loss 0.611
Train Loss 0.598
Train Loss 0.573
Epoch  31 | Time    88 | Train Loss 0.5958 | Test Loss 0.000 | Test Error 15.53
Train Loss 0.045
Train Loss 0.555
Train Loss 0.562
Train Loss 0.552
Train Loss 0.584
Train Loss 0.545
Train Loss 0.579
Train Loss 0.590
Epoch  32 | Time    87 | Train Loss 0.5996 | Test Loss 0.000 | Test Error 14.59
Train Loss 0.059
Train Loss 0.553
Train Loss 0.574
Train Loss 0.568
Train Loss 0.574
Train Loss 0.558
Train Loss 0.558
Train Loss 0.577
Epoch  33 | Time    88 | Train Loss 0.5779 | Test Loss 0.000 | Test Error 15.30
Train Loss 0.051
Train Loss 0.581
Train Loss 0.553
Train Loss 0.570
Train Loss 0.578
Train Loss 0.564
Train Loss 0.537
Train Loss 0.572
Epoch  34 | Time    87 | Train Loss 0.5710 | Test Loss 0.000 | Test Error 15.25
Train Loss 0.063
Train Loss 0.528
Train Loss 0.538
Train Loss 0.547
Train Loss 0.544
Train Loss 0.595
Train Loss 0.537
Train Loss 0.558
Epoch  35 | Time    87 | Train Loss 0.5988 | Test Loss 0.000 | Test Error 15.34
Train Loss 0.044
Train Loss 0.539
Train Loss 0.539
Train Loss 0.535
Train Loss 0.547
Train Loss 0.549
Train Loss 0.583
Train Loss 0.558
Epoch  36 | Time    87 | Train Loss 0.5559 | Test Loss 0.000 | Test Error 14.98
Train Loss 0.045
Train Loss 0.494
Train Loss 0.571
Train Loss 0.543
Train Loss 0.540
Train Loss 0.554
Train Loss 0.558
Train Loss 0.574
Epoch  37 | Time    87 | Train Loss 0.5564 | Test Loss 0.000 | Test Error 14.74
Train Loss 0.050
Train Loss 0.566
Train Loss 0.525
Train Loss 0.520
Train Loss 0.559
Train Loss 0.554
Train Loss 0.526
Train Loss 0.553
Epoch  38 | Time    88 | Train Loss 0.5600 | Test Loss 0.000 | Test Error 14.46
Train Loss 0.057
Train Loss 0.533
Train Loss 0.518
Train Loss 0.543
Train Loss 0.534
Train Loss 0.555
Train Loss 0.568
Train Loss 0.558
Epoch  39 | Time    87 | Train Loss 0.5272 | Test Loss 0.000 | Test Error 14.01
Train Loss 0.048
Train Loss 0.503
Train Loss 0.521
Train Loss 0.528
Train Loss 0.543
Train Loss 0.540
Train Loss 0.517
Train Loss 0.530
Epoch  40 | Time    87 | Train Loss 0.5096 | Test Loss 0.000 | Test Error 14.62
Train Loss 0.053
Train Loss 0.541
Train Loss 0.533
Train Loss 0.531
Train Loss 0.535
Train Loss 0.510
Train Loss 0.548
Train Loss 0.539
Epoch  41 | Time    87 | Train Loss 0.5395 | Test Loss 0.000 | Test Error 14.13
Train Loss 0.035
Train Loss 0.484
Train Loss 0.509
Train Loss 0.537
Train Loss 0.516
Train Loss 0.521
Train Loss 0.524
Train Loss 0.536
Epoch  42 | Time    88 | Train Loss 0.5185 | Test Loss 0.000 | Test Error 14.55
Train Loss 0.042
Train Loss 0.512
Train Loss 0.542
Train Loss 0.493
Train Loss 0.513
Train Loss 0.498
Train Loss 0.508
Train Loss 0.528
Epoch  43 | Time    88 | Train Loss 0.5135 | Test Loss 0.000 | Test Error 13.90
Train Loss 0.047
Train Loss 0.490
Train Loss 0.535
Train Loss 0.534
Train Loss 0.497
Train Loss 0.546
Train Loss 0.526
Train Loss 0.510
Epoch  44 | Time    86 | Train Loss 0.5162 | Test Loss 0.000 | Test Error 14.28
Train Loss 0.050
Train Loss 0.488
Train Loss 0.491
Train Loss 0.517
Train Loss 0.511
Train Loss 0.507
Train Loss 0.533
Train Loss 0.502
Epoch  45 | Time    87 | Train Loss 0.5128 | Test Loss 0.000 | Test Error 14.07
Train Loss 0.050
Train Loss 0.502
Train Loss 0.490
Train Loss 0.515
Train Loss 0.475
Train Loss 0.493
Train Loss 0.497
Train Loss 0.520
Epoch  46 | Time    88 | Train Loss 0.5236 | Test Loss 0.000 | Test Error 14.07
Train Loss 0.061
Train Loss 0.487
Train Loss 0.506
Train Loss 0.477
Train Loss 0.466
Train Loss 0.535
Train Loss 0.493
Train Loss 0.510
Epoch  47 | Time    88 | Train Loss 0.5009 | Test Loss 0.000 | Test Error 13.67
Train Loss 0.036
Train Loss 0.487
Train Loss 0.445
Train Loss 0.493
Train Loss 0.480
Train Loss 0.507
Train Loss 0.473
Train Loss 0.493
Epoch  48 | Time    86 | Train Loss 0.5463 | Test Loss 0.000 | Test Error 14.34
Train Loss 0.038
Train Loss 0.453
Train Loss 0.488
Train Loss 0.510
Train Loss 0.485
Train Loss 0.470
Train Loss 0.459
Train Loss 0.500
Epoch  49 | Time    87 | Train Loss 0.4658 | Test Loss 0.000 | Test Error 13.74
Train Loss 0.041
Train Loss 0.490
Train Loss 0.476
Train Loss 0.466
Train Loss 0.540
Train Loss 0.510
Train Loss 0.480
Train Loss 0.517
Epoch  50 | Time    88 | Train Loss 0.5056 | Test Loss 0.000 | Test Error 13.25
Train Loss 0.043
Train Loss 0.453
Train Loss 0.460
Train Loss 0.487
Train Loss 0.444
Train Loss 0.490
Train Loss 0.463
Train Loss 0.498
Epoch  51 | Time    87 | Train Loss 0.5062 | Test Loss 0.000 | Test Error 13.38
Train Loss 0.038
Train Loss 0.460
Train Loss 0.455
Train Loss 0.490
Train Loss 0.467
Train Loss 0.477
Train Loss 0.466
Train Loss 0.430
Epoch  52 | Time    87 | Train Loss 0.4645 | Test Loss 0.000 | Test Error 13.35
Train Loss 0.032
Train Loss 0.423
Train Loss 0.452
Train Loss 0.475
Train Loss 0.477
Train Loss 0.455
Train Loss 0.461
Train Loss 0.485
Epoch  53 | Time    87 | Train Loss 0.4543 | Test Loss 0.000 | Test Error 13.31
Train Loss 0.050
Train Loss 0.449
Train Loss 0.461
Train Loss 0.476
Train Loss 0.483
Train Loss 0.448
Train Loss 0.459
Train Loss 0.472
Epoch  54 | Time    87 | Train Loss 0.4671 | Test Loss 0.000 | Test Error 13.34
Train Loss 0.043
Train Loss 0.448
Train Loss 0.448
Train Loss 0.449
Train Loss 0.457
Train Loss 0.466
Train Loss 0.491
Train Loss 0.425
Epoch  55 | Time    87 | Train Loss 0.4269 | Test Loss 0.000 | Test Error 13.30
Train Loss 0.053
Train Loss 0.437
Train Loss 0.445
Train Loss 0.434
Train Loss 0.454
Train Loss 0.466
Train Loss 0.452
Train Loss 0.466
Epoch  56 | Time    86 | Train Loss 0.4547 | Test Loss 0.000 | Test Error 13.47
Train Loss 0.043
Train Loss 0.446
Train Loss 0.437
Train Loss 0.450
Train Loss 0.461
Train Loss 0.454
Train Loss 0.438
Train Loss 0.461
Epoch  57 | Time    87 | Train Loss 0.4490 | Test Loss 0.000 | Test Error 13.02
Train Loss 0.043
Train Loss 0.424
Train Loss 0.427
Train Loss 0.414
Train Loss 0.431
Train Loss 0.473
Train Loss 0.464
Train Loss 0.404
Epoch  58 | Time    88 | Train Loss 0.4500 | Test Loss 0.000 | Test Error 12.67
Train Loss 0.044
Train Loss 0.374
Train Loss 0.409
Train Loss 0.440
Train Loss 0.454
Train Loss 0.435
Train Loss 0.411
Train Loss 0.422
Epoch  59 | Time    87 | Train Loss 0.4401 | Test Loss 0.000 | Test Error 13.05
Train Loss 0.026
Train Loss 0.399
Train Loss 0.426
Train Loss 0.427
Train Loss 0.433
Train Loss 0.427
Train Loss 0.420
Train Loss 0.430
Epoch  60 | Time    87 | Train Loss 0.4219 | Test Loss 0.000 | Test Error 13.10
Train Loss 0.040
Train Loss 0.423
Train Loss 0.410
Train Loss 0.441
Train Loss 0.386
Train Loss 0.434
Train Loss 0.401
Train Loss 0.378
Epoch  61 | Time    87 | Train Loss 0.4328 | Test Loss 0.000 | Test Error 13.07
Train Loss 0.034
Train Loss 0.425
Train Loss 0.401
Train Loss 0.420
Train Loss 0.385
Train Loss 0.380
Train Loss 0.401
Train Loss 0.432
Epoch  62 | Time    86 | Train Loss 0.4244 | Test Loss 0.000 | Test Error 13.12
Train Loss 0.047
Train Loss 0.406
Train Loss 0.395
Train Loss 0.416
Train Loss 0.385
Train Loss 0.387
Train Loss 0.402
Train Loss 0.377
Epoch  63 | Time    88 | Train Loss 0.3957 | Test Loss 0.000 | Test Error 12.51
Train Loss 0.034
Train Loss 0.405
Train Loss 0.393
Train Loss 0.419
Train Loss 0.410
Train Loss 0.397
Train Loss 0.421
Train Loss 0.392
Epoch  64 | Time    87 | Train Loss 0.4145 | Test Loss 0.000 | Test Error 12.80
Train Loss 0.037
Train Loss 0.408
Train Loss 0.358
Train Loss 0.415
Train Loss 0.433
Train Loss 0.384
Train Loss 0.392
Train Loss 0.406
Epoch  65 | Time    88 | Train Loss 0.4182 | Test Loss 0.000 | Test Error 12.91
Train Loss 0.043
Train Loss 0.383
Train Loss 0.382
Train Loss 0.391
Train Loss 0.378
Train Loss 0.381
Train Loss 0.429
Train Loss 0.410
Epoch  66 | Time    88 | Train Loss 0.4151 | Test Loss 0.000 | Test Error 12.44
Train Loss 0.037
Train Loss 0.397
Train Loss 0.369
Train Loss 0.355
Train Loss 0.383
Train Loss 0.389
Train Loss 0.375
Train Loss 0.364
Epoch  67 | Time    87 | Train Loss 0.3973 | Test Loss 0.000 | Test Error 12.39
Train Loss 0.030
Train Loss 0.346
Train Loss 0.388
Train Loss 0.383
Train Loss 0.334
Train Loss 0.365
Train Loss 0.369
Train Loss 0.395
Epoch  68 | Time    87 | Train Loss 0.3849 | Test Loss 0.000 | Test Error 12.78
Train Loss 0.028
Train Loss 0.346
Train Loss 0.376
Train Loss 0.347
Train Loss 0.349
Train Loss 0.368
Train Loss 0.384
Train Loss 0.400
Epoch  69 | Time    87 | Train Loss 0.3622 | Test Loss 0.000 | Test Error 12.23
Train Loss 0.038
Train Loss 0.361
Train Loss 0.377
Train Loss 0.382
Train Loss 0.383
Train Loss 0.356
Train Loss 0.365
Train Loss 0.349
Epoch  70 | Time    87 | Train Loss 0.3645 | Test Loss 0.000 | Test Error 12.30
Train Loss 0.047
Train Loss 0.353
Train Loss 0.339
Train Loss 0.349
Train Loss 0.336
Train Loss 0.367
Train Loss 0.370
Train Loss 0.350
Epoch  71 | Time    87 | Train Loss 0.3362 | Test Loss 0.000 | Test Error 12.27
Train Loss 0.027
Train Loss 0.331
Train Loss 0.341
Train Loss 0.373
Train Loss 0.355
Train Loss 0.325
Train Loss 0.341
Train Loss 0.359
Epoch  72 | Time    87 | Train Loss 0.3467 | Test Loss 0.000 | Test Error 12.17
Train Loss 0.020
Train Loss 0.346
Train Loss 0.344
Train Loss 0.354
Train Loss 0.324
Train Loss 0.321
Train Loss 0.346
Train Loss 0.370
Epoch  73 | Time    88 | Train Loss 0.3488 | Test Loss 0.000 | Test Error 12.64
Train Loss 0.034
Train Loss 0.335
Train Loss 0.327
Train Loss 0.333
Train Loss 0.339
Train Loss 0.361
Train Loss 0.347
Train Loss 0.332
Epoch  74 | Time    87 | Train Loss 0.3388 | Test Loss 0.000 | Test Error 12.30
Train Loss 0.033
Train Loss 0.332
Train Loss 0.343
Train Loss 0.318
Train Loss 0.333
Train Loss 0.313
Train Loss 0.307
Train Loss 0.334
Epoch  75 | Time    88 | Train Loss 0.3569 | Test Loss 0.000 | Test Error 12.06
Train Loss 0.042
Train Loss 0.313
Train Loss 0.334
Train Loss 0.354
Train Loss 0.308
Train Loss 0.312
Train Loss 0.298
Train Loss 0.296
Epoch  76 | Time    86 | Train Loss 0.3252 | Test Loss 0.000 | Test Error 12.42
Train Loss 0.030
Train Loss 0.304
Train Loss 0.317
Train Loss 0.326
Train Loss 0.332
Train Loss 0.354
Train Loss 0.332
Train Loss 0.305
Epoch  77 | Time    87 | Train Loss 0.3093 | Test Loss 0.000 | Test Error 11.85
Train Loss 0.040
Train Loss 0.296
Train Loss 0.301
Train Loss 0.321
Train Loss 0.301
Train Loss 0.315
Train Loss 0.309
Train Loss 0.276
Epoch  78 | Time    87 | Train Loss 0.2916 | Test Loss 0.000 | Test Error 12.08
Train Loss 0.022
Train Loss 0.303
Train Loss 0.298
Train Loss 0.291
Train Loss 0.326
Train Loss 0.294
Train Loss 0.320
Train Loss 0.325
Epoch  79 | Time    87 | Train Loss 0.3109 | Test Loss 0.000 | Test Error 11.99
Train Loss 0.031
Train Loss 0.301
Train Loss 0.308
Train Loss 0.294
Train Loss 0.279
Train Loss 0.302
Train Loss 0.275
Train Loss 0.331
Epoch  80 | Time    87 | Train Loss 0.3072 | Test Loss 0.000 | Test Error 11.74
Train Loss 0.030
Train Loss 0.286
Train Loss 0.275
Train Loss 0.280
Train Loss 0.296
Train Loss 0.292
Train Loss 0.299
Train Loss 0.305
Epoch  81 | Time    88 | Train Loss 0.2907 | Test Loss 0.000 | Test Error 12.09
Train Loss 0.035
Train Loss 0.299
Train Loss 0.281
Train Loss 0.271
Train Loss 0.292
Train Loss 0.276
Train Loss 0.299
Train Loss 0.302
Epoch  82 | Time    88 | Train Loss 0.2950 | Test Loss 0.000 | Test Error 11.94
Train Loss 0.026
Train Loss 0.286
Train Loss 0.280
Train Loss 0.289
Train Loss 0.267
Train Loss 0.276
Train Loss 0.286
Train Loss 0.281
Epoch  83 | Time    88 | Train Loss 0.2793 | Test Loss 0.000 | Test Error 11.87
Train Loss 0.021
Train Loss 0.293
Train Loss 0.275
Train Loss 0.282
Train Loss 0.284
Train Loss 0.268
Train Loss 0.270
Train Loss 0.249
Epoch  84 | Time    87 | Train Loss 0.2796 | Test Loss 0.000 | Test Error 11.51
Train Loss 0.025
Train Loss 0.286
Train Loss 0.272
Train Loss 0.282
Train Loss 0.291
Train Loss 0.253
Train Loss 0.263
Train Loss 0.273
Epoch  85 | Time    87 | Train Loss 0.2895 | Test Loss 0.000 | Test Error 11.94
Train Loss 0.025
Train Loss 0.256
Train Loss 0.259
Train Loss 0.302
Train Loss 0.256
Train Loss 0.272
Train Loss 0.271
Train Loss 0.255
Epoch  86 | Time    87 | Train Loss 0.2792 | Test Loss 0.000 | Test Error 11.52
Train Loss 0.013
Train Loss 0.238
Train Loss 0.264
Train Loss 0.264
Train Loss 0.271
Train Loss 0.270
Train Loss 0.258
Train Loss 0.257
Epoch  87 | Time    86 | Train Loss 0.2686 | Test Loss 0.000 | Test Error 11.46
Train Loss 0.023
Train Loss 0.274
Train Loss 0.274
Train Loss 0.244
Train Loss 0.293
Train Loss 0.237
Train Loss 0.266
Train Loss 0.290
Epoch  88 | Time    87 | Train Loss 0.2496 | Test Loss 0.000 | Test Error 11.61
Train Loss 0.032
Train Loss 0.236
Train Loss 0.235
Train Loss 0.231
Train Loss 0.235
Train Loss 0.226
Train Loss 0.227
Train Loss 0.258
Epoch  89 | Time    87 | Train Loss 0.2592 | Test Loss 0.000 | Test Error 11.61
Train Loss 0.016
Train Loss 0.264
Train Loss 0.254
Train Loss 0.256
Train Loss 0.285
Train Loss 0.242
Train Loss 0.240
Train Loss 0.254
Epoch  90 | Time    86 | Train Loss 0.2167 | Test Loss 0.000 | Test Error 11.50
Train Loss 0.015
Train Loss 0.236
Train Loss 0.241
Train Loss 0.254
Train Loss 0.259
Train Loss 0.244
Train Loss 0.252
Train Loss 0.210
Epoch  91 | Time    87 | Train Loss 0.2365 | Test Loss 0.000 | Test Error 11.40
Train Loss 0.015
Train Loss 0.255
Train Loss 0.213
Train Loss 0.221
Train Loss 0.266
Train Loss 0.240
Train Loss 0.251
Train Loss 0.243
Epoch  92 | Time    87 | Train Loss 0.2238 | Test Loss 0.000 | Test Error 11.38
Train Loss 0.033
Train Loss 0.228
Train Loss 0.233
Train Loss 0.207
Train Loss 0.229
Train Loss 0.235
Train Loss 0.259
Train Loss 0.237
Epoch  93 | Time    87 | Train Loss 0.2279 | Test Loss 0.000 | Test Error 11.45
Train Loss 0.021
Train Loss 0.246
Train Loss 0.225
Train Loss 0.213
Train Loss 0.253
Train Loss 0.210
Train Loss 0.247
Train Loss 0.223
Epoch  94 | Time    86 | Train Loss 0.2195 | Test Loss 0.000 | Test Error 11.35
Train Loss 0.021
Train Loss 0.262
Train Loss 0.225
Train Loss 0.220
Train Loss 0.230
Train Loss 0.256
Train Loss 0.216
Train Loss 0.205
Epoch  95 | Time    87 | Train Loss 0.2477 | Test Loss 0.000 | Test Error 11.25
Train Loss 0.022
Train Loss 0.222
Train Loss 0.220
Train Loss 0.231
Train Loss 0.232
Train Loss 0.222
Train Loss 0.233
Train Loss 0.231
Epoch  96 | Time    87 | Train Loss 0.2400 | Test Loss 0.000 | Test Error 11.19
Train Loss 0.027
Train Loss 0.234
Train Loss 0.214
Train Loss 0.230
Train Loss 0.247
Train Loss 0.211
Train Loss 0.256
Train Loss 0.247
Epoch  97 | Time    87 | Train Loss 0.2258 | Test Loss 0.000 | Test Error 11.29
Train Loss 0.019
Train Loss 0.227
Train Loss 0.246
Train Loss 0.213
Train Loss 0.221
Train Loss 0.240
Train Loss 0.238
Train Loss 0.253
Epoch  98 | Time    86 | Train Loss 0.2338 | Test Loss 0.000 | Test Error 11.37
Train Loss 0.036
Train Loss 0.206
Train Loss 0.218
Train Loss 0.243
Train Loss 0.217
Train Loss 0.219
Train Loss 0.255
Train Loss 0.222
Epoch  99 | Time    87 | Train Loss 0.2510 | Test Loss 0.000 | Test Error 11.27
Train Loss 0.016
Train Loss 0.222
Train Loss 0.232
Train Loss 0.242
Train Loss 0.210
Train Loss 0.210
Train Loss 0.216
Train Loss 0.246
Epoch 100 | Time    87 | Train Loss 0.2215 | Test Loss 0.000 | Test Error 11.32
gaussian_noise
	Test Loss 0.001 | Test Error 17.436
shot_noise
	Test Loss 0.001 | Test Error 15.670
impulse_noise
	Test Loss 0.001 | Test Error 22.278
defocus_blur
	Test Loss 0.000 | Test Error 12.726
glass_blur
	Test Loss 0.001 | Test Error 21.048
motion_blur
	Test Loss 0.000 | Test Error 15.246
zoom_blur
	Test Loss 0.000 | Test Error 14.116
snow
	Test Loss 0.001 | Test Error 17.660
frost
	Test Loss 0.001 | Test Error 17.062
fog
	Test Loss 0.001 | Test Error 19.594
brightness
	Test Loss 0.000 | Test Error 13.178
contrast
	Test Loss 0.001 | Test Error 21.948
elastic_transform
	Test Loss 0.001 | Test Error 15.598
pixelate
	Test Loss 0.000 | Test Error 13.492
jpeg_compression
	Test Loss 0.000 | Test Error 14.652
Mean Corruption Error: 16.780
